

================================================================
== Vivado HLS Report for 'kernel2'
================================================================
* Date:           Sat May  8 03:46:33 2021

* Version:        2019.2 (Build 2704478 on Wed Nov 06 22:10:23 MST 2019)
* Project:        prj_kernel2
* Solution:       dependence
* Product family: kintex7
* Target device:  xc7k160t-fbg484-1


================================================================
== Performance Estimates
================================================================
+ Timing: 
    * Summary: 
    +--------+----------+----------+------------+
    |  Clock |  Target  | Estimated| Uncertainty|
    +--------+----------+----------+------------+
    |ap_clk  | 10.00 ns | 8.365 ns |   1.25 ns  |
    +--------+----------+----------+------------+

+ Latency: 
    * Summary: 
    +---------+---------+-----------+-----------+------+------+---------+
    |  Latency (cycles) |   Latency (absolute)  |   Interval  | Pipeline|
    |   min   |   max   |    min    |    max    |  min |  max |   Type  |
    +---------+---------+-----------+-----------+------+------+---------+
    |     2045|     2045| 20.450 us | 20.450 us |  2045|  2045|   none  |
    +---------+---------+-----------+-----------+------+------+---------+

    + Detail: 
        * Instance: 
        N/A

        * Loop: 
        +----------+---------+---------+----------+-----------+-----------+------+----------+
        |          |  Latency (cycles) | Iteration|  Initiation Interval  | Trip |          |
        | Loop Name|   min   |   max   |  Latency |  achieved |   target  | Count| Pipelined|
        +----------+---------+---------+----------+-----------+-----------+------+----------+
        |- loop    |     2043|     2043|         4|          2|          1|  1021|    yes   |
        +----------+---------+---------+----------+-----------+-----------+------+----------+

============================================================
+ Verbose Summary: Synthesis Manager
============================================================
InlineROM: 1
ExposeGlobal: 0
============================================================
+ Verbose Summary: CDFG Model
============================================================
IsTopModel: 1
ResetActiveHigh: 1
IsCombinational: 0
IsDatapathOnly: 0
HasWiredReturn: 1
HasMFsm: 0
HasVarLatency: 1
IsPipeline: 0
IsRtlPipelined: 0
IsInstanceOverlapped: 0
IsDontTouch: 0
HasImplIP: 0
IsGatedGlobalClock: 0

+ Individual pipeline summary: 
  * Pipeline-0: initiation interval (II) = 2, depth = 4


============================================================
+ Verbose Summary: Schedule
============================================================
* Number of FSM states : 6
* Pipeline : 1
  Pipeline-0 : II = 2, D = 4, States = { 2 3 4 5 }
* Dataflow Pipeline: 0

* FSM state transitions: 
1 --> 2 
2 --> 6 3 
3 --> 4 
4 --> 5 
5 --> 2 
6 --> 

* FSM state operations: 

State 1 <SV = 0> <Delay = 1.06>
ST_1 : Operation 7 [1/1] (0.00ns)   --->   "call void (...)* @_ssdm_op_SpecBitsMap([1024 x i32]* %array_r) nounwind, !map !7"   --->   Operation 7 'specbitsmap' <Predicate = true> <Delay = 0.00>
ST_1 : Operation 8 [1/1] (0.00ns)   --->   "call void (...)* @_ssdm_op_SpecTopModule([8 x i8]* @kernel2_str) nounwind"   --->   Operation 8 'spectopmodule' <Predicate = true> <Delay = 0.00>
ST_1 : Operation 9 [1/1] (1.06ns)   --->   "br label %1" [kernel2.cpp:6]   --->   Operation 9 'br' <Predicate = true> <Delay = 1.06>

State 2 <SV = 1> <Delay = 4.08>
ST_2 : Operation 10 [1/1] (0.00ns)   --->   "%i_0 = phi i10 [ 2, %0 ], [ %i, %loop ]"   --->   Operation 10 'phi' 'i_0' <Predicate = true> <Delay = 0.00>
ST_2 : Operation 11 [1/1] (1.29ns)   --->   "%icmp_ln6 = icmp eq i10 %i_0, -1" [kernel2.cpp:6]   --->   Operation 11 'icmp' 'icmp_ln6' <Predicate = true> <Delay = 1.29> <Core = "Cmp">   --->   Core 25 'Cmp' <Latency = 0> <II = 1> <Delay = 1.29> <FuncUnit> <Opcode : 'icmp'> <InPorts = 2> <OutPorts = 1>
ST_2 : Operation 12 [1/1] (0.00ns)   --->   "%empty = call i32 (...)* @_ssdm_op_SpecLoopTripCount(i64 1021, i64 1021, i64 1021) nounwind"   --->   Operation 12 'speclooptripcount' 'empty' <Predicate = true> <Delay = 0.00>
ST_2 : Operation 13 [1/1] (0.00ns)   --->   "br i1 %icmp_ln6, label %2, label %loop" [kernel2.cpp:6]   --->   Operation 13 'br' <Predicate = true> <Delay = 0.00>
ST_2 : Operation 14 [1/1] (1.41ns)   --->   "%add_ln8 = add i10 %i_0, -1" [kernel2.cpp:8]   --->   Operation 14 'add' 'add_ln8' <Predicate = (!icmp_ln6)> <Delay = 1.41> <Core = "AddSub">   --->   Core 14 'AddSub' <Latency = 0> <II = 1> <Delay = 1.41> <FuncUnit> <Opcode : 'add' 'sub'> <InPorts = 2> <OutPorts = 1>
ST_2 : Operation 15 [1/1] (0.00ns)   --->   "%zext_ln8_1 = zext i10 %add_ln8 to i64" [kernel2.cpp:8]   --->   Operation 15 'zext' 'zext_ln8_1' <Predicate = (!icmp_ln6)> <Delay = 0.00>
ST_2 : Operation 16 [1/1] (0.00ns)   --->   "%array_addr_1 = getelementptr [1024 x i32]* %array_r, i64 0, i64 %zext_ln8_1" [kernel2.cpp:8]   --->   Operation 16 'getelementptr' 'array_addr_1' <Predicate = (!icmp_ln6)> <Delay = 0.00>
ST_2 : Operation 17 [2/2] (2.66ns)   --->   "%array_load_1 = load i32* %array_addr_1, align 4" [kernel2.cpp:8]   --->   Operation 17 'load' 'array_load_1' <Predicate = (!icmp_ln6)> <Delay = 2.66> <Core = "RAM">   --->   Core 37 'RAM' <Latency = 1> <II = 1> <Delay = 2.66> <Storage> <Opcode : 'load' 'store'> <Ports = 2> <Width = 32> <Depth = 1024> <RAM>
ST_2 : Operation 18 [1/1] (1.41ns)   --->   "%add_ln8_1 = add i10 %i_0, -2" [kernel2.cpp:8]   --->   Operation 18 'add' 'add_ln8_1' <Predicate = (!icmp_ln6)> <Delay = 1.41> <Core = "AddSub">   --->   Core 14 'AddSub' <Latency = 0> <II = 1> <Delay = 1.41> <FuncUnit> <Opcode : 'add' 'sub'> <InPorts = 2> <OutPorts = 1>
ST_2 : Operation 19 [1/1] (0.00ns)   --->   "%zext_ln8_2 = zext i10 %add_ln8_1 to i64" [kernel2.cpp:8]   --->   Operation 19 'zext' 'zext_ln8_2' <Predicate = (!icmp_ln6)> <Delay = 0.00>
ST_2 : Operation 20 [1/1] (0.00ns)   --->   "%array_addr_2 = getelementptr [1024 x i32]* %array_r, i64 0, i64 %zext_ln8_2" [kernel2.cpp:8]   --->   Operation 20 'getelementptr' 'array_addr_2' <Predicate = (!icmp_ln6)> <Delay = 0.00>
ST_2 : Operation 21 [2/2] (2.66ns)   --->   "%array_load_2 = load i32* %array_addr_2, align 4" [kernel2.cpp:8]   --->   Operation 21 'load' 'array_load_2' <Predicate = (!icmp_ln6)> <Delay = 2.66> <Core = "RAM">   --->   Core 37 'RAM' <Latency = 1> <II = 1> <Delay = 2.66> <Storage> <Opcode : 'load' 'store'> <Ports = 2> <Width = 32> <Depth = 1024> <RAM>

State 3 <SV = 2> <Delay = 2.66>
ST_3 : Operation 22 [1/1] (0.00ns)   --->   "%zext_ln8 = zext i10 %i_0 to i64" [kernel2.cpp:8]   --->   Operation 22 'zext' 'zext_ln8' <Predicate = (!icmp_ln6)> <Delay = 0.00>
ST_3 : Operation 23 [1/1] (0.00ns)   --->   "%array_addr = getelementptr [1024 x i32]* %array_r, i64 0, i64 %zext_ln8" [kernel2.cpp:8]   --->   Operation 23 'getelementptr' 'array_addr' <Predicate = (!icmp_ln6)> <Delay = 0.00>
ST_3 : Operation 24 [2/2] (2.66ns)   --->   "%array_load = load i32* %array_addr, align 4" [kernel2.cpp:8]   --->   Operation 24 'load' 'array_load' <Predicate = (!icmp_ln6)> <Delay = 2.66> <Core = "RAM">   --->   Core 37 'RAM' <Latency = 1> <II = 1> <Delay = 2.66> <Storage> <Opcode : 'load' 'store'> <Ports = 2> <Width = 32> <Depth = 1024> <RAM>
ST_3 : Operation 25 [1/2] (2.66ns)   --->   "%array_load_1 = load i32* %array_addr_1, align 4" [kernel2.cpp:8]   --->   Operation 25 'load' 'array_load_1' <Predicate = (!icmp_ln6)> <Delay = 2.66> <Core = "RAM">   --->   Core 37 'RAM' <Latency = 1> <II = 1> <Delay = 2.66> <Storage> <Opcode : 'load' 'store'> <Ports = 2> <Width = 32> <Depth = 1024> <RAM>
ST_3 : Operation 26 [1/2] (2.66ns)   --->   "%array_load_2 = load i32* %array_addr_2, align 4" [kernel2.cpp:8]   --->   Operation 26 'load' 'array_load_2' <Predicate = (!icmp_ln6)> <Delay = 2.66> <Core = "RAM">   --->   Core 37 'RAM' <Latency = 1> <II = 1> <Delay = 2.66> <Storage> <Opcode : 'load' 'store'> <Ports = 2> <Width = 32> <Depth = 1024> <RAM>
ST_3 : Operation 27 [1/1] (1.41ns)   --->   "%i = add i10 %i_0, 1" [kernel2.cpp:8]   --->   Operation 27 'add' 'i' <Predicate = (!icmp_ln6)> <Delay = 1.41> <Core = "AddSub">   --->   Core 14 'AddSub' <Latency = 0> <II = 1> <Delay = 1.41> <FuncUnit> <Opcode : 'add' 'sub'> <InPorts = 2> <OutPorts = 1>

State 4 <SV = 3> <Delay = 8.36>
ST_4 : Operation 28 [1/2] (2.66ns)   --->   "%array_load = load i32* %array_addr, align 4" [kernel2.cpp:8]   --->   Operation 28 'load' 'array_load' <Predicate = (!icmp_ln6)> <Delay = 2.66> <Core = "RAM">   --->   Core 37 'RAM' <Latency = 1> <II = 1> <Delay = 2.66> <Storage> <Opcode : 'load' 'store'> <Ports = 2> <Width = 32> <Depth = 1024> <RAM>
ST_4 : Operation 29 [1/1] (6.58ns)   --->   "%mul_ln8 = mul nsw i32 %array_load_1, %array_load_2" [kernel2.cpp:8]   --->   Operation 29 'mul' 'mul_ln8' <Predicate = (!icmp_ln6)> <Delay = 6.58> <Core = "Mul">   --->   Core 16 'Mul' <Latency = 0> <II = 1> <Delay = 6.58> <FuncUnit> <Opcode : 'mul'> <InPorts = 2> <OutPorts = 1>
ST_4 : Operation 30 [1/1] (1.78ns)   --->   "%add_ln8_2 = add nsw i32 %array_load, %mul_ln8" [kernel2.cpp:8]   --->   Operation 30 'add' 'add_ln8_2' <Predicate = (!icmp_ln6)> <Delay = 1.78> <Core = "AddSub">   --->   Core 14 'AddSub' <Latency = 0> <II = 1> <Delay = 1.41> <FuncUnit> <Opcode : 'add' 'sub'> <InPorts = 2> <OutPorts = 1>

State 5 <SV = 4> <Delay = 2.66>
ST_5 : Operation 31 [1/1] (0.00ns)   --->   "call void (...)* @_ssdm_op_SpecLoopName([5 x i8]* @p_str) nounwind" [kernel2.cpp:7]   --->   Operation 31 'specloopname' <Predicate = (!icmp_ln6)> <Delay = 0.00>
ST_5 : Operation 32 [1/1] (0.00ns)   --->   "%tmp = call i32 (...)* @_ssdm_op_SpecRegionBegin([5 x i8]* @p_str) nounwind" [kernel2.cpp:7]   --->   Operation 32 'specregionbegin' 'tmp' <Predicate = (!icmp_ln6)> <Delay = 0.00>
ST_5 : Operation 33 [1/1] (0.00ns)   --->   "call void (...)* @_ssdm_op_SpecPipeline(i32 -1, i32 1, i32 1, i32 0, [1 x i8]* @p_str1) nounwind" [kernel2.cpp:8]   --->   Operation 33 'specpipeline' <Predicate = (!icmp_ln6)> <Delay = 0.00>
ST_5 : Operation 34 [1/1] (0.00ns)   --->   "%zext_ln8_3 = zext i10 %i to i64" [kernel2.cpp:8]   --->   Operation 34 'zext' 'zext_ln8_3' <Predicate = (!icmp_ln6)> <Delay = 0.00>
ST_5 : Operation 35 [1/1] (0.00ns)   --->   "%array_addr_3 = getelementptr [1024 x i32]* %array_r, i64 0, i64 %zext_ln8_3" [kernel2.cpp:8]   --->   Operation 35 'getelementptr' 'array_addr_3' <Predicate = (!icmp_ln6)> <Delay = 0.00>
ST_5 : Operation 36 [1/1] (2.66ns)   --->   "store i32 %add_ln8_2, i32* %array_addr_3, align 4" [kernel2.cpp:8]   --->   Operation 36 'store' <Predicate = (!icmp_ln6)> <Delay = 2.66> <Core = "RAM">   --->   Core 37 'RAM' <Latency = 1> <II = 1> <Delay = 2.66> <Storage> <Opcode : 'load' 'store'> <Ports = 2> <Width = 32> <Depth = 1024> <RAM>
ST_5 : Operation 37 [1/1] (0.00ns)   --->   "%empty_2 = call i32 (...)* @_ssdm_op_SpecRegionEnd([5 x i8]* @p_str, i32 %tmp) nounwind" [kernel2.cpp:9]   --->   Operation 37 'specregionend' 'empty_2' <Predicate = (!icmp_ln6)> <Delay = 0.00>
ST_5 : Operation 38 [1/1] (0.00ns)   --->   "br label %1" [kernel2.cpp:6]   --->   Operation 38 'br' <Predicate = (!icmp_ln6)> <Delay = 0.00>

State 6 <SV = 2> <Delay = 0.00>
ST_6 : Operation 39 [1/1] (0.00ns)   --->   "ret void" [kernel2.cpp:10]   --->   Operation 39 'ret' <Predicate = true> <Delay = 0.00>


============================================================
+ Verbose Summary: Timing violations
============================================================
Target clock period: 10ns, clock uncertainty: 1.25ns.

 <State 1>: 1.06ns
The critical path consists of the following:
	multiplexor before 'phi' operation ('i') with incoming values : ('i', kernel2.cpp:8) [6]  (1.06 ns)

 <State 2>: 4.08ns
The critical path consists of the following:
	'phi' operation ('i') with incoming values : ('i', kernel2.cpp:8) [6]  (0 ns)
	'add' operation ('add_ln8', kernel2.cpp:8) [17]  (1.42 ns)
	'getelementptr' operation ('array_addr_1', kernel2.cpp:8) [19]  (0 ns)
	'load' operation ('array_load_1', kernel2.cpp:8) on array 'array_r' [20]  (2.66 ns)

 <State 3>: 2.66ns
The critical path consists of the following:
	'getelementptr' operation ('array_addr', kernel2.cpp:8) [15]  (0 ns)
	'load' operation ('array_load', kernel2.cpp:8) on array 'array_r' [16]  (2.66 ns)

 <State 4>: 8.37ns
The critical path consists of the following:
	'mul' operation ('mul_ln8', kernel2.cpp:8) [25]  (6.58 ns)
	'add' operation ('add_ln8_2', kernel2.cpp:8) [26]  (1.78 ns)

 <State 5>: 2.66ns
The critical path consists of the following:
	'getelementptr' operation ('array_addr_3', kernel2.cpp:8) [29]  (0 ns)
	'store' operation ('store_ln8', kernel2.cpp:8) of variable 'add_ln8_2', kernel2.cpp:8 on array 'array_r' [30]  (2.66 ns)

 <State 6>: 0ns
The critical path consists of the following:


============================================================
+ Verbose Summary: Binding
============================================================
N/A
* FSMD analyzer results:
  - Output states:
 - Input state : 
  - Chain level:
	State 1
	State 2
	State 3
	State 4
	State 5
	State 6


============================================================
+ Verbose Summary: Datapath Resource usage 
============================================================
N/A
