INFO-FLOW: Workspace C:/Users/Kushagra/Desktop/EPFL_Sem2/Advanced_Computer_Architecture/Homeworks/HW3/tmp/dhls/hw3-kernels-optimized/kernel5/prj_kernel5/optimized opened at Fri May 14 22:55:10 +0200 2021
Execute     config_clock -quiet -name default -period 10 -default=false 
INFO: [SYN 201-201] Setting up clock 'default' with a period of 10ns.
Execute     open_platform DefaultPlatform 
Execute     import_lib C:/Xilinx/Vivado/2019.2/common/technology/xilinx/kintex7/kintex7 
Execute       source C:/Xilinx/Vivado/2019.2/common/technology/xilinx/common/xilinx.lib 
Execute         source C:/Xilinx/Vivado/2019.2/common/technology/xilinx/interface/xilinx_interface.lib 
Execute           source C:/Xilinx/Vivado/2019.2/common/technology/xilinx/interface/plb46.lib 
Execute           source C:/Xilinx/Vivado/2019.2/common/technology/xilinx/interface/fsl.lib 
Execute           source C:/Xilinx/Vivado/2019.2/common/technology/xilinx/interface/axi4.lib 
Execute           source C:/Xilinx/Vivado/2019.2/common/technology/xilinx/interface/maxi.lib 
Execute           source C:/Xilinx/Vivado/2019.2/common/technology/xilinx/interface/saxilite.lib 
Execute         source C:/Xilinx/Vivado/2019.2/common/technology/xilinx/common/dsp48.lib 
Execute         source C:/Xilinx/Vivado/2019.2/common/technology/xilinx/ip/dds_compiler.lib 
Execute         source C:/Xilinx/Vivado/2019.2/common/technology/xilinx/ip/xfft.lib 
Execute         source C:/Xilinx/Vivado/2019.2/common/technology/xilinx/ip/xfir.lib 
Execute       source C:/Xilinx/Vivado/2019.2/common/technology/xilinx/common/xilinx.hlp 
Execute         source C:/Xilinx/Vivado/2019.2/common/technology/xilinx/common/target_info.tcl 
Execute         source C:/Xilinx/Vivado/2019.2/common/technology/xilinx/interface/xilinx_interface.hlp 
Execute           source C:/Xilinx/Vivado/2019.2/common/technology/xilinx/interface/maxi.hlp 
Execute           source C:/Xilinx/Vivado/2019.2/common/technology/xilinx/interface/saxilite.hlp 
Execute         source C:/Xilinx/Vivado/2019.2/common/technology/xilinx/common/dsp48.hlp 
Execute       source C:/Xilinx/Vivado/2019.2/common/technology/xilinx/kintex7/dsp48e1.hlp 
Execute       source C:/Xilinx/Vivado/2019.2/common/technology/xilinx/common/xilinx.hlp 
Execute         source C:/Xilinx/Vivado/2019.2/common/technology/xilinx/common/target_info.tcl 
Execute         source C:/Xilinx/Vivado/2019.2/common/technology/xilinx/interface/xilinx_interface.hlp 
Execute           source C:/Xilinx/Vivado/2019.2/common/technology/xilinx/interface/maxi.hlp 
Execute           source C:/Xilinx/Vivado/2019.2/common/technology/xilinx/interface/saxilite.hlp 
Execute         source C:/Xilinx/Vivado/2019.2/common/technology/xilinx/common/dsp48.hlp 
Command     import_lib done; 0.13 sec.
Execute     source C:/Xilinx/Vivado/2019.2/common/technology/xilinx/kintex7/kintex7.gen 
Execute       source C:/Xilinx/Vivado/2019.2/common/technology/xilinx/common/xilinx.gen 
Execute         source C:/Xilinx/Vivado/2019.2/common/technology/xilinx/interface/plb46.gen 
Execute         source C:/Xilinx/Vivado/2019.2/common/technology/xilinx/interface/fsl.gen 
Execute         source C:/Xilinx/Vivado/2019.2/common/technology/xilinx/interface/axi4.gen 
Execute         source C:/Xilinx/Vivado/2019.2/common/technology/xilinx/interface/nativeAXI4.gen 
Execute           source C:/Xilinx/Vivado/2019.2/common/technology/xilinx/interface/saxilite.gen 
Execute           source C:/Xilinx/Vivado/2019.2/common/technology/xilinx/interface/maxi.gen 
Execute         source C:/Xilinx/Vivado/2019.2/common/technology/xilinx/scripts/xilinxcoregen.gen 
Execute         source C:/Xilinx/Vivado/2019.2/common/technology/xilinx/interface/XilEDKCoreGen.gen 
Execute         source C:/Xilinx/Vivado/2019.2/common/technology/xilinx/ip/dds_compiler.gen 
Execute         source C:/Xilinx/Vivado/2019.2/common/technology/xilinx/ip/util.gen 
Execute         source C:/Xilinx/Vivado/2019.2/common/technology/xilinx/ip/xfft.gen 
Execute         source C:/Xilinx/Vivado/2019.2/common/technology/xilinx/ip/xfir.gen 
Execute         source C:/Xilinx/Vivado/2019.2/common/technology/xilinx/common/dsp48.gen 
Command       ap_source done; 0.198 sec.
Command     ap_source done; 0.203 sec.
Execute     open_platform DefaultPlatform 
Execute     import_lib C:/Xilinx/Vivado/2019.2/common/technology/xilinx/kintex7/kintex7_fpv6 
Execute       source C:/Xilinx/Vivado/2019.2/common/technology/xilinx/common/xilinx_fp.lib 
Execute       source C:/Xilinx/Vivado/2019.2/common/technology/xilinx/common/xilinx_fp.hlp 
Execute         source C:/Xilinx/Vivado/2019.2/common/technology/xilinx/common/xilinx.hlp 
Execute           source C:/Xilinx/Vivado/2019.2/common/technology/xilinx/common/target_info.tcl 
Execute           source C:/Xilinx/Vivado/2019.2/common/technology/xilinx/interface/xilinx_interface.hlp 
Execute             source C:/Xilinx/Vivado/2019.2/common/technology/xilinx/interface/maxi.hlp 
Execute             source C:/Xilinx/Vivado/2019.2/common/technology/xilinx/interface/saxilite.hlp 
Execute           source C:/Xilinx/Vivado/2019.2/common/technology/xilinx/common/dsp48.hlp 
Execute     source C:/Xilinx/Vivado/2019.2/common/technology/xilinx/kintex7/kintex7_fpv6.gen 
Execute       source C:/Xilinx/Vivado/2019.2/common/technology/xilinx/common/xilinx_fp.gen 
Execute     set_part xc7k160t-fbg484-1 
Execute       ap_part_info -name xc7k160t-fbg484-1 -data single -quiet 
Command       ap_part_info done; 0.789 sec.
Execute       ap_part_info -name xc7k160t-fbg484-1 -data info 
Execute       add_library xilinx/kintex7/kintex7:xc7k160t:-fbg484:-1 
Execute         get_default_platform 
Execute         ap_part_info -data single -name xc7k160t-fbg484-1 
Execute         ap_part_info -name xc7k160t-fbg484-1 -data resources 
Execute         ap_part_info -name xc7k160t-fbg484-1 -data info 
Execute         ap_part_info -name xc7k160t-fbg484-1 -data info 
Execute         config_chip_info -quiet -resource {SLICE 25350} {LUT 101400} {FF 202800} {DSP48E 600} {BRAM 650} {URAM 0} 
Execute         ap_part_info -name xc7k160t-fbg484-1 -data info 
Execute         config_chip_info -quiet -speed slow 
Execute       add_library xilinx/kintex7/kintex7_fpv6 
Execute         get_default_platform 
INFO: [HLS 200-10] Setting target device to 'xc7k160t-fbg484-1'
Execute       ap_part_info -name xc7k160t-fbg484-1 -data info 
Execute       get_default_platform 
Command     set_part done; 1.008 sec.
Execute     ap_part_info -data single -name xc7k160t-fbg484-1 
Execute     ap_part_info -name xc7k160t-fbg484-1 -data resources 
Execute     ap_part_info -name xc7k160t-fbg484-1 -data info 
Execute     ap_part_info -name xc7k160t-fbg484-1 -data info 
Execute     config_chip_info -quiet -resource {SLICE 25350} {LUT 101400} {FF 202800} {DSP48E 600} {BRAM 650} {URAM 0} 
Execute     ap_part_info -name xc7k160t-fbg484-1 -data info 
Execute     config_chip_info -quiet -speed slow 
Command   open_solution done; 1.472 sec.
Execute   set_part xc7k160t-fbg484-1 
Execute     ap_part_info -name xc7k160t-fbg484-1 -data single -quiet 
Execute     ap_part_info -name xc7k160t-fbg484-1 -data info 
Execute     add_library xilinx/kintex7/kintex7:xc7k160t:-fbg484:-1 
Execute       get_default_platform 
Execute       ap_part_info -data single -name xc7k160t-fbg484-1 
Execute       ap_part_info -name xc7k160t-fbg484-1 -data resources 
Execute       ap_part_info -name xc7k160t-fbg484-1 -data info 
Execute       ap_part_info -name xc7k160t-fbg484-1 -data info 
Execute       config_chip_info -quiet -resource {SLICE 25350} {LUT 101400} {FF 202800} {DSP48E 600} {BRAM 650} {URAM 0} 
Execute       ap_part_info -name xc7k160t-fbg484-1 -data info 
Execute       config_chip_info -quiet -speed slow 
Execute     add_library xilinx/kintex7/kintex7_fpv6 
Execute       get_default_platform 
Execute     ap_part_info -name xc7k160t-fbg484-1 -data info 
Execute     get_default_platform 
Command   set_part done; 0.156 sec.
Execute   create_clock -period 10 -name default 
Execute   source ./prj_kernel5/optimized/directives.tcl 
Execute     set_directive_pipeline kernel5/loop 
INFO-FLOW: Setting directive 'PIPELINE' 
Execute     set_directive_pipeline kernel5/fill 
INFO-FLOW: Setting directive 'PIPELINE' 
INFO-FLOW: Setting directive 'PIPELINE' 
Execute     set_directive_unroll kernel5/shift 
INFO-FLOW: Setting directive 'PIPELINE' 
INFO-FLOW: Setting directive 'PIPELINE' 
INFO-FLOW: Setting directive 'UNROLL' 
Execute     set_directive_array_partition -type complete -dim 1 kernel5 sum 
INFO-FLOW: Setting directive 'PIPELINE' 
INFO-FLOW: Setting directive 'PIPELINE' 
INFO-FLOW: Setting directive 'UNROLL' 
INFO-FLOW: Setting directive 'ARRAY_PARTITION' partition=positionBooleanCmd variable=positionBooleanTextRequiredsum complete=positionBoolean0type dim=1 
Execute     set_directive_array_partition -type complete -dim 1 kernel5 flag 
INFO-FLOW: Setting directive 'PIPELINE' 
INFO-FLOW: Setting directive 'PIPELINE' 
INFO-FLOW: Setting directive 'UNROLL' 
INFO-FLOW: Setting directive 'ARRAY_PARTITION' partition=positionBooleanCmd variable=positionBooleanTextRequiredsum complete=positionBoolean0type dim=1 
INFO-FLOW: Setting directive 'ARRAY_PARTITION' partition=positionBooleanCmd variable=positionBooleanTextRequiredflag complete=positionBoolean0type dim=1 
Execute     set_directive_unroll kernel5/newsh 
INFO-FLOW: Setting directive 'PIPELINE' 
INFO-FLOW: Setting directive 'PIPELINE' 
INFO-FLOW: Setting directive 'UNROLL' 
INFO-FLOW: Setting directive 'ARRAY_PARTITION' partition=positionBooleanCmd variable=positionBooleanTextRequiredsum complete=positionBoolean0type dim=1 
INFO-FLOW: Setting directive 'ARRAY_PARTITION' partition=positionBooleanCmd variable=positionBooleanTextRequiredflag complete=positionBoolean0type dim=1 
INFO-FLOW: Setting directive 'UNROLL' 
Execute     set_directive_unroll kernel5/shift1 
INFO-FLOW: Setting directive 'PIPELINE' 
INFO-FLOW: Setting directive 'PIPELINE' 
INFO-FLOW: Setting directive 'UNROLL' 
INFO-FLOW: Setting directive 'ARRAY_PARTITION' partition=positionBooleanCmd variable=positionBooleanTextRequiredsum complete=positionBoolean0type dim=1 
INFO-FLOW: Setting directive 'ARRAY_PARTITION' partition=positionBooleanCmd variable=positionBooleanTextRequiredflag complete=positionBoolean0type dim=1 
INFO-FLOW: Setting directive 'UNROLL' 
INFO-FLOW: Setting directive 'UNROLL' 
Execute     set_directive_unroll kernel5/shift2 
INFO-FLOW: Setting directive 'PIPELINE' 
INFO-FLOW: Setting directive 'PIPELINE' 
INFO-FLOW: Setting directive 'UNROLL' 
INFO-FLOW: Setting directive 'ARRAY_PARTITION' partition=positionBooleanCmd variable=positionBooleanTextRequiredsum complete=positionBoolean0type dim=1 
INFO-FLOW: Setting directive 'ARRAY_PARTITION' partition=positionBooleanCmd variable=positionBooleanTextRequiredflag complete=positionBoolean0type dim=1 
INFO-FLOW: Setting directive 'UNROLL' 
INFO-FLOW: Setting directive 'UNROLL' 
INFO-FLOW: Setting directive 'UNROLL' 
Execute     set_directive_dependence -variable flag -type intra -dependent true kernel5/loop 
INFO-FLOW: Setting directive 'PIPELINE' 
INFO-FLOW: Setting directive 'PIPELINE' 
INFO-FLOW: Setting directive 'UNROLL' 
INFO-FLOW: Setting directive 'ARRAY_PARTITION' partition=positionBooleanCmd variable=positionBooleanTextRequiredsum complete=positionBoolean0type dim=1 
INFO-FLOW: Setting directive 'ARRAY_PARTITION' partition=positionBooleanCmd variable=positionBooleanTextRequiredflag complete=positionBoolean0type dim=1 
INFO-FLOW: Setting directive 'UNROLL' 
INFO-FLOW: Setting directive 'UNROLL' 
INFO-FLOW: Setting directive 'UNROLL' 
INFO-FLOW: Setting directive 'DEPENDENCE' variable=flag intra=positionBoolean0type true=positionBoolean0dependent 
Execute   csynth_design 
Execute     get_config_compile -dump_cfg 
Execute     get_config_compile -effort 
Execute     get_config_compile -enable_clang39 
Execute     get_config_compile -g 
Execute     get_config_compile -ng 
Execute     get_config_compile -opt_fp 
Execute     get_config_compile -skip_cdt 
Execute     get_config_compile -skip_syncheck 
Execute     get_config_compile -skip_transform 
Execute     get_config_compile -keep_printf 
Execute     elaborate -effort=medium -skip_syncheck=0 -keep_printf=0 -skip_cdt=0 -skip_transform=0 -ng=0 -g=0 -opt_fp=0 -from_csynth_design=1 
Execute       get_config_schedule -relax_ii_for_timing 
INFO: [SCHED 204-61] Option 'relax_ii_for_timing' is enabled, will increase II to preserve clock frequency constraints.
Execute       get_config_schedule -suppress_dependence_error_break 
INFO: [HLS 200-10] Analyzing design file 'kernel5.cpp' ... 
INFO-FLOW: Compiling one TU...
Execute       is_m_axi_addr64 
INFO-FLOW: Handling kernel5.cpp as C++
Execute       ap_part_info -name xc7k160t-fbg484-1 -data info 
Execute       is_encrypted kernel5.cpp 
Execute       ap_part_info -name xc7k160t-fbg484-1 -data info 
INFO-FLOW: Running: GCC PP
INFO-FLOW: Source preprocessing
Execute       clang  -fno-limit-debug-info -gcc-toolchain "C:/Xilinx/Vivado/2019.2/msys" -hls  -fno-exceptions  -D__llvm__  -E "kernel5.cpp"     -fno-math-errno -c -emit-llvm -O0  -mllvm -disable-llvm-optzns -fno-threadsafe-statics  -fno-use-cxa-atexit  -fno-threadsafe-statics -fno-use-cxa-atexit -D__CLANG_3_1__ -D__cdecl= -DAESL_SYN -D__SYNTHESIS__ -D__HLS_SYN__ -I "C:/Xilinx/Vivado/2019.2/common/technology/autopilot" -I "C:/Xilinx/Vivado/2019.2/common/technology/autopilot/ap_sysc" -include etc/autopilot_ssdm_op.h -D__DSP48E1__  -o "C:/Users/Kushagra/Desktop/EPFL_Sem2/Advanced_Computer_Architecture/Homeworks/HW3/tmp/dhls/hw3-kernels-optimized/kernel5/prj_kernel5/optimized/.autopilot/db/kernel5.pp.0.cpp" 
INFO-FLOW: exec C:/Xilinx/Vivado/2019.2/win64/tools/clang/bin/clang -fno-limit-debug-info -gcc-toolchain C:/Xilinx/Vivado/2019.2/msys -hls -fno-exceptions -D__llvm__ -E kernel5.cpp -fno-math-errno -c -emit-llvm -O0 -mllvm -disable-llvm-optzns -fno-threadsafe-statics -fno-use-cxa-atexit -fno-threadsafe-statics -fno-use-cxa-atexit -D__CLANG_3_1__ -D__cdecl= -DAESL_SYN -D__SYNTHESIS__ -D__HLS_SYN__ -I C:/Xilinx/Vivado/2019.2/common/technology/autopilot -I C:/Xilinx/Vivado/2019.2/common/technology/autopilot/ap_sysc -include etc/autopilot_ssdm_op.h -D__DSP48E1__ -o C:/Users/Kushagra/Desktop/EPFL_Sem2/Advanced_Computer_Architecture/Homeworks/HW3/tmp/dhls/hw3-kernels-optimized/kernel5/prj_kernel5/optimized/.autopilot/db/kernel5.pp.0.cpp
Command       clang done; 1.258 sec.
Execute       tidy_31 xilinx-xfmat-array-geometry C:/Users/Kushagra/Desktop/EPFL_Sem2/Advanced_Computer_Architecture/Homeworks/HW3/tmp/dhls/hw3-kernels-optimized/kernel5/prj_kernel5/optimized/.autopilot/db/kernel5.pp.0.cpp std=gnu++98 
INFO-FLOW: exec C:/Xilinx/Vivado/2019.2/win64/tools/clang-3.9-csynth/bin/tidy-3.1 -header-filter=.* -checks=-*,xilinx-xfmat-array-geometry -quiet -fix C:/Users/Kushagra/Desktop/EPFL_Sem2/Advanced_Computer_Architecture/Homeworks/HW3/tmp/dhls/hw3-kernels-optimized/kernel5/prj_kernel5/optimized/.autopilot/db/kernel5.pp.0.cpp -- -std=gnu++98 -fhls -ferror-limit=0
INFO-FLOW: Syntax Checking before pre-processing...
Execute       clang -syntaxcheck -src C:/Users/Kushagra/Desktop/EPFL_Sem2/Advanced_Computer_Architecture/Homeworks/HW3/tmp/dhls/hw3-kernels-optimized/kernel5/prj_kernel5/optimized/.autopilot/db/kernel5.pp.0.cpp  -fno-limit-debug-info -gcc-toolchain "C:/Xilinx/Vivado/2019.2/msys" -hls    -fno-math-errno -c -emit-llvm -O0  -mllvm -disable-llvm-optzns -fno-threadsafe-statics  -fno-use-cxa-atexit  -fno-threadsafe-statics -fno-use-cxa-atexit -D__CLANG_3_1__ -D__cdecl= -DAESL_SYN -D__SYNTHESIS__ -D__HLS_SYN__ -I "C:/Xilinx/Vivado/2019.2/common/technology/autopilot" -I "C:/Xilinx/Vivado/2019.2/common/technology/autopilot/ap_sysc" -include etc/autopilot_ssdm_op.h -D__DSP48E1__  "C:/Users/Kushagra/Desktop/EPFL_Sem2/Advanced_Computer_Architecture/Homeworks/HW3/tmp/dhls/hw3-kernels-optimized/kernel5/prj_kernel5/optimized/.autopilot/db/kernel5.pp.0.cpp"  -o "C:/Users/Kushagra/Desktop/EPFL_Sem2/Advanced_Computer_Architecture/Homeworks/HW3/tmp/dhls/hw3-kernels-optimized/kernel5/prj_kernel5/optimized/.autopilot/db/useless.bc"  
INFO-FLOW: exec C:/Xilinx/Vivado/2019.2/win64/tools/clang/bin/clang -fno-limit-debug-info -gcc-toolchain C:/Xilinx/Vivado/2019.2/msys -hls -fno-math-errno -c -emit-llvm -O0 -mllvm -disable-llvm-optzns -fno-threadsafe-statics -fno-use-cxa-atexit -fno-threadsafe-statics -fno-use-cxa-atexit -D__CLANG_3_1__ -D__cdecl= -DAESL_SYN -D__SYNTHESIS__ -D__HLS_SYN__ -I C:/Xilinx/Vivado/2019.2/common/technology/autopilot -I C:/Xilinx/Vivado/2019.2/common/technology/autopilot/ap_sysc -include etc/autopilot_ssdm_op.h -D__DSP48E1__ C:/Users/Kushagra/Desktop/EPFL_Sem2/Advanced_Computer_Architecture/Homeworks/HW3/tmp/dhls/hw3-kernels-optimized/kernel5/prj_kernel5/optimized/.autopilot/db/kernel5.pp.0.cpp -o C:/Users/Kushagra/Desktop/EPFL_Sem2/Advanced_Computer_Architecture/Homeworks/HW3/tmp/dhls/hw3-kernels-optimized/kernel5/prj_kernel5/optimized/.autopilot/db/useless.bc
Command       clang done; 1.028 sec.
INFO-FLOW: Done: GCC PP time: 2.4 seconds per iteration
INFO-FLOW: Setting directive 'PIPELINE' 
INFO-FLOW: Setting directive 'PIPELINE' 
INFO-FLOW: Setting directive 'UNROLL' 
INFO-FLOW: Setting directive 'ARRAY_PARTITION' partition=positionBooleanCmd variable=positionBooleanTextRequiredsum complete=positionBoolean0type dim=1 
INFO-FLOW: Setting directive 'ARRAY_PARTITION' partition=positionBooleanCmd variable=positionBooleanTextRequiredflag complete=positionBoolean0type dim=1 
INFO-FLOW: Setting directive 'UNROLL' 
INFO-FLOW: Setting directive 'UNROLL' 
INFO-FLOW: Setting directive 'UNROLL' 
INFO-FLOW: Setting directive 'DEPENDENCE' variable=flag intra=positionBoolean0type true=positionBoolean0dependent 
Execute       source C:/Xilinx/Vivado/2019.2/tps/tcl/tcllib1.11.1/yaml/huddle.tcl 
Execute       source C:/Xilinx/Vivado/2019.2/tps/tcl/tcllib1.11.1/yaml/json2huddle.tcl 
Execute         source C:/Xilinx/Vivado/2019.2/tps/tcl/tcllib1.11.1/try/try.tcl 
INFO-FLOW: Setting directive 'PIPELINE' 
INFO-FLOW: Setting directive 'PIPELINE' 
INFO-FLOW: Setting directive 'UNROLL' 
INFO-FLOW: Setting directive 'ARRAY_PARTITION' partition=positionBooleanCmd variable=positionBooleanTextRequiredsum complete=positionBoolean0type dim=1 
INFO-FLOW: Setting directive 'ARRAY_PARTITION' partition=positionBooleanCmd variable=positionBooleanTextRequiredflag complete=positionBoolean0type dim=1 
INFO-FLOW: Setting directive 'UNROLL' 
INFO-FLOW: Setting directive 'UNROLL' 
INFO-FLOW: Setting directive 'UNROLL' 
INFO-FLOW: Setting directive 'DEPENDENCE' variable=flag intra=positionBoolean0type true=positionBoolean0dependent 
Execute       list_core -type functional_unit 
Execute       tidy_31 xilinx-systemc-detector C:/Users/Kushagra/Desktop/EPFL_Sem2/Advanced_Computer_Architecture/Homeworks/HW3/tmp/dhls/hw3-kernels-optimized/kernel5/prj_kernel5/optimized/.autopilot/db/kernel5.pp.0.cpp std=gnu++98 -directive=C:/Users/Kushagra/Desktop/EPFL_Sem2/Advanced_Computer_Architecture/Homeworks/HW3/tmp/dhls/hw3-kernels-optimized/kernel5/prj_kernel5/optimized/.autopilot/db/.systemc_flag 
INFO-FLOW: exec C:/Xilinx/Vivado/2019.2/win64/tools/clang-3.9-csynth/bin/tidy-3.1 -header-filter=.* -checks=-*,xilinx-systemc-detector -import-directive=C:/Users/Kushagra/Desktop/EPFL_Sem2/Advanced_Computer_Architecture/Homeworks/HW3/tmp/dhls/hw3-kernels-optimized/kernel5/prj_kernel5/optimized/.autopilot/db/.systemc_flag -quiet -fix-errors C:/Users/Kushagra/Desktop/EPFL_Sem2/Advanced_Computer_Architecture/Homeworks/HW3/tmp/dhls/hw3-kernels-optimized/kernel5/prj_kernel5/optimized/.autopilot/db/kernel5.pp.0.cpp -- -std=gnu++98 -fhls -ferror-limit=0
INFO-FLOW: Running: tidy-3.1 CDT preprocess
Execute       tidy_31 xilinx-directive2pragma C:/Users/Kushagra/Desktop/EPFL_Sem2/Advanced_Computer_Architecture/Homeworks/HW3/tmp/dhls/hw3-kernels-optimized/kernel5/prj_kernel5/optimized/.autopilot/db/kernel5.pp.0.cpp std=gnu++98 -directive=C:/Users/Kushagra/Desktop/EPFL_Sem2/Advanced_Computer_Architecture/Homeworks/HW3/tmp/dhls/hw3-kernels-optimized/kernel5/prj_kernel5/optimized/.autopilot/db/all.directive.json 
INFO-FLOW: exec C:/Xilinx/Vivado/2019.2/win64/tools/clang-3.9-csynth/bin/tidy-3.1 -header-filter=.* -checks=-*,xilinx-directive2pragma -import-directive=C:/Users/Kushagra/Desktop/EPFL_Sem2/Advanced_Computer_Architecture/Homeworks/HW3/tmp/dhls/hw3-kernels-optimized/kernel5/prj_kernel5/optimized/.autopilot/db/all.directive.json -quiet -fix-errors C:/Users/Kushagra/Desktop/EPFL_Sem2/Advanced_Computer_Architecture/Homeworks/HW3/tmp/dhls/hw3-kernels-optimized/kernel5/prj_kernel5/optimized/.autopilot/db/kernel5.pp.0.cpp -- -std=gnu++98 -fhls -ferror-limit=0
Execute       get_config_dataflow -strict_mode 
Execute       ap_eval exec -ignorestderr C:/Xilinx/Vivado/2019.2/win64/tools/clang-3.9-csynth/bin/xilinx-dataflow-lawyer -export-fixes=C:/Users/Kushagra/Desktop/EPFL_Sem2/Advanced_Computer_Architecture/Homeworks/HW3/tmp/dhls/hw3-kernels-optimized/kernel5/prj_kernel5/optimized/.autopilot/db/xilinx-dataflow-lawyer.kernel5.pp.0.cpp.diag.yml C:/Users/Kushagra/Desktop/EPFL_Sem2/Advanced_Computer_Architecture/Homeworks/HW3/tmp/dhls/hw3-kernels-optimized/kernel5/prj_kernel5/optimized/.autopilot/db/kernel5.pp.0.cpp -- -std=gnu++98 -fhls -ferror-limit=0 -fstrict-dataflow > C:/Users/Kushagra/Desktop/EPFL_Sem2/Advanced_Computer_Architecture/Homeworks/HW3/tmp/dhls/hw3-kernels-optimized/kernel5/prj_kernel5/optimized/.autopilot/db/xilinx-dataflow-lawyer.kernel5.pp.0.cpp.out.log 2> C:/Users/Kushagra/Desktop/EPFL_Sem2/Advanced_Computer_Architecture/Homeworks/HW3/tmp/dhls/hw3-kernels-optimized/kernel5/prj_kernel5/optimized/.autopilot/db/xilinx-dataflow-lawyer.kernel5.pp.0.cpp.err.log 
Execute       tidy_31 -errorcheck xilinx-constantarray-param,xilinx-resource-pragma-transformer,xilinx-xfmat-array-geometry C:/Users/Kushagra/Desktop/EPFL_Sem2/Advanced_Computer_Architecture/Homeworks/HW3/tmp/dhls/hw3-kernels-optimized/kernel5/prj_kernel5/optimized/.autopilot/db/kernel5.pp.0.cpp std=gnu++98 
Execute         ap_eval exec -ignorestderr C:/Xilinx/Vivado/2019.2/win64/tools/clang-3.9-csynth/bin/tidy-3.1 -export-fixes=C:/Users/Kushagra/Desktop/EPFL_Sem2/Advanced_Computer_Architecture/Homeworks/HW3/tmp/dhls/hw3-kernels-optimized/kernel5/prj_kernel5/optimized/.autopilot/db/tidy-3.1.kernel5.pp.0.cpp.diag.yml -header-filter=.* -checks=-*,xilinx-constantarray-param,xilinx-resource-pragma-transformer,xilinx-xfmat-array-geometry -quiet -fix-errors C:/Users/Kushagra/Desktop/EPFL_Sem2/Advanced_Computer_Architecture/Homeworks/HW3/tmp/dhls/hw3-kernels-optimized/kernel5/prj_kernel5/optimized/.autopilot/db/kernel5.pp.0.cpp -- -std=gnu++98 -fhls -ferror-limit=0 > C:/Users/Kushagra/Desktop/EPFL_Sem2/Advanced_Computer_Architecture/Homeworks/HW3/tmp/dhls/hw3-kernels-optimized/kernel5/prj_kernel5/optimized/.autopilot/db/tidy-3.1.kernel5.pp.0.cpp.out.log 2> C:/Users/Kushagra/Desktop/EPFL_Sem2/Advanced_Computer_Architecture/Homeworks/HW3/tmp/dhls/hw3-kernels-optimized/kernel5/prj_kernel5/optimized/.autopilot/db/tidy-3.1.kernel5.pp.0.cpp.err.log 
Execute         source C:/Xilinx/Vivado/2019.2/tps/tcl/tcllib1.11.1/yaml/yaml.tcl 
Execute           source C:/Xilinx/Vivado/2019.2/tps/tcl/tcllib1.11.1/cmdline/cmdline.tcl 
Execute         ap_eval exec -ignorestderr C:/Xilinx/Vivado/2019.2/win64/tools/clang-3.9-csynth/bin/xilinx-legacy-rewriter C:/Users/Kushagra/Desktop/EPFL_Sem2/Advanced_Computer_Architecture/Homeworks/HW3/tmp/dhls/hw3-kernels-optimized/kernel5/prj_kernel5/optimized/.autopilot/db/kernel5.pp.0.cpp -- -std=gnu++98 -fhls -ferror-limit=0 > C:/Users/Kushagra/Desktop/EPFL_Sem2/Advanced_Computer_Architecture/Homeworks/HW3/tmp/dhls/hw3-kernels-optimized/kernel5/prj_kernel5/optimized/.autopilot/db/xilinx-legacy-rewriter.kernel5.pp.0.cpp.out.log 2> C:/Users/Kushagra/Desktop/EPFL_Sem2/Advanced_Computer_Architecture/Homeworks/HW3/tmp/dhls/hw3-kernels-optimized/kernel5/prj_kernel5/optimized/.autopilot/db/xilinx-legacy-rewriter.kernel5.pp.0.cpp.err.log 
Command       tidy_31 done; 0.177 sec.
INFO-FLOW: Done: tidy-3.1 CDT preprocess time: 0.3 seconds per iteration
INFO-FLOW: Pragma Handling...
Execute       tidy_31 xilinx-ssdm-intrinsics-arguments C:/Users/Kushagra/Desktop/EPFL_Sem2/Advanced_Computer_Architecture/Homeworks/HW3/tmp/dhls/hw3-kernels-optimized/kernel5/prj_kernel5/optimized/.autopilot/db/kernel5.pragma.1.cpp std=gnu++98 
INFO-FLOW: exec C:/Xilinx/Vivado/2019.2/win64/tools/clang-3.9-csynth/bin/tidy-3.1 -header-filter=.* -checks=-*,xilinx-ssdm-intrinsics-arguments -quiet -fix-errors C:/Users/Kushagra/Desktop/EPFL_Sem2/Advanced_Computer_Architecture/Homeworks/HW3/tmp/dhls/hw3-kernels-optimized/kernel5/prj_kernel5/optimized/.autopilot/db/kernel5.pragma.1.cpp -- -std=gnu++98 -fhls -ferror-limit=0
Execute       ap_part_info -name xc7k160t-fbg484-1 -data info 
INFO-FLOW: Processing labels
Execute       clang -src C:/Users/Kushagra/Desktop/EPFL_Sem2/Advanced_Computer_Architecture/Homeworks/HW3/tmp/dhls/hw3-kernels-optimized/kernel5/prj_kernel5/optimized/.autopilot/db/kernel5.pragma.2.cpp  -fno-limit-debug-info -gcc-toolchain C:/Xilinx/Vivado/2019.2/msys -hls -hls-analyze-label -hls-analyze-pragma -fno-exceptions  -D__llvm__  -w  "C:/Users/Kushagra/Desktop/EPFL_Sem2/Advanced_Computer_Architecture/Homeworks/HW3/tmp/dhls/hw3-kernels-optimized/kernel5/prj_kernel5/optimized/.autopilot/db/kernel5.pragma.2.cpp"    -fno-math-errno -c -emit-llvm -O0  -mllvm -disable-llvm-optzns -fno-threadsafe-statics  -fno-use-cxa-atexit -DAESL_SYN -D__SYNTHESIS__ -D__HLS_SYN__ -I "C:/Xilinx/Vivado/2019.2/common/technology/autopilot" -I "C:/Xilinx/Vivado/2019.2/common/technology/autopilot/ap_sysc" -include etc/autopilot_ssdm_op.h -D__DSP48E1__ -g -o "C:/Users/Kushagra/Desktop/EPFL_Sem2/Advanced_Computer_Architecture/Homeworks/HW3/tmp/dhls/hw3-kernels-optimized/kernel5/prj_kernel5/optimized/.autopilot/db/kernel5.bc" 
INFO-FLOW: exec C:/Xilinx/Vivado/2019.2/win64/tools/clang/bin/clang -fno-limit-debug-info -gcc-toolchain C:/Xilinx/Vivado/2019.2/msys -hls -hls-analyze-label -hls-analyze-pragma -fno-exceptions -D__llvm__ -w C:/Users/Kushagra/Desktop/EPFL_Sem2/Advanced_Computer_Architecture/Homeworks/HW3/tmp/dhls/hw3-kernels-optimized/kernel5/prj_kernel5/optimized/.autopilot/db/kernel5.pragma.2.cpp -fno-math-errno -c -emit-llvm -O0 -mllvm -disable-llvm-optzns -fno-threadsafe-statics -fno-use-cxa-atexit -DAESL_SYN -D__SYNTHESIS__ -D__HLS_SYN__ -I C:/Xilinx/Vivado/2019.2/common/technology/autopilot -I C:/Xilinx/Vivado/2019.2/common/technology/autopilot/ap_sysc -include etc/autopilot_ssdm_op.h -D__DSP48E1__ -g -o C:/Users/Kushagra/Desktop/EPFL_Sem2/Advanced_Computer_Architecture/Homeworks/HW3/tmp/dhls/hw3-kernels-optimized/kernel5/prj_kernel5/optimized/.autopilot/db/kernel5.bc
Command       clang done; 1.087 sec.
INFO-FLOW: Linking Debug ...
Execute       llvm-ld C:/Users/Kushagra/Desktop/EPFL_Sem2/Advanced_Computer_Architecture/Homeworks/HW3/tmp/dhls/hw3-kernels-optimized/kernel5/prj_kernel5/optimized/.autopilot/db/kernel5.g.bc -hls-opt -except-internalize kernel5 -LC:/Xilinx/Vivado/2019.2/win64/lib -lhlsm -lhlsmc++ -o C:/Users/Kushagra/Desktop/EPFL_Sem2/Advanced_Computer_Architecture/Homeworks/HW3/tmp/dhls/hw3-kernels-optimized/kernel5/prj_kernel5/optimized/.autopilot/db/a.g 
Command       llvm-ld done; 1.096 sec.
INFO: [HLS 200-111] Finished Linking Time (s): cpu = 00:00:01 ; elapsed = 00:00:07 . Memory (MB): peak = 186.113 ; gain = 95.863
INFO: [HLS 200-111] Finished Checking Pragmas Time (s): cpu = 00:00:01 ; elapsed = 00:00:07 . Memory (MB): peak = 186.113 ; gain = 95.863
Execute       get_config_sdx -target 
Execute       opt_and_import_c a -opt_level=2 -skip_syncheck=0 -ng=0 -keep_printf=0 
Execute         cleanup_all_models 
INFO: [HLS 200-10] Starting code transformations ...
Execute         transform -promote-dbg-pointer C:/Users/Kushagra/Desktop/EPFL_Sem2/Advanced_Computer_Architecture/Homeworks/HW3/tmp/dhls/hw3-kernels-optimized/kernel5/prj_kernel5/optimized/.autopilot/db/a.pp.bc -o C:/Users/Kushagra/Desktop/EPFL_Sem2/Advanced_Computer_Architecture/Homeworks/HW3/tmp/dhls/hw3-kernels-optimized/kernel5/prj_kernel5/optimized/.autopilot/db/a.pp.0.bc -f 
Execute         llvm-ld C:/Users/Kushagra/Desktop/EPFL_Sem2/Advanced_Computer_Architecture/Homeworks/HW3/tmp/dhls/hw3-kernels-optimized/kernel5/prj_kernel5/optimized/.autopilot/db/a.pp.0.bc -disable-opt -LC:/Xilinx/Vivado/2019.2/win64/lib -lfloatconversion -o C:/Users/Kushagra/Desktop/EPFL_Sem2/Advanced_Computer_Architecture/Homeworks/HW3/tmp/dhls/hw3-kernels-optimized/kernel5/prj_kernel5/optimized/.autopilot/db/a.g.0 
Command         llvm-ld done; 0.516 sec.
INFO-FLOW: Running Standard Transforms...
Execute         transform -hls -share-std-xform -demangle-name -inline-byval-memcpy -always-inline -promote-dbg-pointer -interface-preproc -mem2reg -scalarrepl -mem2reg -keep-read-access -instcombine -dce -promote-dbg-pointer -bitop-raise -loop-simplify -indvarspre -indvars -loop-simplify -xunroll -constprop -instcombine -simplifycfg -indvars -simplifycfg -dce -globaldce -basicaa -simplifycfg -mem2reg -globalopt -global-constprop -deadargelim -instcombine -simplifycfg -prune-eh -simplifycfg -scalarrepl -instcombine -reassociate -licm -simplifycfg -loop-simplify -indvars -instcombine -simplifycfg -mem2reg -loop-simplify -indvars -instcombine -gvn -gvn -instcombine -adce -break-crit-edges -simplifycfg -loop-delete -global-array-opt -dce -dse -adce -find-syn-modules -top kernel5 -deadargelim -mem2reg -instcombine -dce -presyn-prepare -auto-rom-infer -interface-preproc -syn-check -check-rec-only -find-region -simplifycfg -func-extr -function-inline -globaldce -mem2reg -instcombine -dce -gvn -globaldce -adce -adse -constprop -instcombine -bit-constprop -instcombine -dce -simplifycfg -bitop-raise -simplifycfg -dce -loop-delete -reassociate -globalopt -global-privatize -mem2reg -dce -global-constprop -pointer-simplify -constprop -dce -func-inst -deadargelim -auto-shift-reg-idiom -promote-dbg-pointer -norm-name C:/Users/Kushagra/Desktop/EPFL_Sem2/Advanced_Computer_Architecture/Homeworks/HW3/tmp/dhls/hw3-kernels-optimized/kernel5/prj_kernel5/optimized/.autopilot/db/a.g.0.bc -o C:/Users/Kushagra/Desktop/EPFL_Sem2/Advanced_Computer_Architecture/Homeworks/HW3/tmp/dhls/hw3-kernels-optimized/kernel5/prj_kernel5/optimized/.autopilot/db/a.g.1.bc -f -phase std-opt 
INFO: [HLS 200-111] Finished Standard Transforms Time (s): cpu = 00:00:01 ; elapsed = 00:00:08 . Memory (MB): peak = 186.113 ; gain = 95.863
INFO: [HLS 200-10] Checking synthesizability ...
INFO-FLOW: Checking Synthesizability 1/2..
Execute         transform -hls -syn-check -check-rec-only -disaggr -scalarrepl -norm-name -dce -mem2reg -instcombine -function-uniquify -directive-preproc -mem2reg -dse -dce -auto-rom-infer -dce -pag -array-normalize -instcombine -dce -warn-fifo-pointer -array-seg-normalize -instcombine -dce -array-flatten -instcombine -dce -array-burst -dce -deadargelim -promote-global-argument -simplifycfg -mem2reg -globaldce -dce -deadargelim -dce -instcombine -function-inline -globaldce -dce -doublePtrSimplify -doublePtrElim -dce -doublePtrSimplify -promote-dbg-pointer -dce -scalarrepl -dse -adse -instcombine -ptrLegalization -simplifycfg -dce -instcombine -pointer-simplify -ptrArgReplace -dce -instcombine -resolve-double-ptr -disaggr -scalarrepl -norm-name -dce -mem2reg -instcombine -ptrLegalization -simplifycfg -deadargelim -instcombine -dce -inst-simplify -function-uniquify -directive-preproc -mem2reg -dse -dce -globaldce -check-dspbuiltin C:/Users/Kushagra/Desktop/EPFL_Sem2/Advanced_Computer_Architecture/Homeworks/HW3/tmp/dhls/hw3-kernels-optimized/kernel5/prj_kernel5/optimized/.autopilot/db/a.g.1.bc -o C:/Users/Kushagra/Desktop/EPFL_Sem2/Advanced_Computer_Architecture/Homeworks/HW3/tmp/dhls/hw3-kernels-optimized/kernel5/prj_kernel5/optimized/.autopilot/db/a.g.2.prechk.bc -f 
INFO-FLOW: Checking Synthesizability 2/2..
Execute         transform -syn-check C:/Users/Kushagra/Desktop/EPFL_Sem2/Advanced_Computer_Architecture/Homeworks/HW3/tmp/dhls/hw3-kernels-optimized/kernel5/prj_kernel5/optimized/.autopilot/db/a.g.2.prechk.bc -o C:/Users/Kushagra/Desktop/EPFL_Sem2/Advanced_Computer_Architecture/Homeworks/HW3/tmp/dhls/hw3-kernels-optimized/kernel5/prj_kernel5/optimized/.autopilot/db/a.g.2.bc -f -phase syn-check 
INFO: [HLS 200-111] Finished Checking Synthesizability Time (s): cpu = 00:00:01 ; elapsed = 00:00:08 . Memory (MB): peak = 186.113 ; gain = 95.863
INFO-FLOW: Compiler optimizing ...
INFO-FLOW: Share syncheck's 1.bc for syn flow: copy C:/Users/Kushagra/Desktop/EPFL_Sem2/Advanced_Computer_Architecture/Homeworks/HW3/tmp/dhls/hw3-kernels-optimized/kernel5/prj_kernel5/optimized/.autopilot/db/a.g.1.bc to C:/Users/Kushagra/Desktop/EPFL_Sem2/Advanced_Computer_Architecture/Homeworks/HW3/tmp/dhls/hw3-kernels-optimized/kernel5/prj_kernel5/optimized/.autopilot/db/a.o.1.bc
INFO-FLOW: Presyn 1...
Execute         transform -hls -tmp C:/Users/Kushagra/Desktop/EPFL_Sem2/Advanced_Computer_Architecture/Homeworks/HW3/tmp/dhls/hw3-kernels-optimized/kernel5/prj_kernel5/optimized/.autopilot/db -interface-port-rename -type-info -function-uniquify -directive-preproc -mem2reg -dse -dce -disaggr -scalarrepl -norm-name -deadargelim -mem2reg -instcombine -dce -simplifycfg -auto-rom-infer -dce -function-uniquify -resource-proc -clib-intrinsic-prepare -dce -func-buffer -dce -pag -array-normalize -func-legal -instcombine -gvn -constprop -dce -simplifycfg -mem2reg -globaldce -resolve-double-ptr -dce -deadargelim -dce -instcombine -ptrArgReplace -mem2reg -dce -array-seg-normalize -deadargelim -instcombine -dce -pointer-simplify -dce -port-alignment -dce -interface-preproc -data-pack -instcombine -dce -basicaa -aggr-aa -aggrmodref-aa -aggr-aa -gvn -gvn -basicaa -aggr-aa -aggrmodref-aa -aggr-aa -dse -adse -adce -loop-simplify -indvars -instcombine -gvn -loop-simplify -mem2reg -dce -find-region -instcombine -auto-loop-pipeline -inst-simplify -interface-preproc -cfgopt -instcombine -indvars -auto-loop-unroll -loop-simplify -loop-bound -xunroll -constprop -instcombine -simplifycfg -indvars -simplifycfg -dce -globaldce -clean-region -attach-range -gvn -inst-simplify -constprop -simplifycfg -dce -pointer-simplify -dce -globalopt -constprop -dce -array-promote -constprop -dce -ptrArgReplace -mem2reg -simplifycfg -dce -auto-par -instcombine -dce -array-transform-check -array-reshape -instcombine -simplifycfg -dce -ptrArgReplace -deadargelim -mem2reg -instcombine -simplifycfg -dce -indvars -loop-simplify -loop-bound -xunroll -constprop -instcombine -simplifycfg -indvars -simplifycfg -dce -globaldce -basicaa -aggr-aa -aggrmodref-aa -aggr-aa -dse -duplicate-dataflow-processes -globaldce -instcombine -array-partition -instcombine -simplifycfg -dce -ptrArgReplace -global-constprop -deadargelim -mem2reg -func-legal -dce -global-constprop -deadargelim -mem2reg -simplifycfg -dce -merge-param -deadargelim -globalopt -constprop -dce -array-promote -constprop -dce -ptrArgReplace -mem2reg -simplifycfg -dce -mem-intrinsic-preproc -dce -global-internalize -global-privatize -mem2reg -globaldce -promote-global-argument -ptrArgReplace -mem2reg -dce -globalopt -mergereturn -simplify-global-access -mem2reg -dce -pointer-simplify -dce -functionattrs -basicaa -aggr-aa -aggrmodref-aa -aggr-aa -gvn -gvn -basicaa -aggr-aa -aggrmodref-aa -aggr-aa -dse -adse -adce -dce -norm-name -function-inline -complex-op-raise -inst-simplify -globaldce -func-inst -constprop -instcombine -simplifycfg -dce -func-legal -dce -loop-bound -arraycheck -bitwidthmin -on-by-dataflow -loop-delete -instcombine -simplifycfg -globaldce -dce -gvn -deadargelim -dce -loop-simplify -clean-region -simplifycfg -propagate-stable-arguments -loop-stream -instcombine -simplifycfg -dce -globaldce -duplicate-dataflow-processes -stream-intrinsic-preproc -dce -check-ap-stream -loop-simplify -eliminate-keepreads -extract-dataflow-in-loop -loop-simplify -dce -gvn -deadargelim -dse -check-dataflow-syntax -legalize-stream-variable -legalize-global -extract-subproc -dce -dead-channel-elimination -canonicalize-gep -globaldce -dce -gvn -deadargelim -annotate-dataflow-channels -scalar-propagation -deadargelim -globaldce -mem2reg -check-dataflow-channels -function-stream -dce -globaldce -prop-fifo-spec -internal-stream-gen -canonicalize-gep -globaldce -dce -gvn -deadargelim -mergereturn -indvars -loop-simplify -instcombine -array-stream -array-seg-normalize -array-partition -func-legal -instcombine -simplifycfg -dce -bundle-memfifo-ops -deadargelim -function-uniquify -directive-preproc -mem2reg -dse -dce -group-axi-access -licm -simplifycfg -dce -loop-delete -norm-name C:/Users/Kushagra/Desktop/EPFL_Sem2/Advanced_Computer_Architecture/Homeworks/HW3/tmp/dhls/hw3-kernels-optimized/kernel5/prj_kernel5/optimized/.autopilot/db/a.o.1.bc -o C:/Users/Kushagra/Desktop/EPFL_Sem2/Advanced_Computer_Architecture/Homeworks/HW3/tmp/dhls/hw3-kernels-optimized/kernel5/prj_kernel5/optimized/.autopilot/db/a.o.1.tmp.bc -f 
INFO: [XFORM 203-502] Unrolling all sub-loops inside loop 'loop' (kernel5.cpp:16) in function 'kernel5' for pipelining.
INFO: [HLS 200-489] Unrolling loop 'shift1' (kernel5.cpp:21) in function 'kernel5' completely with a factor of 7.
INFO: [HLS 200-489] Unrolling loop 'shift2' (kernel5.cpp:24) in function 'kernel5' completely with a factor of 5.
INFO: [XFORM 203-101] Partitioning array 'sum' (kernel5.cpp:6) in dimension 1 completely.
INFO: [XFORM 203-101] Partitioning array 'flag' (kernel5.cpp:7) in dimension 1 completely.
Command         transform done; 0.118 sec.
INFO-FLOW: Presyn 2...
Execute         transform -hls -keep-callgraph -scalarrepl -mem2reg -port-alignment -attach-range -dce -pipe-mux-gen -indvars -loop-bound -inst-simplify -instcombine -dce -merge-array-access -mem2reg -dce -clean-region -mergereturn -if-conv -instcombine -dce -constprop -basicaa -aggr-aa -aggrmodref-aa -aggr-aa -gvn -gvn -basicaa -aggr-aa -aggrmodref-aa -aggr-aa -dse -adse -adce -scalarrepl -mem2reg -global-constprop -deadargelim -deadargelim -instcombine -dce -simplifycfg -ptrArgReplace -mem2reg -function-inline -globaldce -mem2reg -instcombine -dce -expr-balance -instcombine -dce -bitwidthmin -interface-preproc -directive-preproc -inst-rectify -instcombine -dce -functionattrs -constprop -instcombine -bit-constprop -simplify-global-access -globalopt -globaldce -inst-simplify -instcombine -elimdeaddata -dce -loop-delete -simplifycfg -loop-simplify -auto-burst -norm-name C:/Users/Kushagra/Desktop/EPFL_Sem2/Advanced_Computer_Architecture/Homeworks/HW3/tmp/dhls/hw3-kernels-optimized/kernel5/prj_kernel5/optimized/.autopilot/db/a.o.1.tmp.bc -o C:/Users/Kushagra/Desktop/EPFL_Sem2/Advanced_Computer_Architecture/Homeworks/HW3/tmp/dhls/hw3-kernels-optimized/kernel5/prj_kernel5/optimized/.autopilot/db/a.o.2.bc -f -phase presyn 
INFO: [HLS 200-111] Finished Pre-synthesis Time (s): cpu = 00:00:01 ; elapsed = 00:00:08 . Memory (MB): peak = 186.113 ; gain = 95.863
INFO-FLOW: Building ssdm...
Execute         transform -hls -function-uniquify -auto-function-inline -globaldce -ptrArgReplace -mem2reg -dce -reset-lda -loop-simplify -indvars -licm -loop-dep -loop-bound -licm -loop-simplify -flattenloopnest -array-flatten -gvn -instcombine -dce -array-map -dce -func-legal -gvn -adce -instcombine -cfgopt -simplifycfg -loop-simplify -array-burst -promote-global-argument -dce -ptrLegalization -axi4-lower -array-seg-normalize -basicaa -aggrmodref-aa -globalsmodref-aa -aggr-aa -gvn -gvn -basicaa -aggrmodref-aa -globalsmodref-aa -aggr-aa -dse -adse -adce -licm -inst-simplify -dce -globaldce -instcombine -array-stream -eliminate-keepreads -instcombine -dce -deadargelim -doublePtrSimplify -doublePtrElim -dce -doublePtrSimplify -promote-dbg-pointer -dce -scalarrepl -mem2reg -disaggr -norm-name -mem2reg -instcombine -dse -adse -adce -ptrLegalization -dce -auto-rom-infer -array-flatten -dce -instcombine -check-doubleptr -loop-rot -constprop -cfgopt -simplifycfg -loop-simplify -indvars -pointer-simplify -dce -loop-bound -loop-simplify -loop-preproc -constprop -global-constprop -gvn -mem2reg -instcombine -dce -loop-bound -loop-merge -dce -bitwidthmin -deadargelim -dce -canonicalize-dataflow -dce -scalar-propagation -deadargelim -globaldce -mem2reg -read-loop-dep -interface-preproc -directive-preproc -interface-gen -bram-byte-enable -deadargelim -inst-simplify -dce -gvn -mem2reg -instcombine -dce -adse -loop-bound -instcombine -cfgopt -simplifycfg -loop-simplify -clean-region -io-protocol -find-region -mem2reg -bitop-raise -complex-op-raise -inst-simplify -inst-rectify -instcombine -adce -deadargelim -loop-simplify -phi-opt -bitop-raise -cfgopt -simplifycfg -strip-dead-prototypes -interface-lower -bitop-lower -intrinsic-lower -auto-function-inline -basicaa -aggrmodref-aa -globalsmodref-aa -aggr-aa -inst-simplify -simplifycfg -loop-simplify -mergereturn -inst-simplify -inst-rectify -dce -load-elim -bitop-lower -loop-rewind -pointer-simplify -dce -cfgopt -dce -loop-bound -loop-dep -read-loop-dep -dce -check-stream -norm-name -legalize -validate-dataflow -inst-clarity -bitwidth -dump-loop-dep-to-ir -check-all-ssdm -cdfg-build C:/Users/Kushagra/Desktop/EPFL_Sem2/Advanced_Computer_Architecture/Homeworks/HW3/tmp/dhls/hw3-kernels-optimized/kernel5/prj_kernel5/optimized/.autopilot/db/a.o.2.bc -o C:/Users/Kushagra/Desktop/EPFL_Sem2/Advanced_Computer_Architecture/Homeworks/HW3/tmp/dhls/hw3-kernels-optimized/kernel5/prj_kernel5/optimized/.autopilot/db/a.o.3.bc -f -phase build-ssdm 
INFO: [ANALYSIS 214-51] Found intra dependency for variable 'flag[3]' (kernel5.cpp:7).
INFO: [ANALYSIS 214-51] Found intra dependency for variable 'flag[5]' (kernel5.cpp:7).
INFO: [ANALYSIS 214-51] Found intra dependency for variable 'flag[7]' (kernel5.cpp:7).
INFO: [ANALYSIS 214-51] Found intra dependency for variable 'flag[6]' (kernel5.cpp:7).
INFO: [ANALYSIS 214-51] Found intra dependency for variable 'flag[2]' (kernel5.cpp:7).
INFO: [ANALYSIS 214-51] Found intra dependency for variable 'flag[1]' (kernel5.cpp:7).
INFO: [ANALYSIS 214-51] Found intra dependency for variable 'flag[0]' (kernel5.cpp:7).
INFO: [ANALYSIS 214-51] Found intra dependency for variable 'flag[4]' (kernel5.cpp:7).
Command         transform done; 0.166 sec.
INFO: [HLS 200-111] Finished Architecture Synthesis Time (s): cpu = 00:00:01 ; elapsed = 00:00:08 . Memory (MB): peak = 186.113 ; gain = 95.863
INFO-FLOW: Finish building internal data model.
Command       opt_and_import_c done; 0.974 sec.
Command     elaborate done; 6.151 sec.
Execute     autosyn -from_csynth_design=1 
INFO: [HLS 200-10] Starting hardware synthesis ...
INFO-FLOW: Synthesizing C/C++ design ...
INFO: [HLS 200-10] Synthesizing 'kernel5' ...
Execute       ap_set_top_model kernel5 
Execute       get_model_list kernel5 -filter all-wo-channel -topdown 
Execute       preproc_iomode -model kernel5 
Execute       get_model_list kernel5 -filter all-wo-channel 
INFO-FLOW: Model list for configure: kernel5
INFO-FLOW: Configuring Module : kernel5 ...
Execute       set_default_model kernel5 
Execute       apply_spec_resource_limit kernel5 
INFO-FLOW: Model list for preprocess: kernel5
INFO-FLOW: Preprocessing Module: kernel5 ...
Execute       set_default_model kernel5 
Execute       cdfg_preprocess -model kernel5 
Execute       rtl_gen_preprocess kernel5 
INFO-FLOW: Model list for synthesis: kernel5
INFO: [HLS 200-10] ----------------------------------------------------------------
INFO: [HLS 200-42] -- Implementing module 'kernel5' 
INFO: [HLS 200-10] ----------------------------------------------------------------
Execute       set_default_model kernel5 
Execute       schedule -model kernel5 
INFO: [SCHED 204-11] Starting scheduling ...
INFO: [SCHED 204-61] Pipelining loop 'fill'.
INFO: [SCHED 204-61] Pipelining result : Target II = 1, Final II = 1, Depth = 8.
INFO: [SCHED 204-61] Pipelining loop 'loop'.
INFO: [SCHED 204-61] Pipelining result : Target II = 1, Final II = 1, Depth = 7.
INFO: [SCHED 204-11] Finished scheduling.
INFO: [HLS 200-111]  Elapsed time: 8.451 seconds; current allocated memory: 103.284 MB.
Execute       syn_report -verbosereport -o C:/Users/Kushagra/Desktop/EPFL_Sem2/Advanced_Computer_Architecture/Homeworks/HW3/tmp/dhls/hw3-kernels-optimized/kernel5/prj_kernel5/optimized/.autopilot/db/kernel5.verbose.sched.rpt 
Execute       db_write -o C:/Users/Kushagra/Desktop/EPFL_Sem2/Advanced_Computer_Architecture/Homeworks/HW3/tmp/dhls/hw3-kernels-optimized/kernel5/prj_kernel5/optimized/.autopilot/db/kernel5.sched.adb -f 
INFO-FLOW: Finish scheduling kernel5.
Execute       set_default_model kernel5 
Execute       bind -model kernel5 
BIND OPTION: model=kernel5
INFO: [BIND 205-100] Starting micro-architecture generation ...
INFO: [BIND 205-101] Performing variable lifetime analysis.
INFO: [BIND 205-101] Exploring resource sharing.
INFO: [BIND 205-101] Binding ...
INFO: [BIND 205-100] Finished micro-architecture generation.
INFO: [HLS 200-111]  Elapsed time: 0.103 seconds; current allocated memory: 103.793 MB.
Execute       syn_report -verbosereport -o C:/Users/Kushagra/Desktop/EPFL_Sem2/Advanced_Computer_Architecture/Homeworks/HW3/tmp/dhls/hw3-kernels-optimized/kernel5/prj_kernel5/optimized/.autopilot/db/kernel5.verbose.bind.rpt 
Execute       db_write -o C:/Users/Kushagra/Desktop/EPFL_Sem2/Advanced_Computer_Architecture/Homeworks/HW3/tmp/dhls/hw3-kernels-optimized/kernel5/prj_kernel5/optimized/.autopilot/db/kernel5.bind.adb -f 
INFO-FLOW: Finish binding kernel5.
Execute       get_model_list kernel5 -filter all-wo-channel 
INFO-FLOW: Preprocessing for RTLGen ...
Execute       rtl_gen_preprocess kernel5 
INFO-FLOW: Model list for RTL generation: kernel5
INFO: [HLS 200-10] ----------------------------------------------------------------
INFO: [HLS 200-10] -- Generating RTL for module 'kernel5' 
INFO: [HLS 200-10] ----------------------------------------------------------------
Execute       get_config_rtl -module_prefix 
Execute       get_config_rtl -module_auto_prefix 
Execute       create_rtl_model kernel5 -vendor xilinx -mg_file C:/Users/Kushagra/Desktop/EPFL_Sem2/Advanced_Computer_Architecture/Homeworks/HW3/tmp/dhls/hw3-kernels-optimized/kernel5/prj_kernel5/optimized/.autopilot/db/kernel5.compgen.tcl 
INFO: [RTGEN 206-500] Setting interface mode on port 'kernel5/bound' to 'ap_none'.
INFO: [RTGEN 206-500] Setting interface mode on port 'kernel5/a' to 'ap_memory'.
INFO: [RTGEN 206-500] Setting interface mode on port 'kernel5/b' to 'ap_memory'.
INFO: [RTGEN 206-500] Setting interface mode on function 'kernel5' to 'ap_ctrl_hs'.
INFO: [SYN 201-210] Renamed object name 'kernel5_fadd_32ns_32ns_32_4_full_dsp_1' to 'kernel5_fadd_32nsbkb' due to the length limit 20
INFO: [SYN 201-210] Renamed object name 'kernel5_fcmp_32ns_32ns_1_2_1' to 'kernel5_fcmp_32nscud' due to the length limit 20
INFO: [RTGEN 206-100] Generating core module 'kernel5_fadd_32nsbkb': 1 instance(s).
INFO: [RTGEN 206-100] Generating core module 'kernel5_fcmp_32nscud': 1 instance(s).
INFO: [RTGEN 206-100] Finished creating RTL model for 'kernel5'.
INFO: [HLS 200-111]  Elapsed time: 0.195 seconds; current allocated memory: 104.702 MB.
Execute       source C:/Users/Kushagra/Desktop/EPFL_Sem2/Advanced_Computer_Architecture/Homeworks/HW3/tmp/dhls/hw3-kernels-optimized/kernel5/prj_kernel5/optimized/.autopilot/db/kernel5.rtl_wrap.cfg.tcl 
Execute       gen_rtl kernel5 -istop -style xilinx -tracefl mytrace -tracefmt vcd -traceopt all -f -lang sc -o C:/Users/Kushagra/Desktop/EPFL_Sem2/Advanced_Computer_Architecture/Homeworks/HW3/tmp/dhls/hw3-kernels-optimized/kernel5/prj_kernel5/optimized/syn/systemc/kernel5 -synmodules kernel5 
Execute       gen_rtl kernel5 -istop -style xilinx -f -lang vhdl -o C:/Users/Kushagra/Desktop/EPFL_Sem2/Advanced_Computer_Architecture/Homeworks/HW3/tmp/dhls/hw3-kernels-optimized/kernel5/prj_kernel5/optimized/syn/vhdl/kernel5 
Execute       gen_rtl kernel5 -istop -style xilinx -f -lang vlog -o C:/Users/Kushagra/Desktop/EPFL_Sem2/Advanced_Computer_Architecture/Homeworks/HW3/tmp/dhls/hw3-kernels-optimized/kernel5/prj_kernel5/optimized/syn/verilog/kernel5 
Execute       syn_report -csynth -model kernel5 -o C:/Users/Kushagra/Desktop/EPFL_Sem2/Advanced_Computer_Architecture/Homeworks/HW3/tmp/dhls/hw3-kernels-optimized/kernel5/prj_kernel5/optimized/syn/report/kernel5_csynth.rpt 
Execute       syn_report -rtlxml -model kernel5 -o C:/Users/Kushagra/Desktop/EPFL_Sem2/Advanced_Computer_Architecture/Homeworks/HW3/tmp/dhls/hw3-kernels-optimized/kernel5/prj_kernel5/optimized/syn/report/kernel5_csynth.xml 
Execute       syn_report -verbosereport -model kernel5 -o C:/Users/Kushagra/Desktop/EPFL_Sem2/Advanced_Computer_Architecture/Homeworks/HW3/tmp/dhls/hw3-kernels-optimized/kernel5/prj_kernel5/optimized/.autopilot/db/kernel5.verbose.rpt 
Execute       db_write -model kernel5 -f -o C:/Users/Kushagra/Desktop/EPFL_Sem2/Advanced_Computer_Architecture/Homeworks/HW3/tmp/dhls/hw3-kernels-optimized/kernel5/prj_kernel5/optimized/.autopilot/db/kernel5.adb 
Execute       gen_tb_info kernel5 -p C:/Users/Kushagra/Desktop/EPFL_Sem2/Advanced_Computer_Architecture/Homeworks/HW3/tmp/dhls/hw3-kernels-optimized/kernel5/prj_kernel5/optimized/.autopilot/db -o C:/Users/Kushagra/Desktop/EPFL_Sem2/Advanced_Computer_Architecture/Homeworks/HW3/tmp/dhls/hw3-kernels-optimized/kernel5/prj_kernel5/optimized/.autopilot/db/kernel5 
Execute       export_constraint_db -f -tool general -o C:/Users/Kushagra/Desktop/EPFL_Sem2/Advanced_Computer_Architecture/Homeworks/HW3/tmp/dhls/hw3-kernels-optimized/kernel5/prj_kernel5/optimized/.autopilot/db/kernel5.constraint.tcl 
Execute       syn_report -designview -model kernel5 -o C:/Users/Kushagra/Desktop/EPFL_Sem2/Advanced_Computer_Architecture/Homeworks/HW3/tmp/dhls/hw3-kernels-optimized/kernel5/prj_kernel5/optimized/.autopilot/db/kernel5.design.xml 
Execute       get_config_rtl -disable_wave_debug 
Execute       syn_report -wcfg -model kernel5 -o C:/Users/Kushagra/Desktop/EPFL_Sem2/Advanced_Computer_Architecture/Homeworks/HW3/tmp/dhls/hw3-kernels-optimized/kernel5/prj_kernel5/optimized/.autopilot/db/kernel5_dataflow_ana.wcfg 
Execute       syn_report -protoinst -model kernel5 -o C:/Users/Kushagra/Desktop/EPFL_Sem2/Advanced_Computer_Architecture/Homeworks/HW3/tmp/dhls/hw3-kernels-optimized/kernel5/prj_kernel5/optimized/.autopilot/db/kernel5.protoinst 
Execute       get_config_debug -directory 
Execute       sc_get_clocks kernel5 
Execute       get_config_export -vivado_clock 
Execute       sc_get_portdomain kernel5 
INFO-FLOW: Model list for RTL component generation: kernel5
INFO-FLOW: Handling components in module [kernel5] ... 
Execute       source C:/Users/Kushagra/Desktop/EPFL_Sem2/Advanced_Computer_Architecture/Homeworks/HW3/tmp/dhls/hw3-kernels-optimized/kernel5/prj_kernel5/optimized/.autopilot/db/kernel5.compgen.tcl 
INFO-FLOW: Found component kernel5_fadd_32nsbkb.
INFO-FLOW: Append model kernel5_fadd_32nsbkb
INFO-FLOW: Found component kernel5_fcmp_32nscud.
INFO-FLOW: Append model kernel5_fcmp_32nscud
INFO-FLOW: Append model kernel5
INFO-FLOW: Generating RTL model list ...
INFO-FLOW: All models in this session: kernel5_fadd_32nsbkb kernel5_fcmp_32nscud kernel5
INFO-FLOW: To file: write model kernel5_fadd_32nsbkb
INFO-FLOW: To file: write model kernel5_fcmp_32nscud
INFO-FLOW: To file: write model kernel5
INFO-FLOW: Finished generating RTL model list.


INFO-FLOW: RTL Generation done.
INFO-FLOW: CAS Generation done.
INFO-FLOW: CBC Generation done.
Execute       syn_report -model kernel5 -printsummary 
INFO: [HLS 200-790] **** Loop Constraint Status: All loop constraints were satisfied.
INFO: [HLS 200-789] **** Estimated Fmax: 129.58 MHz
INFO-FLOW: DBG:CMD: auto_generate_csynth_design
INFO-FLOW: DBG:CMD:     auto_generate --sim-model -phase csynth_design -d C:/Users/Kushagra/Desktop/EPFL_Sem2/Advanced_Computer_Architecture/Homeworks/HW3/tmp/dhls/hw3-kernels-optimized/kernel5/prj_kernel5/optimized
Execute       source C:/Users/Kushagra/Desktop/EPFL_Sem2/Advanced_Computer_Architecture/Homeworks/HW3/tmp/dhls/hw3-kernels-optimized/kernel5/prj_kernel5/optimized/.autopilot/db/global.setting.tcl 
INFO-FLOW: DBG:CMD: read_platform_lib C:/Users/Kushagra/Desktop/EPFL_Sem2/Advanced_Computer_Architecture/Homeworks/HW3/tmp/dhls/hw3-kernels-optimized/kernel5/prj_kernel5/optimized/.autopilot/db/global.setting.tcl
Execute       source C:/Xilinx/Vivado/2019.2/common/technology/generic/autopilot/common.gen 
Execute         source C:/Xilinx/Vivado/2019.2/common/technology/generic/autopilot/APCoreGen.gen 
Execute       source C:/Xilinx/Vivado/2019.2/common/technology/generic/autopilot/op.gen 
Execute       source C:/Xilinx/Vivado/2019.2/common/technology/generic/autopilot/op_simcore.gen 
Execute       source C:/Xilinx/Vivado/2019.2/common/technology/generic/autopilot/interface.gen 
Execute       source C:/Users/Kushagra/Desktop/EPFL_Sem2/Advanced_Computer_Architecture/Homeworks/HW3/tmp/dhls/hw3-kernels-optimized/kernel5/prj_kernel5/optimized/.autopilot/db/global.setting.tcl 
Execute       source C:/Xilinx/Vivado/2019.2/common/technology/xilinx/kintex7/kintex7.gen 
Execute         source C:/Xilinx/Vivado/2019.2/common/technology/xilinx/common/xilinx.gen 
Execute           source C:/Xilinx/Vivado/2019.2/common/technology/xilinx/interface/plb46.gen 
Execute           source C:/Xilinx/Vivado/2019.2/common/technology/xilinx/interface/fsl.gen 
Execute           source C:/Xilinx/Vivado/2019.2/common/technology/xilinx/interface/axi4.gen 
Execute           source C:/Xilinx/Vivado/2019.2/common/technology/xilinx/interface/nativeAXI4.gen 
Execute             source C:/Xilinx/Vivado/2019.2/common/technology/xilinx/interface/saxilite.gen 
Execute             source C:/Xilinx/Vivado/2019.2/common/technology/xilinx/interface/maxi.gen 
Execute           source C:/Xilinx/Vivado/2019.2/common/technology/xilinx/scripts/xilinxcoregen.gen 
Execute           source C:/Xilinx/Vivado/2019.2/common/technology/xilinx/interface/XilEDKCoreGen.gen 
Execute           source C:/Xilinx/Vivado/2019.2/common/technology/xilinx/ip/dds_compiler.gen 
Execute           source C:/Xilinx/Vivado/2019.2/common/technology/xilinx/ip/util.gen 
Execute           source C:/Xilinx/Vivado/2019.2/common/technology/xilinx/ip/xfft.gen 
Execute           source C:/Xilinx/Vivado/2019.2/common/technology/xilinx/ip/xfir.gen 
Execute           source C:/Xilinx/Vivado/2019.2/common/technology/xilinx/common/dsp48.gen 
Command         ap_source done; 0.136 sec.
Command       ap_source done; 0.136 sec.
Execute       source C:/Xilinx/Vivado/2019.2/common/technology/xilinx/kintex7/kintex7_fpv6.gen 
Execute         source C:/Xilinx/Vivado/2019.2/common/technology/xilinx/common/xilinx_fp.gen 
INFO-FLOW: DBG:CMD:   using AESL_AUTOCG::g_clock_period=10.000 (was NA)
INFO-FLOW: DBG:CMD:       generate_ip_cores sim=1 export=0 expOnly=0 dstVlogDir=syn/verilog
Execute       source C:/Users/Kushagra/Desktop/EPFL_Sem2/Advanced_Computer_Architecture/Homeworks/HW3/tmp/dhls/hw3-kernels-optimized/kernel5/prj_kernel5/optimized/.autopilot/db/global.setting.tcl 
Execute       ap_part_info -name xc7k160t-fbg484-1 -data names -quiet 
Execute       ap_part_info -name xc7k160t-fbg484-1 -data info -quiet 
Execute       source C:/Users/Kushagra/Desktop/EPFL_Sem2/Advanced_Computer_Architecture/Homeworks/HW3/tmp/dhls/hw3-kernels-optimized/kernel5/prj_kernel5/optimized/.autopilot/db/global.setting.tcl 
Execute       source C:/Users/Kushagra/Desktop/EPFL_Sem2/Advanced_Computer_Architecture/Homeworks/HW3/tmp/dhls/hw3-kernels-optimized/kernel5/prj_kernel5/optimized/.autopilot/db/global.setting.tcl 
Execute       source C:/Users/Kushagra/Desktop/EPFL_Sem2/Advanced_Computer_Architecture/Homeworks/HW3/tmp/dhls/hw3-kernels-optimized/kernel5/prj_kernel5/optimized/.autopilot/db/kernel5.compgen.tcl 
Execute         ap_part_info -name xc7k160t-fbg484-1 -data names -quiet 
Execute         ap_part_info -name xc7k160t-fbg484-1 -data info -quiet 
Execute         ap_part_info -name xc7k160t-fbg484-1 -data names -quiet 
Execute         ap_part_info -name xc7k160t-fbg484-1 -data info -quiet 
Command       ap_source done; 0.186 sec.
INFO-FLOW: DBG:CMD:     auto_generate -export -impltomg_flag -rtl both -tool Vivado -pcore_version 1.00.a -phase csynth_design -d C:/Users/Kushagra/Desktop/EPFL_Sem2/Advanced_Computer_Architecture/Homeworks/HW3/tmp/dhls/hw3-kernels-optimized/kernel5/prj_kernel5/optimized
Execute       source C:/Users/Kushagra/Desktop/EPFL_Sem2/Advanced_Computer_Architecture/Homeworks/HW3/tmp/dhls/hw3-kernels-optimized/kernel5/prj_kernel5/optimized/.autopilot/db/global.setting.tcl 
INFO-FLOW: DBG:CMD: read_platform_lib C:/Users/Kushagra/Desktop/EPFL_Sem2/Advanced_Computer_Architecture/Homeworks/HW3/tmp/dhls/hw3-kernels-optimized/kernel5/prj_kernel5/optimized/.autopilot/db/global.setting.tcl
Execute       source C:/Xilinx/Vivado/2019.2/common/technology/generic/autopilot/common.gen 
Execute         source C:/Xilinx/Vivado/2019.2/common/technology/generic/autopilot/APCoreGen.gen 
Execute       source C:/Xilinx/Vivado/2019.2/common/technology/generic/autopilot/op.gen 
Execute       source C:/Xilinx/Vivado/2019.2/common/technology/generic/autopilot/op_simcore.gen 
Execute       source C:/Xilinx/Vivado/2019.2/common/technology/generic/autopilot/interface.gen 
Execute       source C:/Users/Kushagra/Desktop/EPFL_Sem2/Advanced_Computer_Architecture/Homeworks/HW3/tmp/dhls/hw3-kernels-optimized/kernel5/prj_kernel5/optimized/.autopilot/db/global.setting.tcl 
Execute       source C:/Xilinx/Vivado/2019.2/common/technology/xilinx/kintex7/kintex7.gen 
Execute         source C:/Xilinx/Vivado/2019.2/common/technology/xilinx/common/xilinx.gen 
Execute           source C:/Xilinx/Vivado/2019.2/common/technology/xilinx/interface/plb46.gen 
Execute           source C:/Xilinx/Vivado/2019.2/common/technology/xilinx/interface/fsl.gen 
Execute           source C:/Xilinx/Vivado/2019.2/common/technology/xilinx/interface/axi4.gen 
Execute           source C:/Xilinx/Vivado/2019.2/common/technology/xilinx/interface/nativeAXI4.gen 
Execute             source C:/Xilinx/Vivado/2019.2/common/technology/xilinx/interface/saxilite.gen 
Execute             source C:/Xilinx/Vivado/2019.2/common/technology/xilinx/interface/maxi.gen 
Execute           source C:/Xilinx/Vivado/2019.2/common/technology/xilinx/scripts/xilinxcoregen.gen 
Execute           source C:/Xilinx/Vivado/2019.2/common/technology/xilinx/interface/XilEDKCoreGen.gen 
Execute           source C:/Xilinx/Vivado/2019.2/common/technology/xilinx/ip/dds_compiler.gen 
Execute           source C:/Xilinx/Vivado/2019.2/common/technology/xilinx/ip/util.gen 
Execute           source C:/Xilinx/Vivado/2019.2/common/technology/xilinx/ip/xfft.gen 
Execute           source C:/Xilinx/Vivado/2019.2/common/technology/xilinx/ip/xfir.gen 
Execute           source C:/Xilinx/Vivado/2019.2/common/technology/xilinx/common/dsp48.gen 
Command         ap_source done; 0.123 sec.
Command       ap_source done; 0.123 sec.
Execute       source C:/Xilinx/Vivado/2019.2/common/technology/xilinx/kintex7/kintex7_fpv6.gen 
Execute         source C:/Xilinx/Vivado/2019.2/common/technology/xilinx/common/xilinx_fp.gen 
INFO-FLOW: DBG:CMD:       initCTypeInfo top_module=kernel5 xml_exists=0
Execute       source C:/Users/Kushagra/Desktop/EPFL_Sem2/Advanced_Computer_Architecture/Homeworks/HW3/tmp/dhls/hw3-kernels-optimized/kernel5/prj_kernel5/optimized/.autopilot/db/kernel5.rtl_wrap.cfg.tcl 
Execute       source C:/Users/Kushagra/Desktop/EPFL_Sem2/Advanced_Computer_Architecture/Homeworks/HW3/tmp/dhls/hw3-kernels-optimized/kernel5/prj_kernel5/optimized/.autopilot/db/kernel5.rtl_wrap.cfg.tcl 
Execute       source C:/Users/Kushagra/Desktop/EPFL_Sem2/Advanced_Computer_Architecture/Homeworks/HW3/tmp/dhls/hw3-kernels-optimized/kernel5/prj_kernel5/optimized/.autopilot/db/kernel5.rtl_wrap.cfg.tcl 
Execute       source C:/Users/Kushagra/Desktop/EPFL_Sem2/Advanced_Computer_Architecture/Homeworks/HW3/tmp/dhls/hw3-kernels-optimized/kernel5/prj_kernel5/optimized/.autopilot/db/kernel5.tbgen.tcl 
Execute       source C:/Users/Kushagra/Desktop/EPFL_Sem2/Advanced_Computer_Architecture/Homeworks/HW3/tmp/dhls/hw3-kernels-optimized/kernel5/prj_kernel5/optimized/.autopilot/db/kernel5.tbgen.tcl 
INFO-FLOW: DBG:CMD:       export_impl_rtl
INFO-FLOW: DBG:CMD:       generate_ip_cores sim=0 export=0 expOnly=0 dstVlogDir=impl/.verilog
Execute       source C:/Users/Kushagra/Desktop/EPFL_Sem2/Advanced_Computer_Architecture/Homeworks/HW3/tmp/dhls/hw3-kernels-optimized/kernel5/prj_kernel5/optimized/.autopilot/db/global.setting.tcl 
Execute       source C:/Users/Kushagra/Desktop/EPFL_Sem2/Advanced_Computer_Architecture/Homeworks/HW3/tmp/dhls/hw3-kernels-optimized/kernel5/prj_kernel5/optimized/.autopilot/db/kernel5.compgen.tcl 
Execute         ap_part_info -name xc7k160t-fbg484-1 -data names -quiet 
Execute         ap_part_info -name xc7k160t-fbg484-1 -data info -quiet 
Execute         ap_part_info -name xc7k160t-fbg484-1 -data names -quiet 
Execute         ap_part_info -name xc7k160t-fbg484-1 -data info -quiet 
Command       ap_source done; 0.112 sec.
INFO-FLOW: DBG:CMD:       generate_ip_cores sim=0 export=1 expOnly=1 dstVlogDir=impl/.pcores/verilog
Execute       source C:/Users/Kushagra/Desktop/EPFL_Sem2/Advanced_Computer_Architecture/Homeworks/HW3/tmp/dhls/hw3-kernels-optimized/kernel5/prj_kernel5/optimized/.autopilot/db/global.setting.tcl 
Execute       source C:/Users/Kushagra/Desktop/EPFL_Sem2/Advanced_Computer_Architecture/Homeworks/HW3/tmp/dhls/hw3-kernels-optimized/kernel5/prj_kernel5/optimized/.autopilot/db/kernel5.compgen.tcl 
Execute         ap_part_info -name xc7k160t-fbg484-1 -data names -quiet 
Execute         ap_part_info -name xc7k160t-fbg484-1 -data info -quiet 
Execute         ap_part_info -name xc7k160t-fbg484-1 -data names -quiet 
Execute         ap_part_info -name xc7k160t-fbg484-1 -data info -quiet 
Execute         source C:/Users/Kushagra/Desktop/EPFL_Sem2/Advanced_Computer_Architecture/Homeworks/HW3/tmp/dhls/hw3-kernels-optimized/kernel5/prj_kernel5/optimized/.autopilot/db/kernel5.tbgen.tcl 
Execute         source C:/Users/Kushagra/Desktop/EPFL_Sem2/Advanced_Computer_Architecture/Homeworks/HW3/tmp/dhls/hw3-kernels-optimized/kernel5/prj_kernel5/optimized/.autopilot/db/kernel5.tbgen.tcl 
Execute         ap_part_info -name xc7k160t-fbg484-1 -data names -quiet 
Execute         ap_part_info -name xc7k160t-fbg484-1 -data info -quiet 
Execute         ap_part_info -name xc7k160t-fbg484-1 -data names -quiet 
Execute         ap_part_info -name xc7k160t-fbg484-1 -data info -quiet 
Execute         ap_part_info -name xc7k160t-fbg484-1 -data names -quiet 
Execute         ap_part_info -name xc7k160t-fbg484-1 -data info -quiet 
Execute         ap_part_info -name xc7k160t-fbg484-1 -data names -quiet 
Execute         ap_part_info -name xc7k160t-fbg484-1 -data info -quiet 
Execute         ap_part_info -name xc7k160t-fbg484-1 -data names -quiet 
Execute         ap_part_info -name xc7k160t-fbg484-1 -data info -quiet 
Execute         ap_part_info -name xc7k160t-fbg484-1 -data names -quiet 
Execute         ap_part_info -name xc7k160t-fbg484-1 -data info -quiet 
Execute         ap_part_info -name xc7k160t-fbg484-1 -data names -quiet 
Execute         ap_part_info -name xc7k160t-fbg484-1 -data info -quiet 
Command       ap_source done; 0.238 sec.
Execute       ap_part_info -name xc7k160t-fbg484-1 -data names -quiet 
Execute       ap_part_info -name xc7k160t-fbg484-1 -data info -quiet 
INFO-FLOW: DBG:CMD:       generate_ip_cores sim=0 export=0 expOnly=0 dstVlogDir=impl/.pcores/verilog_sim
Execute       source C:/Users/Kushagra/Desktop/EPFL_Sem2/Advanced_Computer_Architecture/Homeworks/HW3/tmp/dhls/hw3-kernels-optimized/kernel5/prj_kernel5/optimized/.autopilot/db/global.setting.tcl 
Execute       source C:/Users/Kushagra/Desktop/EPFL_Sem2/Advanced_Computer_Architecture/Homeworks/HW3/tmp/dhls/hw3-kernels-optimized/kernel5/prj_kernel5/optimized/.autopilot/db/kernel5.compgen.tcl 
Execute       ap_part_info -name xc7k160t-fbg484-1 -data names -quiet 
Execute       ap_part_info -name xc7k160t-fbg484-1 -data info -quiet 
Execute       ap_part_info -name xc7k160t-fbg484-1 -data names -quiet 
Execute       ap_part_info -name xc7k160t-fbg484-1 -data info -quiet 
Execute       source C:/Users/Kushagra/Desktop/EPFL_Sem2/Advanced_Computer_Architecture/Homeworks/HW3/tmp/dhls/hw3-kernels-optimized/kernel5/prj_kernel5/optimized/.autopilot/db/global.setting.tcl 
Execute       ap_part_info -name xc7k160t-fbg484-1 -data names -quiet 
Execute       ap_part_info -name xc7k160t-fbg484-1 -data info -quiet 
Execute       source C:/Users/Kushagra/Desktop/EPFL_Sem2/Advanced_Computer_Architecture/Homeworks/HW3/tmp/dhls/hw3-kernels-optimized/kernel5/prj_kernel5/optimized/.autopilot/db/kernel5.constraint.tcl 
Execute       source C:/Users/Kushagra/Desktop/EPFL_Sem2/Advanced_Computer_Architecture/Homeworks/HW3/tmp/dhls/hw3-kernels-optimized/kernel5/prj_kernel5/optimized/.autopilot/db/kernel5.tbgen.tcl 
INFO-FLOW: DBG:CMD:       hasPcoreIpAdapter=false #gSsdmPorts=10
INFO-FLOW: DBG:CMD: Skipping loadAnalyze_DB, #g_database=4
INFO-FLOW: DBG:CMD:       generate_json is_phase_csynth=1 g_has_adaptors=false generate_bd_files=0 #modelList=3 #gSsdmPorts=10
Execute       source C:/Xilinx/Vivado/2019.2/tps/tcl/tcllib1.11.1/fileutil/fileutil.tcl 
Execute       source C:/Users/Kushagra/Desktop/EPFL_Sem2/Advanced_Computer_Architecture/Homeworks/HW3/tmp/dhls/hw3-kernels-optimized/kernel5/prj_kernel5/optimized/.autopilot/db/global.setting.tcl 
Execute       source C:/Users/Kushagra/Desktop/EPFL_Sem2/Advanced_Computer_Architecture/Homeworks/HW3/tmp/dhls/hw3-kernels-optimized/kernel5/prj_kernel5/optimized/.autopilot/db/global.setting.tcl 
Execute       get_config_export -xo 
Execute       source C:/Users/Kushagra/Desktop/EPFL_Sem2/Advanced_Computer_Architecture/Homeworks/HW3/tmp/dhls/hw3-kernels-optimized/kernel5/prj_kernel5/optimized/.autopilot/db/kernel5.tbgen.tcl 
Execute       source C:/Users/Kushagra/Desktop/EPFL_Sem2/Advanced_Computer_Architecture/Homeworks/HW3/tmp/dhls/hw3-kernels-optimized/kernel5/prj_kernel5/optimized/.autopilot/db/kernel5.tbgen.tcl 
Execute       source C:/Users/Kushagra/Desktop/EPFL_Sem2/Advanced_Computer_Architecture/Homeworks/HW3/tmp/dhls/hw3-kernels-optimized/kernel5/prj_kernel5/optimized/.autopilot/db/kernel5.tbgen.tcl 
Execute       source C:/Users/Kushagra/Desktop/EPFL_Sem2/Advanced_Computer_Architecture/Homeworks/HW3/tmp/dhls/hw3-kernels-optimized/kernel5/prj_kernel5/optimized/.autopilot/db/global.setting.tcl 
Execute       get_config_sdx -target 
Execute       source C:/Users/Kushagra/Desktop/EPFL_Sem2/Advanced_Computer_Architecture/Homeworks/HW3/tmp/dhls/hw3-kernels-optimized/kernel5/prj_kernel5/optimized/.autopilot/db/kernel5.rtl_wrap.cfg.tcl 
Execute       source C:/Users/Kushagra/Desktop/EPFL_Sem2/Advanced_Computer_Architecture/Homeworks/HW3/tmp/dhls/hw3-kernels-optimized/kernel5/prj_kernel5/optimized/.autopilot/db/kernel5.compgen.dataonly.tcl 
Execute       source C:/Users/Kushagra/Desktop/EPFL_Sem2/Advanced_Computer_Architecture/Homeworks/HW3/tmp/dhls/hw3-kernels-optimized/kernel5/prj_kernel5/optimized/.autopilot/db/global.setting.tcl 
Execute       ap_part_info -name xc7k160t-fbg484-1 -data names -quiet 
Execute       ap_part_info -name xc7k160t-fbg484-1 -data info -quiet 
Execute       source C:/Users/Kushagra/Desktop/EPFL_Sem2/Advanced_Computer_Architecture/Homeworks/HW3/tmp/dhls/hw3-kernels-optimized/kernel5/prj_kernel5/optimized/.autopilot/db/kernel5.constraint.tcl 
Execute       sc_get_clocks kernel5 
Execute       ap_part_info -name xc7k160t-fbg484-1 -data names -quiet 
Execute       ap_part_info -name xc7k160t-fbg484-1 -data info -quiet 
Execute       source C:/Users/Kushagra/Desktop/EPFL_Sem2/Advanced_Computer_Architecture/Homeworks/HW3/tmp/dhls/hw3-kernels-optimized/kernel5/prj_kernel5/optimized/.autopilot/db/global.setting.tcl 
Execute       get_config_debug -directory 
Execute       source C:/Users/Kushagra/Desktop/EPFL_Sem2/Advanced_Computer_Architecture/Homeworks/HW3/tmp/dhls/hw3-kernels-optimized/kernel5/prj_kernel5/optimized/impl/misc/kernel5_ap_fadd_2_full_dsp_32_ip.tcl 
Execute       source C:/Users/Kushagra/Desktop/EPFL_Sem2/Advanced_Computer_Architecture/Homeworks/HW3/tmp/dhls/hw3-kernels-optimized/kernel5/prj_kernel5/optimized/impl/misc/kernel5_ap_fcmp_0_no_dsp_32_ip.tcl 
Execute       source C:/Users/Kushagra/Desktop/EPFL_Sem2/Advanced_Computer_Architecture/Homeworks/HW3/tmp/dhls/hw3-kernels-optimized/kernel5/prj_kernel5/optimized/.autopilot/db/kernel5.tbgen.tcl 
Execute       get_config_sdx -target 
Execute       get_config_sdx -profile 
Execute       get_config_rtl -kernel_profile 
Execute       get_config_rtl -stall_sig_gen 
Execute       get_config_rtl -profile 
INFO-FLOW: DBG:CMD: add_json_sdx_info kernel file does not exist, skipping opencl info: C:/Users/Kushagra/Desktop/EPFL_Sem2/Advanced_Computer_Architecture/Homeworks/HW3/tmp/dhls/hw3-kernels-optimized/kernel5/prj_kernel5/optimized/.autopilot/db/kernel.internal.xml
INFO-FLOW: DBG:CMD:       delete-temp-dirs (skipped for debug)
INFO: [HLS 200-111] Finished generating all RTL models Time (s): cpu = 00:00:03 ; elapsed = 00:00:11 . Memory (MB): peak = 186.113 ; gain = 95.863
INFO: [VHDL 208-304] Generating VHDL RTL for kernel5.
INFO: [VLOG 209-307] Generating Verilog RTL for kernel5.
Command     autosyn done; 2.82 sec.
Command   csynth_design done; 8.985 sec.
Command ap_source done; 10.692 sec.
Execute cleanup_all 
