

================================================================
== Vivado HLS Report for 'kernel8'
================================================================
* Date:           Fri May 14 23:03:37 2021

* Version:        2019.2 (Build 2704478 on Wed Nov 06 22:10:23 MST 2019)
* Project:        prj_kernel8
* Solution:       optimized
* Product family: kintex7
* Target device:  xc7k160t-fbg484-1


================================================================
== Performance Estimates
================================================================
+ Timing: 
    * Summary: 
    +--------+----------+----------+------------+
    |  Clock |  Target  | Estimated| Uncertainty|
    +--------+----------+----------+------------+
    |ap_clk  | 10.00 ns | 8.471 ns |   1.25 ns  |
    +--------+----------+----------+------------+

+ Latency: 
    * Summary: 
    +---------+---------+----------+----------+-----+-----+---------+
    |  Latency (cycles) |  Latency (absolute) |  Interval | Pipeline|
    |   min   |   max   |    min   |    max   | min | max |   Type  |
    +---------+---------+----------+----------+-----+-----+---------+
    |        ?|        ?|         ?|         ?|    ?|    ?|   none  |
    +---------+---------+----------+----------+-----+-----+---------+

    + Detail: 
        * Instance: 
        N/A

        * Loop: 
        +----------+---------+---------+----------+-----------+-----------+------+----------+
        |          |  Latency (cycles) | Iteration|  Initiation Interval  | Trip |          |
        | Loop Name|   min   |   max   |  Latency |  achieved |   target  | Count| Pipelined|
        +----------+---------+---------+----------+-----------+-----------+------+----------+
        |- loop    |        ?|        ?|         4|          1|          1|     ?|    yes   |
        +----------+---------+---------+----------+-----------+-----------+------+----------+



================================================================
== Utilization Estimates
================================================================
* Summary: 
+-----------------+---------+-------+--------+--------+-----+
|       Name      | BRAM_18K| DSP48E|   FF   |   LUT  | URAM|
+-----------------+---------+-------+--------+--------+-----+
|DSP              |        -|      -|       -|       -|    -|
|Expression       |        -|      3|       0|     315|    -|
|FIFO             |        -|      -|       -|       -|    -|
|Instance         |        -|      -|       0|      21|    -|
|Memory           |        -|      -|       -|       -|    -|
|Multiplexer      |        -|      -|       -|     189|    -|
|Register         |        0|      -|     491|      64|    -|
+-----------------+---------+-------+--------+--------+-----+
|Total            |        0|      3|     491|     589|    0|
+-----------------+---------+-------+--------+--------+-----+
|Available        |      650|    600|  202800|  101400|    0|
+-----------------+---------+-------+--------+--------+-----+
|Utilization (%)  |        0|   ~0  |   ~0   |   ~0   |    0|
+-----------------+---------+-------+--------+--------+-----+

+ Detail: 
    * Instance: 
    +-------------------------+----------------------+---------+-------+---+----+-----+
    |         Instance        |        Module        | BRAM_18K| DSP48E| FF| LUT| URAM|
    +-------------------------+----------------------+---------+-------+---+----+-----+
    |kernel8_mux_42_32bkb_U1  |kernel8_mux_42_32bkb  |        0|      0|  0|  21|    0|
    +-------------------------+----------------------+---------+-------+---+----+-----+
    |Total                    |                      |        0|      0|  0|  21|    0|
    +-------------------------+----------------------+---------+-------+---+----+-----+

    * DSP48E: 
    N/A

    * Memory: 
    N/A

    * FIFO: 
    N/A

    * Expression: 
    +-----------------------------------+----------+-------+---+----+------------+------------+
    |           Variable Name           | Operation| DSP48E| FF| LUT| Bitwidth P0| Bitwidth P1|
    +-----------------------------------+----------+-------+---+----+------------+------------+
    |tmp_3_1_fu_273_p2                  |     *    |      3|  0|  21|          32|          32|
    |add_ln14_1_fu_238_p2               |     +    |      0|  0|  39|          32|          32|
    |add_ln14_fu_228_p2                 |     +    |      0|  0|  38|          31|           4|
    |i_fu_248_p2                        |     +    |      0|  0|  38|          31|           1|
    |sub_ln9_fu_203_p2                  |     -    |      0|  0|  39|          10|          32|
    |and_ln6_fu_197_p2                  |    and   |      0|  0|   6|           1|           1|
    |ap_block_pp0                       |    and   |      0|  0|   6|           1|           1|
    |ap_enable_state4_pp0_iter0_stage0  |    and   |      0|  0|   6|           1|           1|
    |ap_enable_state5_pp0_iter1_stage0  |    and   |      0|  0|   6|           1|           1|
    |ap_enable_state7_pp0_iter3_stage0  |    and   |      0|  0|   6|           1|           1|
    |ap_predicate_op42_load_state4      |    and   |      0|  0|   6|           1|           1|
    |ap_predicate_op44_load_state5      |    and   |      0|  0|   6|           1|           1|
    |icmp_ln6_1_fu_191_p2               |   icmp   |      0|  0|  18|          32|           3|
    |icmp_ln6_fu_185_p2                 |   icmp   |      0|  0|  18|          32|           2|
    |icmp_ln9_fu_223_p2                 |   icmp   |      0|  0|  18|          32|          32|
    |rd_val_2_fu_267_p3                 |  select  |      0|  0|  32|           1|          32|
    |ap_enable_pp0                      |    xor   |      0|  0|   6|           1|           2|
    |xor_ln12_fu_213_p2                 |    xor   |      0|  0|   6|           2|           3|
    +-----------------------------------+----------+-------+---+----+------------+------------+
    |Total                              |          |      3|  0| 315|         243|         182|
    +-----------------------------------+----------+-------+---+----+------------+------------+

    * Multiplexer: 
    +----------------------------------+----+-----------+-----+-----------+
    |               Name               | LUT| Input Size| Bits| Total Bits|
    +----------------------------------+----+-----------+-----+-----------+
    |ap_NS_fsm                         |  33|          6|    1|          6|
    |ap_enable_reg_pp0_iter2           |   9|          2|    1|          2|
    |ap_enable_reg_pp0_iter3           |  15|          3|    1|          3|
    |ap_phi_mux_i_0_phi_fu_135_p4      |   9|          2|   31|         62|
    |ap_phi_mux_tmp_0_0_phi_fu_178_p4  |   9|          2|   32|         64|
    |ap_phi_mux_tmp_0_1_phi_fu_167_p4  |   9|          2|   32|         64|
    |ap_phi_mux_tmp_1_1_phi_fu_156_p4  |   9|          2|   32|         64|
    |ap_phi_mux_tmp_2_1_phi_fu_146_p4  |   9|          2|   32|         64|
    |array_r_address0                  |  21|          4|   10|         40|
    |array_r_address1                  |  21|          4|   10|         40|
    |i_0_reg_131                       |   9|          2|   31|         62|
    |tmp_0_0_reg_175                   |   9|          2|   32|         64|
    |tmp_0_1_reg_164                   |   9|          2|   32|         64|
    |tmp_1_1_reg_153                   |   9|          2|   32|         64|
    |tmp_2_1_reg_143                   |   9|          2|   32|         64|
    +----------------------------------+----+-----------+-----+-----------+
    |Total                             | 189|         39|  341|        727|
    +----------------------------------+----+-----------+-----+-----------+

    * Register: 
    +-------------------------+----+----+-----+-----------+
    |           Name          | FF | LUT| Bits| Const Bits|
    +-------------------------+----+----+-----+-----------+
    |and_ln6_reg_333          |   1|   0|    1|          0|
    |ap_CS_fsm                |   5|   0|    5|          0|
    |ap_enable_reg_pp0_iter0  |   1|   0|    1|          0|
    |ap_enable_reg_pp0_iter1  |   1|   0|    1|          0|
    |ap_enable_reg_pp0_iter2  |   1|   0|    1|          0|
    |ap_enable_reg_pp0_iter3  |   1|   0|    1|          0|
    |i_0_reg_131              |  31|   0|   31|          0|
    |i_reg_357                |  31|   0|   31|          0|
    |icmp_ln9_reg_348         |   1|   0|    1|          0|
    |rd_val_1_reg_362         |  32|   0|   32|          0|
    |sub_ln9_reg_338          |  32|   0|   32|          0|
    |tmp_0_0_reg_175          |  32|   0|   32|          0|
    |tmp_0_1_reg_164          |  32|   0|   32|          0|
    |tmp_0_reg_293            |  32|   0|   32|          0|
    |tmp_1_1_reg_153          |  32|   0|   32|          0|
    |tmp_1_reg_298            |  32|   0|   32|          0|
    |tmp_2_1_reg_143          |  32|   0|   32|          0|
    |tmp_3_1_reg_367          |  32|   0|   32|          0|
    |xor_ln12_reg_343         |   2|   0|    2|          0|
    |i_0_reg_131              |  64|  32|   31|          0|
    |icmp_ln9_reg_348         |  64|  32|    1|          0|
    +-------------------------+----+----+-----+-----------+
    |Total                    | 491|  64|  395|          0|
    +-------------------------+----+----+-----+-----------+



================================================================
== Interface
================================================================
* Summary: 
+------------------+-----+-----+------------+--------------+--------------+
|     RTL Ports    | Dir | Bits|  Protocol  | Source Object|    C Type    |
+------------------+-----+-----+------------+--------------+--------------+
|ap_clk            |  in |    1| ap_ctrl_hs |    kernel8   | return value |
|ap_rst            |  in |    1| ap_ctrl_hs |    kernel8   | return value |
|ap_start          |  in |    1| ap_ctrl_hs |    kernel8   | return value |
|ap_done           | out |    1| ap_ctrl_hs |    kernel8   | return value |
|ap_idle           | out |    1| ap_ctrl_hs |    kernel8   | return value |
|ap_ready          | out |    1| ap_ctrl_hs |    kernel8   | return value |
|array_r_address0  | out |   10|  ap_memory |    array_r   |     array    |
|array_r_ce0       | out |    1|  ap_memory |    array_r   |     array    |
|array_r_q0        |  in |   32|  ap_memory |    array_r   |     array    |
|array_r_address1  | out |   10|  ap_memory |    array_r   |     array    |
|array_r_ce1       | out |    1|  ap_memory |    array_r   |     array    |
|array_r_we1       | out |    1|  ap_memory |    array_r   |     array    |
|array_r_d1        | out |   32|  ap_memory |    array_r   |     array    |
|array_r_q1        |  in |   32|  ap_memory |    array_r   |     array    |
|multiplier        |  in |   32|   ap_none  |  multiplier  |    scalar    |
|offset            |  in |   32|   ap_none  |    offset    |    scalar    |
+------------------+-----+-----+------------+--------------+--------------+

