

================================================================
== Vivado HLS Report for 'kernel5'
================================================================
* Date:           Sat May  8 02:30:15 2021

* Version:        2019.2 (Build 2704478 on Wed Nov 06 22:10:23 MST 2019)
* Project:        prj_kernel5
* Solution:       pipeline
* Product family: kintex7
* Target device:  xc7k160t-fbg484-1


================================================================
== Performance Estimates
================================================================
+ Timing: 
    * Summary: 
    +--------+----------+----------+------------+
    |  Clock |  Target  | Estimated| Uncertainty|
    +--------+----------+----------+------------+
    |ap_clk  | 10.00 ns | 7.717 ns |   1.25 ns  |
    +--------+----------+----------+------------+

+ Latency: 
    * Summary: 
    +---------+---------+----------+----------+-----+-----+---------+
    |  Latency (cycles) |  Latency (absolute) |  Interval | Pipeline|
    |   min   |   max   |    min   |    max   | min | max |   Type  |
    +---------+---------+----------+----------+-----+-----+---------+
    |        ?|        ?|         ?|         ?|    ?|    ?|   none  |
    +---------+---------+----------+----------+-----+-----+---------+

    + Detail: 
        * Instance: 
        N/A

        * Loop: 
        +----------+---------+---------+----------+-----------+-----------+------+----------+
        |          |  Latency (cycles) | Iteration|  Initiation Interval  | Trip |          |
        | Loop Name|   min   |   max   |  Latency |  achieved |   target  | Count| Pipelined|
        +----------+---------+---------+----------+-----------+-----------+------+----------+
        |- loop    |        ?|        ?|         7|          7|          1|     ?|    yes   |
        +----------+---------+---------+----------+-----------+-----------+------+----------+



================================================================
== Utilization Estimates
================================================================
* Summary: 
+-----------------+---------+-------+--------+--------+-----+
|       Name      | BRAM_18K| DSP48E|   FF   |   LUT  | URAM|
+-----------------+---------+-------+--------+--------+-----+
|DSP              |        -|      -|       -|       -|    -|
|Expression       |        -|      -|       0|     145|    -|
|FIFO             |        -|      -|       -|       -|    -|
|Instance         |        -|      2|     293|     280|    -|
|Memory           |        -|      -|       -|       -|    -|
|Multiplexer      |        -|      -|       -|      56|    -|
|Register         |        -|      -|     172|       -|    -|
+-----------------+---------+-------+--------+--------+-----+
|Total            |        0|      2|     465|     481|    0|
+-----------------+---------+-------+--------+--------+-----+
|Available        |      650|    600|  202800|  101400|    0|
+-----------------+---------+-------+--------+--------+-----+
|Utilization (%)  |        0|   ~0  |   ~0   |   ~0   |    0|
+-----------------+---------+-------+--------+--------+-----+

+ Detail: 
    * Instance: 
    +-------------------------+----------------------+---------+-------+-----+-----+-----+
    |         Instance        |        Module        | BRAM_18K| DSP48E|  FF | LUT | URAM|
    +-------------------------+----------------------+---------+-------+-----+-----+-----+
    |kernel5_fadd_32nsbkb_U1  |kernel5_fadd_32nsbkb  |        0|      2|  227|  214|    0|
    |kernel5_fcmp_32nscud_U2  |kernel5_fcmp_32nscud  |        0|      0|   66|   66|    0|
    +-------------------------+----------------------+---------+-------+-----+-----+-----+
    |Total                    |                      |        0|      2|  293|  280|    0|
    +-------------------------+----------------------+---------+-------+-----+-----+-----+

    * DSP48E: 
    N/A

    * Memory: 
    N/A

    * FIFO: 
    N/A

    * Expression: 
    +----------------------+----------+-------+---+----+------------+------------+
    |     Variable Name    | Operation| DSP48E| FF| LUT| Bitwidth P0| Bitwidth P1|
    +----------------------+----------+-------+---+----+------------+------------+
    |i_fu_223_p2           |     +    |      0|  0|  39|           1|          32|
    |and_ln7_1_fu_190_p2   |    and   |      0|  0|   6|           1|           1|
    |and_ln7_2_fu_195_p2   |    and   |      0|  0|   6|           1|           1|
    |and_ln7_fu_217_p2     |    and   |      0|  0|   6|           1|           1|
    |icmp_ln7_1_fu_174_p2  |   icmp   |      0|  0|  11|           8|           2|
    |icmp_ln7_2_fu_180_p2  |   icmp   |      0|  0|  18|          23|           1|
    |icmp_ln7_3_fu_144_p2  |   icmp   |      0|  0|  18|          23|           1|
    |icmp_ln7_4_fu_211_p2  |   icmp   |      0|  0|  18|          22|           1|
    |icmp_ln7_fu_138_p2    |   icmp   |      0|  0|  11|           8|           2|
    |or_ln7_1_fu_150_p2    |    or    |      0|  0|   6|           1|           1|
    |or_ln7_fu_186_p2      |    or    |      0|  0|   6|           1|           1|
    +----------------------+----------+-------+---+----+------------+------------+
    |Total                 |          |      0|  0| 145|          90|          44|
    +----------------------+----------+-------+---+----+------------+------------+

    * Multiplexer: 
    +-------------+----+-----------+-----+-----------+
    |     Name    | LUT| Input Size| Bits| Total Bits|
    +-------------+----+-----------+-----+-----------+
    |ap_NS_fsm    |  47|         10|    1|         10|
    |i_0_reg_100  |   9|          2|   32|         64|
    +-------------+----+-----------+-----+-----------+
    |Total        |  56|         12|   33|         74|
    +-------------+----+-----------+-----+-----------+

    * Register: 
    +--------------------+----+----+-----+-----------+
    |        Name        | FF | LUT| Bits| Const Bits|
    +--------------------+----+----+-----+-----------+
    |a_load_reg_273      |  32|   0|   32|          0|
    |ap_CS_fsm           |   9|   0|    9|          0|
    |b_load_reg_278      |  32|   0|   32|          0|
    |i_0_reg_100         |  32|   0|   32|          0|
    |i_reg_258           |  32|   0|   32|          0|
    |icmp_ln7_1_reg_245  |   1|   0|    1|          0|
    |icmp_ln7_2_reg_250  |   1|   0|    1|          0|
    |or_ln7_1_reg_240    |   1|   0|    1|          0|
    |sum_01_reg_88       |  32|   0|   32|          0|
    +--------------------+----+----+-----+-----------+
    |Total               | 172|   0|  172|          0|
    +--------------------+----+----+-----+-----------+



================================================================
== Interface
================================================================
* Summary: 
+------------+-----+-----+------------+--------------+--------------+
|  RTL Ports | Dir | Bits|  Protocol  | Source Object|    C Type    |
+------------+-----+-----+------------+--------------+--------------+
|ap_clk      |  in |    1| ap_ctrl_hs |    kernel5   | return value |
|ap_rst      |  in |    1| ap_ctrl_hs |    kernel5   | return value |
|ap_start    |  in |    1| ap_ctrl_hs |    kernel5   | return value |
|ap_done     | out |    1| ap_ctrl_hs |    kernel5   | return value |
|ap_idle     | out |    1| ap_ctrl_hs |    kernel5   | return value |
|ap_ready    | out |    1| ap_ctrl_hs |    kernel5   | return value |
|ap_return   | out |   32| ap_ctrl_hs |    kernel5   | return value |
|bound       |  in |   32|   ap_none  |     bound    |    scalar    |
|a_address0  | out |   10|  ap_memory |       a      |     array    |
|a_ce0       | out |    1|  ap_memory |       a      |     array    |
|a_q0        |  in |   32|  ap_memory |       a      |     array    |
|b_address0  | out |   10|  ap_memory |       b      |     array    |
|b_ce0       | out |    1|  ap_memory |       b      |     array    |
|b_q0        |  in |   32|  ap_memory |       b      |     array    |
+------------+-----+-----+------------+--------------+--------------+

============================================================
+ Verbose Summary: Synthesis Manager
============================================================
InlineROM: 1
ExposeGlobal: 0
============================================================
+ Verbose Summary: CDFG Model
============================================================
IsTopModel: 1
ResetActiveHigh: 1
IsCombinational: 2
IsDatapathOnly: 2
HasWiredReturn: 1
HasMFsm: 0
HasVarLatency: 1
IsPipeline: 0
IsRtlPipelined: 0
IsInstanceOverlapped: 0
IsDontTouch: 0
HasImplIP: 0
IsGatedGlobalClock: 0

+ Individual pipeline summary: 
  * Pipeline-0: initiation interval (II) = 7, depth = 7


============================================================
+ Verbose Summary: Schedule
============================================================
* Number of FSM states : 9
* Pipeline : 1
  Pipeline-0 : II = 7, D = 7, States = { 2 3 4 5 6 7 8 }
* Dataflow Pipeline: 0

* FSM state transitions: 
1 --> 2 
2 --> 3 
3 --> 9 4 
4 --> 5 
5 --> 6 
6 --> 7 
7 --> 8 
8 --> 2 
9 --> 

* FSM state operations: 

State 1 <SV = 0> <Delay = 2.13>
ST_1 : Operation 10 [1/1] (0.00ns)   --->   "call void (...)* @_ssdm_op_SpecBitsMap(float %bound) nounwind, !map !7"   --->   Operation 10 'specbitsmap' <Predicate = true> <Delay = 0.00>
ST_1 : Operation 11 [1/1] (0.00ns)   --->   "call void (...)* @_ssdm_op_SpecBitsMap([1024 x float]* %a) nounwind, !map !13"   --->   Operation 11 'specbitsmap' <Predicate = true> <Delay = 0.00>
ST_1 : Operation 12 [1/1] (0.00ns)   --->   "call void (...)* @_ssdm_op_SpecBitsMap([1024 x float]* %b) nounwind, !map !19"   --->   Operation 12 'specbitsmap' <Predicate = true> <Delay = 0.00>
ST_1 : Operation 13 [1/1] (0.00ns)   --->   "call void (...)* @_ssdm_op_SpecBitsMap(float 0.000000e+00) nounwind, !map !23"   --->   Operation 13 'specbitsmap' <Predicate = true> <Delay = 0.00>
ST_1 : Operation 14 [1/1] (0.00ns)   --->   "call void (...)* @_ssdm_op_SpecTopModule([8 x i8]* @kernel5_str) nounwind"   --->   Operation 14 'spectopmodule' <Predicate = true> <Delay = 0.00>
ST_1 : Operation 15 [1/1] (0.00ns)   --->   "%bound_read = call float @_ssdm_op_Read.ap_auto.float(float %bound) nounwind" [kernel5.cpp:3]   --->   Operation 15 'read' 'bound_read' <Predicate = true> <Delay = 0.00>
ST_1 : Operation 16 [1/1] (0.00ns)   --->   "%bitcast_ln7_1 = bitcast float %bound_read to i32" [kernel5.cpp:7]   --->   Operation 16 'bitcast' 'bitcast_ln7_1' <Predicate = true> <Delay = 0.00>
ST_1 : Operation 17 [1/1] (0.00ns)   --->   "%tmp_2 = call i8 @_ssdm_op_PartSelect.i8.i32.i32.i32(i32 %bitcast_ln7_1, i32 23, i32 30)" [kernel5.cpp:7]   --->   Operation 17 'partselect' 'tmp_2' <Predicate = true> <Delay = 0.00>
ST_1 : Operation 18 [1/1] (0.00ns)   --->   "%trunc_ln7 = trunc i32 %bitcast_ln7_1 to i23" [kernel5.cpp:7]   --->   Operation 18 'trunc' 'trunc_ln7' <Predicate = true> <Delay = 0.00>
ST_1 : Operation 19 [1/1] (1.22ns)   --->   "%icmp_ln7 = icmp ne i8 %tmp_2, -1" [kernel5.cpp:7]   --->   Operation 19 'icmp' 'icmp_ln7' <Predicate = true> <Delay = 1.22> <Core = "Cmp">   --->   Core 25 'Cmp' <Latency = 0> <II = 1> <Delay = 1.22> <FuncUnit> <Opcode : 'icmp'> <InPorts = 2> <OutPorts = 1>
ST_1 : Operation 20 [1/1] (1.51ns)   --->   "%icmp_ln7_3 = icmp eq i23 %trunc_ln7, 0" [kernel5.cpp:7]   --->   Operation 20 'icmp' 'icmp_ln7_3' <Predicate = true> <Delay = 1.51> <Core = "Cmp">   --->   Core 25 'Cmp' <Latency = 0> <II = 1> <Delay = 1.22> <FuncUnit> <Opcode : 'icmp'> <InPorts = 2> <OutPorts = 1>
ST_1 : Operation 21 [1/1] (0.61ns)   --->   "%or_ln7_1 = or i1 %icmp_ln7_3, %icmp_ln7" [kernel5.cpp:7]   --->   Operation 21 'or' 'or_ln7_1' <Predicate = true> <Delay = 0.61> <Core = "LogicGate">   --->   Core 27 'LogicGate' <Latency = 0> <II = 1> <Delay = 0.61> <FuncUnit> <Opcode : 'and' 'or' 'xor'> <InPorts = 2> <OutPorts = 1>
ST_1 : Operation 22 [1/1] (1.06ns)   --->   "br label %1" [kernel5.cpp:7]   --->   Operation 22 'br' <Predicate = true> <Delay = 1.06>

State 2 <SV = 1> <Delay = 3.34>
ST_2 : Operation 23 [1/1] (0.00ns)   --->   "%sum_01 = phi float [ undef, %0 ], [ %sum, %loop ]"   --->   Operation 23 'phi' 'sum_01' <Predicate = true> <Delay = 0.00>
ST_2 : Operation 24 [1/1] (0.00ns)   --->   "%bitcast_ln7 = bitcast float %sum_01 to i32" [kernel5.cpp:7]   --->   Operation 24 'bitcast' 'bitcast_ln7' <Predicate = true> <Delay = 0.00>
ST_2 : Operation 25 [1/1] (0.00ns)   --->   "%tmp = call i8 @_ssdm_op_PartSelect.i8.i32.i32.i32(i32 %bitcast_ln7, i32 23, i32 30)" [kernel5.cpp:7]   --->   Operation 25 'partselect' 'tmp' <Predicate = true> <Delay = 0.00>
ST_2 : Operation 26 [1/1] (0.00ns)   --->   "%trunc_ln7_1 = trunc i32 %bitcast_ln7 to i23" [kernel5.cpp:7]   --->   Operation 26 'trunc' 'trunc_ln7_1' <Predicate = true> <Delay = 0.00>
ST_2 : Operation 27 [1/1] (1.22ns)   --->   "%icmp_ln7_1 = icmp ne i8 %tmp, -1" [kernel5.cpp:7]   --->   Operation 27 'icmp' 'icmp_ln7_1' <Predicate = true> <Delay = 1.22> <Core = "Cmp">   --->   Core 25 'Cmp' <Latency = 0> <II = 1> <Delay = 1.22> <FuncUnit> <Opcode : 'icmp'> <InPorts = 2> <OutPorts = 1>
ST_2 : Operation 28 [1/1] (1.51ns)   --->   "%icmp_ln7_2 = icmp eq i23 %trunc_ln7_1, 0" [kernel5.cpp:7]   --->   Operation 28 'icmp' 'icmp_ln7_2' <Predicate = true> <Delay = 1.51> <Core = "Cmp">   --->   Core 25 'Cmp' <Latency = 0> <II = 1> <Delay = 1.22> <FuncUnit> <Opcode : 'icmp'> <InPorts = 2> <OutPorts = 1>
ST_2 : Operation 29 [2/2] (3.34ns)   --->   "%tmp_3 = fcmp olt float %sum_01, %bound_read" [kernel5.cpp:7]   --->   Operation 29 'fcmp' 'tmp_3' <Predicate = true> <Delay = 3.34> <Core = "FCmp">   --->   Core 111 'FCmp' <Latency = 1> <II = 1> <Delay = 3.34> <FuncUnit> <Opcode : 'fcmp'> <InPorts = 2> <OutPorts = 1>

State 3 <SV = 2> <Delay = 3.96>
ST_3 : Operation 30 [1/1] (0.00ns)   --->   "%i_0 = phi i32 [ 0, %0 ], [ %i, %loop ]"   --->   Operation 30 'phi' 'i_0' <Predicate = true> <Delay = 0.00>
ST_3 : Operation 31 [1/1] (0.00ns) (grouped into LUT with out node and_ln7)   --->   "%or_ln7 = or i1 %icmp_ln7_2, %icmp_ln7_1" [kernel5.cpp:7]   --->   Operation 31 'or' 'or_ln7' <Predicate = true> <Delay = 0.00> <Core = "LogicGate">   --->   Core 27 'LogicGate' <Latency = 0> <II = 1> <Delay = 0.61> <FuncUnit> <Opcode : 'and' 'or' 'xor'> <InPorts = 2> <OutPorts = 1>
ST_3 : Operation 32 [1/1] (0.00ns) (grouped into LUT with out node and_ln7)   --->   "%and_ln7_1 = and i1 %or_ln7, %or_ln7_1" [kernel5.cpp:7]   --->   Operation 32 'and' 'and_ln7_1' <Predicate = true> <Delay = 0.00> <Core = "LogicGate">   --->   Core 27 'LogicGate' <Latency = 0> <II = 1> <Delay = 0.61> <FuncUnit> <Opcode : 'and' 'or' 'xor'> <InPorts = 2> <OutPorts = 1>
ST_3 : Operation 33 [1/2] (3.34ns)   --->   "%tmp_3 = fcmp olt float %sum_01, %bound_read" [kernel5.cpp:7]   --->   Operation 33 'fcmp' 'tmp_3' <Predicate = true> <Delay = 3.34> <Core = "FCmp">   --->   Core 111 'FCmp' <Latency = 1> <II = 1> <Delay = 3.34> <FuncUnit> <Opcode : 'fcmp'> <InPorts = 2> <OutPorts = 1>
ST_3 : Operation 34 [1/1] (0.00ns) (grouped into LUT with out node and_ln7)   --->   "%and_ln7_2 = and i1 %and_ln7_1, %tmp_3" [kernel5.cpp:7]   --->   Operation 34 'and' 'and_ln7_2' <Predicate = true> <Delay = 0.00> <Core = "LogicGate">   --->   Core 27 'LogicGate' <Latency = 0> <II = 1> <Delay = 0.61> <FuncUnit> <Opcode : 'and' 'or' 'xor'> <InPorts = 2> <OutPorts = 1>
ST_3 : Operation 35 [1/1] (0.00ns)   --->   "%tmp_4 = call i22 @_ssdm_op_PartSelect.i22.i32.i32.i32(i32 %i_0, i32 10, i32 31)" [kernel5.cpp:7]   --->   Operation 35 'partselect' 'tmp_4' <Predicate = true> <Delay = 0.00>
ST_3 : Operation 36 [1/1] (1.51ns)   --->   "%icmp_ln7_4 = icmp slt i22 %tmp_4, 1" [kernel5.cpp:7]   --->   Operation 36 'icmp' 'icmp_ln7_4' <Predicate = true> <Delay = 1.51> <Core = "Cmp">   --->   Core 25 'Cmp' <Latency = 0> <II = 1> <Delay = 1.22> <FuncUnit> <Opcode : 'icmp'> <InPorts = 2> <OutPorts = 1>
ST_3 : Operation 37 [1/1] (0.61ns) (out node of the LUT)   --->   "%and_ln7 = and i1 %and_ln7_2, %icmp_ln7_4" [kernel5.cpp:7]   --->   Operation 37 'and' 'and_ln7' <Predicate = true> <Delay = 0.61> <Core = "LogicGate">   --->   Core 27 'LogicGate' <Latency = 0> <II = 1> <Delay = 0.61> <FuncUnit> <Opcode : 'and' 'or' 'xor'> <InPorts = 2> <OutPorts = 1>
ST_3 : Operation 38 [1/1] (1.78ns)   --->   "%i = add nsw i32 1, %i_0" [kernel5.cpp:10]   --->   Operation 38 'add' 'i' <Predicate = true> <Delay = 1.78> <Core = "AddSub">   --->   Core 14 'AddSub' <Latency = 0> <II = 1> <Delay = 1.78> <FuncUnit> <Opcode : 'add' 'sub'> <InPorts = 2> <OutPorts = 1>
ST_3 : Operation 39 [1/1] (0.00ns)   --->   "br i1 %and_ln7, label %loop, label %2" [kernel5.cpp:7]   --->   Operation 39 'br' <Predicate = true> <Delay = 0.00>
ST_3 : Operation 40 [1/1] (0.00ns)   --->   "%sext_ln9 = sext i32 %i_0 to i64" [kernel5.cpp:9]   --->   Operation 40 'sext' 'sext_ln9' <Predicate = (and_ln7)> <Delay = 0.00>
ST_3 : Operation 41 [1/1] (0.00ns)   --->   "%a_addr = getelementptr [1024 x float]* %a, i64 0, i64 %sext_ln9" [kernel5.cpp:9]   --->   Operation 41 'getelementptr' 'a_addr' <Predicate = (and_ln7)> <Delay = 0.00>
ST_3 : Operation 42 [2/2] (2.66ns)   --->   "%a_load = load float* %a_addr, align 4" [kernel5.cpp:9]   --->   Operation 42 'load' 'a_load' <Predicate = (and_ln7)> <Delay = 2.66> <Core = "RAM">   --->   Core 37 'RAM' <Latency = 1> <II = 1> <Delay = 2.66> <Storage> <Opcode : 'load' 'store'> <Ports = 2> <Width = 32> <Depth = 1024> <RAM>
ST_3 : Operation 43 [1/1] (0.00ns)   --->   "%b_addr = getelementptr [1024 x float]* %b, i64 0, i64 %sext_ln9" [kernel5.cpp:9]   --->   Operation 43 'getelementptr' 'b_addr' <Predicate = (and_ln7)> <Delay = 0.00>
ST_3 : Operation 44 [2/2] (2.66ns)   --->   "%b_load = load float* %b_addr, align 4" [kernel5.cpp:9]   --->   Operation 44 'load' 'b_load' <Predicate = (and_ln7)> <Delay = 2.66> <Core = "RAM">   --->   Core 37 'RAM' <Latency = 1> <II = 1> <Delay = 2.66> <Storage> <Opcode : 'load' 'store'> <Ports = 2> <Width = 32> <Depth = 1024> <RAM>

State 4 <SV = 3> <Delay = 2.66>
ST_4 : Operation 45 [1/2] (2.66ns)   --->   "%a_load = load float* %a_addr, align 4" [kernel5.cpp:9]   --->   Operation 45 'load' 'a_load' <Predicate = true> <Delay = 2.66> <Core = "RAM">   --->   Core 37 'RAM' <Latency = 1> <II = 1> <Delay = 2.66> <Storage> <Opcode : 'load' 'store'> <Ports = 2> <Width = 32> <Depth = 1024> <RAM>
ST_4 : Operation 46 [1/2] (2.66ns)   --->   "%b_load = load float* %b_addr, align 4" [kernel5.cpp:9]   --->   Operation 46 'load' 'b_load' <Predicate = true> <Delay = 2.66> <Core = "RAM">   --->   Core 37 'RAM' <Latency = 1> <II = 1> <Delay = 2.66> <Storage> <Opcode : 'load' 'store'> <Ports = 2> <Width = 32> <Depth = 1024> <RAM>

State 5 <SV = 4> <Delay = 7.71>
ST_5 : Operation 47 [4/4] (7.71ns)   --->   "%sum = fadd float %a_load, %b_load" [kernel5.cpp:9]   --->   Operation 47 'fadd' 'sum' <Predicate = true> <Delay = 7.71> <Core = "FAddSub">   --->   Core 105 'FAddSub' <Latency = 3> <II = 1> <Delay = 7.71> <FuncUnit> <Opcode : 'fadd' 'fsub'> <InPorts = 2> <OutPorts = 1>

State 6 <SV = 5> <Delay = 7.71>
ST_6 : Operation 48 [3/4] (7.71ns)   --->   "%sum = fadd float %a_load, %b_load" [kernel5.cpp:9]   --->   Operation 48 'fadd' 'sum' <Predicate = true> <Delay = 7.71> <Core = "FAddSub">   --->   Core 105 'FAddSub' <Latency = 3> <II = 1> <Delay = 7.71> <FuncUnit> <Opcode : 'fadd' 'fsub'> <InPorts = 2> <OutPorts = 1>

State 7 <SV = 6> <Delay = 7.71>
ST_7 : Operation 49 [2/4] (7.71ns)   --->   "%sum = fadd float %a_load, %b_load" [kernel5.cpp:9]   --->   Operation 49 'fadd' 'sum' <Predicate = true> <Delay = 7.71> <Core = "FAddSub">   --->   Core 105 'FAddSub' <Latency = 3> <II = 1> <Delay = 7.71> <FuncUnit> <Opcode : 'fadd' 'fsub'> <InPorts = 2> <OutPorts = 1>

State 8 <SV = 7> <Delay = 7.71>
ST_8 : Operation 50 [1/1] (0.00ns)   --->   "call void (...)* @_ssdm_op_SpecLoopName([5 x i8]* @p_str) nounwind" [kernel5.cpp:8]   --->   Operation 50 'specloopname' <Predicate = true> <Delay = 0.00>
ST_8 : Operation 51 [1/1] (0.00ns)   --->   "%tmp_1 = call i32 (...)* @_ssdm_op_SpecRegionBegin([5 x i8]* @p_str) nounwind" [kernel5.cpp:8]   --->   Operation 51 'specregionbegin' 'tmp_1' <Predicate = true> <Delay = 0.00>
ST_8 : Operation 52 [1/1] (0.00ns)   --->   "call void (...)* @_ssdm_op_SpecPipeline(i32 -1, i32 1, i32 1, i32 0, [1 x i8]* @p_str1) nounwind" [kernel5.cpp:9]   --->   Operation 52 'specpipeline' <Predicate = true> <Delay = 0.00>
ST_8 : Operation 53 [1/4] (7.71ns)   --->   "%sum = fadd float %a_load, %b_load" [kernel5.cpp:9]   --->   Operation 53 'fadd' 'sum' <Predicate = true> <Delay = 7.71> <Core = "FAddSub">   --->   Core 105 'FAddSub' <Latency = 3> <II = 1> <Delay = 7.71> <FuncUnit> <Opcode : 'fadd' 'fsub'> <InPorts = 2> <OutPorts = 1>
ST_8 : Operation 54 [1/1] (0.00ns)   --->   "%empty = call i32 (...)* @_ssdm_op_SpecRegionEnd([5 x i8]* @p_str, i32 %tmp_1) nounwind" [kernel5.cpp:11]   --->   Operation 54 'specregionend' 'empty' <Predicate = true> <Delay = 0.00>
ST_8 : Operation 55 [1/1] (0.00ns)   --->   "br label %1" [kernel5.cpp:11]   --->   Operation 55 'br' <Predicate = true> <Delay = 0.00>

State 9 <SV = 3> <Delay = 0.00>
ST_9 : Operation 56 [1/1] (0.00ns)   --->   "ret float %sum_01" [kernel5.cpp:12]   --->   Operation 56 'ret' <Predicate = true> <Delay = 0.00>


============================================================
+ Verbose Summary: Binding
============================================================
STG Binding: 
---------------- STG Properties BEGIN ----------------
- Is combinational: 0
- Is one-state seq: 0
- Is datapath-only: 0
- Is pipelined: 0
- Is top level: 1
Port [ Return ] is wired: 1; IO mode=ap_ctrl_hs:ce=0
Port [ bound]:  wired=1; compound=0; hidden=0; nouse=0; global=0; static=0; extern=0; dir=0; type=0; pingpong=0; private_global=0; IO mode=ap_none:ce=0
Port [ a]:  wired=1; compound=1; hidden=0; nouse=0; global=0; static=0; extern=0; dir=0; type=1; pingpong=0; private_global=0; MemPort=[13]; IO mode=ap_memory:ce=0
Port [ b]:  wired=1; compound=1; hidden=0; nouse=0; global=0; static=0; extern=0; dir=0; type=1; pingpong=0; private_global=0; MemPort=[13]; IO mode=ap_memory:ce=0
---------------- STG Properties END ------------------

---------------- Datapath Model BEGIN ----------------

<LifeTime>
<method=bitvector/>
specbitsmap_ln0   (specbitsmap    ) [ 0000000000]
specbitsmap_ln0   (specbitsmap    ) [ 0000000000]
specbitsmap_ln0   (specbitsmap    ) [ 0000000000]
specbitsmap_ln0   (specbitsmap    ) [ 0000000000]
spectopmodule_ln0 (spectopmodule  ) [ 0000000000]
bound_read        (read           ) [ 0011111110]
bitcast_ln7_1     (bitcast        ) [ 0000000000]
tmp_2             (partselect     ) [ 0000000000]
trunc_ln7         (trunc          ) [ 0000000000]
icmp_ln7          (icmp           ) [ 0000000000]
icmp_ln7_3        (icmp           ) [ 0000000000]
or_ln7_1          (or             ) [ 0011111110]
br_ln7            (br             ) [ 0111111110]
sum_01            (phi            ) [ 0011000001]
bitcast_ln7       (bitcast        ) [ 0000000000]
tmp               (partselect     ) [ 0000000000]
trunc_ln7_1       (trunc          ) [ 0000000000]
icmp_ln7_1        (icmp           ) [ 0001000000]
icmp_ln7_2        (icmp           ) [ 0001000000]
i_0               (phi            ) [ 0011000000]
or_ln7            (or             ) [ 0000000000]
and_ln7_1         (and            ) [ 0000000000]
tmp_3             (fcmp           ) [ 0000000000]
and_ln7_2         (and            ) [ 0000000000]
tmp_4             (partselect     ) [ 0000000000]
icmp_ln7_4        (icmp           ) [ 0000000000]
and_ln7           (and            ) [ 0011111110]
i                 (add            ) [ 0111111110]
br_ln7            (br             ) [ 0000000000]
sext_ln9          (sext           ) [ 0000000000]
a_addr            (getelementptr  ) [ 0000100000]
b_addr            (getelementptr  ) [ 0000100000]
a_load            (load           ) [ 0000011110]
b_load            (load           ) [ 0000011110]
specloopname_ln8  (specloopname   ) [ 0000000000]
tmp_1             (specregionbegin) [ 0000000000]
specpipeline_ln9  (specpipeline   ) [ 0000000000]
sum               (fadd           ) [ 0111111110]
empty             (specregionend  ) [ 0000000000]
br_ln11           (br             ) [ 0111111110]
ret_ln12          (ret            ) [ 0000000000]
</LifeTime>

<model>

<comp_list>
<comp id="0" class="1000" name="bound">
<pin_list>
<pin id="1" dir="1" index="0" bw="1" slack="0"/>
</pin_list>
<bind>
<StgValue><ssdm name="bound"/></StgValue>
</bind>
</comp>

<comp id="2" class="1000" name="a">
<pin_list>
<pin id="3" dir="1" index="0" bw="1" slack="0"/>
</pin_list>
<bind>
<StgValue><ssdm name="a"/><MemPortTyVec>1 3 </MemPortTyVec>
</StgValue>
</bind>
</comp>

<comp id="4" class="1000" name="b">
<pin_list>
<pin id="5" dir="1" index="0" bw="1" slack="0"/>
</pin_list>
<bind>
<StgValue><ssdm name="b"/><MemPortTyVec>1 3 </MemPortTyVec>
</StgValue>
</bind>
</comp>

<comp id="6" class="1001" name="const_6">
<pin_list>
<pin id="7" dir="1" index="0" bw="1" slack="2147483647"/>
</pin_list>
<bind>
<StgValue><ssdm name="_ssdm_op_SpecBitsMap"/></StgValue>
</bind>
</comp>

<comp id="8" class="1001" name="const_8">
<pin_list>
<pin id="9" dir="1" index="0" bw="1" slack="2147483647"/>
</pin_list>
<bind>
<StgValue><ssdm name=""/></StgValue>
</bind>
</comp>

<comp id="10" class="1001" name="const_10">
<pin_list>
<pin id="11" dir="1" index="0" bw="1" slack="2147483647"/>
</pin_list>
<bind>
<StgValue><ssdm name="_ssdm_op_SpecTopModule"/></StgValue>
</bind>
</comp>

<comp id="12" class="1001" name="const_12">
<pin_list>
<pin id="13" dir="1" index="0" bw="1" slack="2147483647"/>
</pin_list>
<bind>
<StgValue><ssdm name="kernel5_str"/></StgValue>
</bind>
</comp>

<comp id="14" class="1001" name="const_14">
<pin_list>
<pin id="15" dir="1" index="0" bw="1" slack="0"/>
</pin_list>
<bind>
<StgValue><ssdm name="_ssdm_op_Read.ap_auto.float"/></StgValue>
</bind>
</comp>

<comp id="16" class="1001" name="const_16">
<pin_list>
<pin id="17" dir="1" index="0" bw="1" slack="0"/>
</pin_list>
<bind>
<StgValue><ssdm name="_ssdm_op_PartSelect.i8.i32.i32.i32"/></StgValue>
</bind>
</comp>

<comp id="18" class="1001" name="const_18">
<pin_list>
<pin id="19" dir="1" index="0" bw="1" slack="0"/>
</pin_list>
<bind>
<StgValue><ssdm name=""/></StgValue>
</bind>
</comp>

<comp id="20" class="1001" name="const_20">
<pin_list>
<pin id="21" dir="1" index="0" bw="1" slack="0"/>
</pin_list>
<bind>
<StgValue><ssdm name=""/></StgValue>
</bind>
</comp>

<comp id="22" class="1001" name="const_22">
<pin_list>
<pin id="23" dir="1" index="0" bw="1" slack="0"/>
</pin_list>
<bind>
<StgValue><ssdm name=""/></StgValue>
</bind>
</comp>

<comp id="24" class="1001" name="const_24">
<pin_list>
<pin id="25" dir="1" index="0" bw="1" slack="0"/>
</pin_list>
<bind>
<StgValue><ssdm name=""/></StgValue>
</bind>
</comp>

<comp id="26" class="1001" name="const_26">
<pin_list>
<pin id="27" dir="1" index="0" bw="1" slack="1"/>
</pin_list>
<bind>
<StgValue><ssdm name=""/></StgValue>
</bind>
</comp>

<comp id="28" class="1001" name="const_28">
<pin_list>
<pin id="29" dir="1" index="0" bw="1" slack="2"/>
</pin_list>
<bind>
<StgValue><ssdm name=""/></StgValue>
</bind>
</comp>

<comp id="30" class="1001" name="const_30">
<pin_list>
<pin id="31" dir="1" index="0" bw="1" slack="0"/>
</pin_list>
<bind>
<StgValue><ssdm name="_ssdm_op_PartSelect.i22.i32.i32.i32"/></StgValue>
</bind>
</comp>

<comp id="32" class="1001" name="const_32">
<pin_list>
<pin id="33" dir="1" index="0" bw="1" slack="0"/>
</pin_list>
<bind>
<StgValue><ssdm name=""/></StgValue>
</bind>
</comp>

<comp id="34" class="1001" name="const_34">
<pin_list>
<pin id="35" dir="1" index="0" bw="1" slack="0"/>
</pin_list>
<bind>
<StgValue><ssdm name=""/></StgValue>
</bind>
</comp>

<comp id="36" class="1001" name="const_36">
<pin_list>
<pin id="37" dir="1" index="0" bw="1" slack="0"/>
</pin_list>
<bind>
<StgValue><ssdm name=""/></StgValue>
</bind>
</comp>

<comp id="38" class="1001" name="const_38">
<pin_list>
<pin id="39" dir="1" index="0" bw="1" slack="0"/>
</pin_list>
<bind>
<StgValue><ssdm name=""/></StgValue>
</bind>
</comp>

<comp id="40" class="1001" name="const_40">
<pin_list>
<pin id="41" dir="1" index="0" bw="1" slack="0"/>
</pin_list>
<bind>
<StgValue><ssdm name=""/></StgValue>
</bind>
</comp>

<comp id="42" class="1001" name="const_42">
<pin_list>
<pin id="43" dir="1" index="0" bw="1" slack="2147483647"/>
</pin_list>
<bind>
<StgValue><ssdm name="_ssdm_op_SpecLoopName"/></StgValue>
</bind>
</comp>

<comp id="44" class="1001" name="const_44">
<pin_list>
<pin id="45" dir="1" index="0" bw="1" slack="2147483647"/>
</pin_list>
<bind>
<StgValue><ssdm name="p_str"/></StgValue>
</bind>
</comp>

<comp id="46" class="1001" name="const_46">
<pin_list>
<pin id="47" dir="1" index="0" bw="1" slack="2147483647"/>
</pin_list>
<bind>
<StgValue><ssdm name="_ssdm_op_SpecRegionBegin"/></StgValue>
</bind>
</comp>

<comp id="48" class="1001" name="const_48">
<pin_list>
<pin id="49" dir="1" index="0" bw="1" slack="2147483647"/>
</pin_list>
<bind>
<StgValue><ssdm name="_ssdm_op_SpecPipeline"/></StgValue>
</bind>
</comp>

<comp id="50" class="1001" name="const_50">
<pin_list>
<pin id="51" dir="1" index="0" bw="1" slack="2147483647"/>
</pin_list>
<bind>
<StgValue><ssdm name=""/></StgValue>
</bind>
</comp>

<comp id="52" class="1001" name="const_52">
<pin_list>
<pin id="53" dir="1" index="0" bw="1" slack="2147483647"/>
</pin_list>
<bind>
<StgValue><ssdm name="p_str1"/></StgValue>
</bind>
</comp>

<comp id="54" class="1001" name="const_54">
<pin_list>
<pin id="55" dir="1" index="0" bw="1" slack="2147483647"/>
</pin_list>
<bind>
<StgValue><ssdm name="_ssdm_op_SpecRegionEnd"/></StgValue>
</bind>
</comp>

<comp id="56" class="1004" name="bound_read_read_fu_56">
<pin_list>
<pin id="57" dir="0" index="0" bw="32" slack="0"/>
<pin id="58" dir="0" index="1" bw="32" slack="0"/>
<pin id="59" dir="1" index="2" bw="32" slack="0"/>
</pin_list>
<bind>
<opcode="read(1150) " fcode="read"/>
<opset="bound_read/1 "/>
</bind>
</comp>

<comp id="62" class="1004" name="a_addr_gep_fu_62">
<pin_list>
<pin id="63" dir="0" index="0" bw="32" slack="0"/>
<pin id="64" dir="0" index="1" bw="1" slack="0"/>
<pin id="65" dir="0" index="2" bw="32" slack="0"/>
<pin id="66" dir="1" index="3" bw="10" slack="0"/>
</pin_list>
<bind>
<opcode="getelementptr(29) " fcode="getelementptr"/>
<opset="a_addr/3 "/>
</bind>
</comp>

<comp id="69" class="1004" name="grp_access_fu_69">
<pin_list>
<pin id="70" dir="0" index="0" bw="10" slack="0"/>
<pin id="71" dir="0" index="1" bw="32" slack="2147483647"/>
<pin id="72" dir="0" index="2" bw="0" slack="2147483647"/>
<pin id="73" dir="1" index="3" bw="32" slack="1"/>
</pin_list>
<bind>
<opcode="load(27) " fcode="load"/>
<opset="a_load/3 "/>
</bind>
</comp>

<comp id="75" class="1004" name="b_addr_gep_fu_75">
<pin_list>
<pin id="76" dir="0" index="0" bw="32" slack="0"/>
<pin id="77" dir="0" index="1" bw="1" slack="0"/>
<pin id="78" dir="0" index="2" bw="32" slack="0"/>
<pin id="79" dir="1" index="3" bw="10" slack="0"/>
</pin_list>
<bind>
<opcode="getelementptr(29) " fcode="getelementptr"/>
<opset="b_addr/3 "/>
</bind>
</comp>

<comp id="82" class="1004" name="grp_access_fu_82">
<pin_list>
<pin id="83" dir="0" index="0" bw="10" slack="0"/>
<pin id="84" dir="0" index="1" bw="32" slack="2147483647"/>
<pin id="85" dir="0" index="2" bw="0" slack="2147483647"/>
<pin id="86" dir="1" index="3" bw="32" slack="1"/>
</pin_list>
<bind>
<opcode="load(27) " fcode="load"/>
<opset="b_load/3 "/>
</bind>
</comp>

<comp id="88" class="1005" name="sum_01_reg_88">
<pin_list>
<pin id="89" dir="0" index="0" bw="32" slack="1"/>
<pin id="90" dir="1" index="1" bw="32" slack="1"/>
</pin_list>
<bind>
<opset="sum_01 (phireg) "/>
</bind>
</comp>

<comp id="92" class="1004" name="sum_01_phi_fu_92">
<pin_list>
<pin id="93" dir="0" index="0" bw="32" slack="1"/>
<pin id="94" dir="0" index="1" bw="0" slack="2147483647"/>
<pin id="95" dir="0" index="2" bw="32" slack="1"/>
<pin id="96" dir="0" index="3" bw="0" slack="2147483647"/>
<pin id="97" dir="1" index="4" bw="32" slack="0"/>
</pin_list>
<bind>
<opcode="phi(47) " fcode="phi"/>
<opset="sum_01/2 "/>
</bind>
</comp>

<comp id="100" class="1005" name="i_0_reg_100">
<pin_list>
<pin id="101" dir="0" index="0" bw="32" slack="2"/>
<pin id="102" dir="1" index="1" bw="32" slack="2"/>
</pin_list>
<bind>
<opset="i_0 (phireg) "/>
</bind>
</comp>

<comp id="104" class="1004" name="i_0_phi_fu_104">
<pin_list>
<pin id="105" dir="0" index="0" bw="1" slack="2"/>
<pin id="106" dir="0" index="1" bw="0" slack="2147483647"/>
<pin id="107" dir="0" index="2" bw="32" slack="0"/>
<pin id="108" dir="0" index="3" bw="0" slack="2147483647"/>
<pin id="109" dir="1" index="4" bw="32" slack="0"/>
</pin_list>
<bind>
<opcode="phi(47) " fcode="phi"/>
<opset="i_0/3 "/>
</bind>
</comp>

<comp id="111" class="1004" name="grp_fu_111">
<pin_list>
<pin id="112" dir="0" index="0" bw="32" slack="1"/>
<pin id="113" dir="0" index="1" bw="32" slack="1"/>
<pin id="114" dir="1" index="2" bw="32" slack="1"/>
</pin_list>
<bind>
<opcode="fadd(9) " fcode="fadd"/>
<opset="sum/5 "/>
</bind>
</comp>

<comp id="115" class="1004" name="grp_fu_115">
<pin_list>
<pin id="116" dir="0" index="0" bw="32" slack="0"/>
<pin id="117" dir="0" index="1" bw="32" slack="1"/>
<pin id="118" dir="1" index="2" bw="1" slack="0"/>
</pin_list>
<bind>
<opcode="fcmp(46) " fcode="fcmp"/>
<opset="tmp_3/2 "/>
</bind>
</comp>

<comp id="120" class="1004" name="bitcast_ln7_1_fu_120">
<pin_list>
<pin id="121" dir="0" index="0" bw="32" slack="0"/>
<pin id="122" dir="1" index="1" bw="32" slack="0"/>
</pin_list>
<bind>
<opcode="bitcast(44) " fcode="bitcast"/>
<opset="bitcast_ln7_1/1 "/>
</bind>
</comp>

<comp id="124" class="1004" name="tmp_2_fu_124">
<pin_list>
<pin id="125" dir="0" index="0" bw="8" slack="0"/>
<pin id="126" dir="0" index="1" bw="32" slack="0"/>
<pin id="127" dir="0" index="2" bw="6" slack="0"/>
<pin id="128" dir="0" index="3" bw="6" slack="0"/>
<pin id="129" dir="1" index="4" bw="8" slack="0"/>
</pin_list>
<bind>
<opcode="partselect(1002) " fcode="partselect"/>
<opset="tmp_2/1 "/>
</bind>
</comp>

<comp id="134" class="1004" name="trunc_ln7_fu_134">
<pin_list>
<pin id="135" dir="0" index="0" bw="32" slack="0"/>
<pin id="136" dir="1" index="1" bw="23" slack="0"/>
</pin_list>
<bind>
<opcode="trunc(33) " fcode="trunc"/>
<opset="trunc_ln7/1 "/>
</bind>
</comp>

<comp id="138" class="1004" name="icmp_ln7_fu_138">
<pin_list>
<pin id="139" dir="0" index="0" bw="8" slack="0"/>
<pin id="140" dir="0" index="1" bw="8" slack="0"/>
<pin id="141" dir="1" index="2" bw="1" slack="0"/>
</pin_list>
<bind>
<opcode="icmp(45) " fcode="icmp"/>
<opset="icmp_ln7/1 "/>
</bind>
</comp>

<comp id="144" class="1004" name="icmp_ln7_3_fu_144">
<pin_list>
<pin id="145" dir="0" index="0" bw="23" slack="0"/>
<pin id="146" dir="0" index="1" bw="23" slack="0"/>
<pin id="147" dir="1" index="2" bw="1" slack="0"/>
</pin_list>
<bind>
<opcode="icmp(45) " fcode="icmp"/>
<opset="icmp_ln7_3/1 "/>
</bind>
</comp>

<comp id="150" class="1004" name="or_ln7_1_fu_150">
<pin_list>
<pin id="151" dir="0" index="0" bw="1" slack="0"/>
<pin id="152" dir="0" index="1" bw="1" slack="0"/>
<pin id="153" dir="1" index="2" bw="1" slack="2"/>
</pin_list>
<bind>
<opcode="or(24) " fcode="or"/>
<opset="or_ln7_1/1 "/>
</bind>
</comp>

<comp id="156" class="1004" name="bitcast_ln7_fu_156">
<pin_list>
<pin id="157" dir="0" index="0" bw="32" slack="0"/>
<pin id="158" dir="1" index="1" bw="32" slack="0"/>
</pin_list>
<bind>
<opcode="bitcast(44) " fcode="bitcast"/>
<opset="bitcast_ln7/2 "/>
</bind>
</comp>

<comp id="160" class="1004" name="tmp_fu_160">
<pin_list>
<pin id="161" dir="0" index="0" bw="8" slack="0"/>
<pin id="162" dir="0" index="1" bw="32" slack="0"/>
<pin id="163" dir="0" index="2" bw="6" slack="0"/>
<pin id="164" dir="0" index="3" bw="6" slack="0"/>
<pin id="165" dir="1" index="4" bw="8" slack="0"/>
</pin_list>
<bind>
<opcode="partselect(1002) " fcode="partselect"/>
<opset="tmp/2 "/>
</bind>
</comp>

<comp id="170" class="1004" name="trunc_ln7_1_fu_170">
<pin_list>
<pin id="171" dir="0" index="0" bw="32" slack="0"/>
<pin id="172" dir="1" index="1" bw="23" slack="0"/>
</pin_list>
<bind>
<opcode="trunc(33) " fcode="trunc"/>
<opset="trunc_ln7_1/2 "/>
</bind>
</comp>

<comp id="174" class="1004" name="icmp_ln7_1_fu_174">
<pin_list>
<pin id="175" dir="0" index="0" bw="8" slack="0"/>
<pin id="176" dir="0" index="1" bw="8" slack="0"/>
<pin id="177" dir="1" index="2" bw="1" slack="1"/>
</pin_list>
<bind>
<opcode="icmp(45) " fcode="icmp"/>
<opset="icmp_ln7_1/2 "/>
</bind>
</comp>

<comp id="180" class="1004" name="icmp_ln7_2_fu_180">
<pin_list>
<pin id="181" dir="0" index="0" bw="23" slack="0"/>
<pin id="182" dir="0" index="1" bw="23" slack="0"/>
<pin id="183" dir="1" index="2" bw="1" slack="1"/>
</pin_list>
<bind>
<opcode="icmp(45) " fcode="icmp"/>
<opset="icmp_ln7_2/2 "/>
</bind>
</comp>

<comp id="186" class="1004" name="or_ln7_fu_186">
<pin_list>
<pin id="187" dir="0" index="0" bw="1" slack="1"/>
<pin id="188" dir="0" index="1" bw="1" slack="1"/>
<pin id="189" dir="1" index="2" bw="1" slack="0"/>
</pin_list>
<bind>
<opcode="or(24) " fcode="or"/>
<opset="or_ln7/3 "/>
</bind>
</comp>

<comp id="190" class="1004" name="and_ln7_1_fu_190">
<pin_list>
<pin id="191" dir="0" index="0" bw="1" slack="0"/>
<pin id="192" dir="0" index="1" bw="1" slack="2"/>
<pin id="193" dir="1" index="2" bw="1" slack="0"/>
</pin_list>
<bind>
<opcode="and(23) " fcode="and"/>
<opset="and_ln7_1/3 "/>
</bind>
</comp>

<comp id="195" class="1004" name="and_ln7_2_fu_195">
<pin_list>
<pin id="196" dir="0" index="0" bw="1" slack="0"/>
<pin id="197" dir="0" index="1" bw="1" slack="0"/>
<pin id="198" dir="1" index="2" bw="1" slack="0"/>
</pin_list>
<bind>
<opcode="and(23) " fcode="and"/>
<opset="and_ln7_2/3 "/>
</bind>
</comp>

<comp id="201" class="1004" name="tmp_4_fu_201">
<pin_list>
<pin id="202" dir="0" index="0" bw="22" slack="0"/>
<pin id="203" dir="0" index="1" bw="32" slack="0"/>
<pin id="204" dir="0" index="2" bw="5" slack="0"/>
<pin id="205" dir="0" index="3" bw="6" slack="0"/>
<pin id="206" dir="1" index="4" bw="22" slack="0"/>
</pin_list>
<bind>
<opcode="partselect(1002) " fcode="partselect"/>
<opset="tmp_4/3 "/>
</bind>
</comp>

<comp id="211" class="1004" name="icmp_ln7_4_fu_211">
<pin_list>
<pin id="212" dir="0" index="0" bw="22" slack="0"/>
<pin id="213" dir="0" index="1" bw="22" slack="0"/>
<pin id="214" dir="1" index="2" bw="1" slack="0"/>
</pin_list>
<bind>
<opcode="icmp(45) " fcode="icmp"/>
<opset="icmp_ln7_4/3 "/>
</bind>
</comp>

<comp id="217" class="1004" name="and_ln7_fu_217">
<pin_list>
<pin id="218" dir="0" index="0" bw="1" slack="0"/>
<pin id="219" dir="0" index="1" bw="1" slack="0"/>
<pin id="220" dir="1" index="2" bw="1" slack="2147483647"/>
</pin_list>
<bind>
<opcode="and(23) " fcode="and"/>
<opset="and_ln7/3 "/>
</bind>
</comp>

<comp id="223" class="1004" name="i_fu_223">
<pin_list>
<pin id="224" dir="0" index="0" bw="1" slack="0"/>
<pin id="225" dir="0" index="1" bw="32" slack="0"/>
<pin id="226" dir="1" index="2" bw="32" slack="0"/>
</pin_list>
<bind>
<opcode="add(8) " fcode="add"/>
<opset="i/3 "/>
</bind>
</comp>

<comp id="229" class="1004" name="sext_ln9_fu_229">
<pin_list>
<pin id="230" dir="0" index="0" bw="32" slack="0"/>
<pin id="231" dir="1" index="1" bw="64" slack="0"/>
</pin_list>
<bind>
<opcode="sext(35) " fcode="sext"/>
<opset="sext_ln9/3 "/>
</bind>
</comp>

<comp id="235" class="1005" name="bound_read_reg_235">
<pin_list>
<pin id="236" dir="0" index="0" bw="32" slack="1"/>
<pin id="237" dir="1" index="1" bw="32" slack="1"/>
</pin_list>
<bind>
<opset="bound_read "/>
</bind>
</comp>

<comp id="240" class="1005" name="or_ln7_1_reg_240">
<pin_list>
<pin id="241" dir="0" index="0" bw="1" slack="2"/>
<pin id="242" dir="1" index="1" bw="1" slack="2"/>
</pin_list>
<bind>
<opset="or_ln7_1 "/>
</bind>
</comp>

<comp id="245" class="1005" name="icmp_ln7_1_reg_245">
<pin_list>
<pin id="246" dir="0" index="0" bw="1" slack="1"/>
<pin id="247" dir="1" index="1" bw="1" slack="1"/>
</pin_list>
<bind>
<opset="icmp_ln7_1 "/>
</bind>
</comp>

<comp id="250" class="1005" name="icmp_ln7_2_reg_250">
<pin_list>
<pin id="251" dir="0" index="0" bw="1" slack="1"/>
<pin id="252" dir="1" index="1" bw="1" slack="1"/>
</pin_list>
<bind>
<opset="icmp_ln7_2 "/>
</bind>
</comp>

<comp id="258" class="1005" name="i_reg_258">
<pin_list>
<pin id="259" dir="0" index="0" bw="32" slack="0"/>
<pin id="260" dir="1" index="1" bw="32" slack="0"/>
</pin_list>
<bind>
<opset="i "/>
</bind>
</comp>

<comp id="263" class="1005" name="a_addr_reg_263">
<pin_list>
<pin id="264" dir="0" index="0" bw="10" slack="1"/>
<pin id="265" dir="1" index="1" bw="10" slack="1"/>
</pin_list>
<bind>
<opset="a_addr "/>
</bind>
</comp>

<comp id="268" class="1005" name="b_addr_reg_268">
<pin_list>
<pin id="269" dir="0" index="0" bw="10" slack="1"/>
<pin id="270" dir="1" index="1" bw="10" slack="1"/>
</pin_list>
<bind>
<opset="b_addr "/>
</bind>
</comp>

<comp id="273" class="1005" name="a_load_reg_273">
<pin_list>
<pin id="274" dir="0" index="0" bw="32" slack="1"/>
<pin id="275" dir="1" index="1" bw="32" slack="1"/>
</pin_list>
<bind>
<opset="a_load "/>
</bind>
</comp>

<comp id="278" class="1005" name="b_load_reg_278">
<pin_list>
<pin id="279" dir="0" index="0" bw="32" slack="1"/>
<pin id="280" dir="1" index="1" bw="32" slack="1"/>
</pin_list>
<bind>
<opset="b_load "/>
</bind>
</comp>

<comp id="283" class="1005" name="sum_reg_283">
<pin_list>
<pin id="284" dir="0" index="0" bw="32" slack="1"/>
<pin id="285" dir="1" index="1" bw="32" slack="1"/>
</pin_list>
<bind>
<opset="sum "/>
</bind>
</comp>

</comp_list>

<net_list>
<net id="60"><net_src comp="14" pin="0"/><net_sink comp="56" pin=0"/></net>

<net id="61"><net_src comp="0" pin="0"/><net_sink comp="56" pin=1"/></net>

<net id="67"><net_src comp="2" pin="0"/><net_sink comp="62" pin=0"/></net>

<net id="68"><net_src comp="40" pin="0"/><net_sink comp="62" pin=1"/></net>

<net id="74"><net_src comp="62" pin="3"/><net_sink comp="69" pin=0"/></net>

<net id="80"><net_src comp="4" pin="0"/><net_sink comp="75" pin=0"/></net>

<net id="81"><net_src comp="40" pin="0"/><net_sink comp="75" pin=1"/></net>

<net id="87"><net_src comp="75" pin="3"/><net_sink comp="82" pin=0"/></net>

<net id="91"><net_src comp="26" pin="0"/><net_sink comp="88" pin=0"/></net>

<net id="98"><net_src comp="88" pin="1"/><net_sink comp="92" pin=0"/></net>

<net id="99"><net_src comp="92" pin="4"/><net_sink comp="88" pin=0"/></net>

<net id="103"><net_src comp="28" pin="0"/><net_sink comp="100" pin=0"/></net>

<net id="110"><net_src comp="100" pin="1"/><net_sink comp="104" pin=0"/></net>

<net id="119"><net_src comp="92" pin="4"/><net_sink comp="115" pin=0"/></net>

<net id="123"><net_src comp="56" pin="2"/><net_sink comp="120" pin=0"/></net>

<net id="130"><net_src comp="16" pin="0"/><net_sink comp="124" pin=0"/></net>

<net id="131"><net_src comp="120" pin="1"/><net_sink comp="124" pin=1"/></net>

<net id="132"><net_src comp="18" pin="0"/><net_sink comp="124" pin=2"/></net>

<net id="133"><net_src comp="20" pin="0"/><net_sink comp="124" pin=3"/></net>

<net id="137"><net_src comp="120" pin="1"/><net_sink comp="134" pin=0"/></net>

<net id="142"><net_src comp="124" pin="4"/><net_sink comp="138" pin=0"/></net>

<net id="143"><net_src comp="22" pin="0"/><net_sink comp="138" pin=1"/></net>

<net id="148"><net_src comp="134" pin="1"/><net_sink comp="144" pin=0"/></net>

<net id="149"><net_src comp="24" pin="0"/><net_sink comp="144" pin=1"/></net>

<net id="154"><net_src comp="144" pin="2"/><net_sink comp="150" pin=0"/></net>

<net id="155"><net_src comp="138" pin="2"/><net_sink comp="150" pin=1"/></net>

<net id="159"><net_src comp="92" pin="4"/><net_sink comp="156" pin=0"/></net>

<net id="166"><net_src comp="16" pin="0"/><net_sink comp="160" pin=0"/></net>

<net id="167"><net_src comp="156" pin="1"/><net_sink comp="160" pin=1"/></net>

<net id="168"><net_src comp="18" pin="0"/><net_sink comp="160" pin=2"/></net>

<net id="169"><net_src comp="20" pin="0"/><net_sink comp="160" pin=3"/></net>

<net id="173"><net_src comp="156" pin="1"/><net_sink comp="170" pin=0"/></net>

<net id="178"><net_src comp="160" pin="4"/><net_sink comp="174" pin=0"/></net>

<net id="179"><net_src comp="22" pin="0"/><net_sink comp="174" pin=1"/></net>

<net id="184"><net_src comp="170" pin="1"/><net_sink comp="180" pin=0"/></net>

<net id="185"><net_src comp="24" pin="0"/><net_sink comp="180" pin=1"/></net>

<net id="194"><net_src comp="186" pin="2"/><net_sink comp="190" pin=0"/></net>

<net id="199"><net_src comp="190" pin="2"/><net_sink comp="195" pin=0"/></net>

<net id="200"><net_src comp="115" pin="2"/><net_sink comp="195" pin=1"/></net>

<net id="207"><net_src comp="30" pin="0"/><net_sink comp="201" pin=0"/></net>

<net id="208"><net_src comp="104" pin="4"/><net_sink comp="201" pin=1"/></net>

<net id="209"><net_src comp="32" pin="0"/><net_sink comp="201" pin=2"/></net>

<net id="210"><net_src comp="34" pin="0"/><net_sink comp="201" pin=3"/></net>

<net id="215"><net_src comp="201" pin="4"/><net_sink comp="211" pin=0"/></net>

<net id="216"><net_src comp="36" pin="0"/><net_sink comp="211" pin=1"/></net>

<net id="221"><net_src comp="195" pin="2"/><net_sink comp="217" pin=0"/></net>

<net id="222"><net_src comp="211" pin="2"/><net_sink comp="217" pin=1"/></net>

<net id="227"><net_src comp="38" pin="0"/><net_sink comp="223" pin=0"/></net>

<net id="228"><net_src comp="104" pin="4"/><net_sink comp="223" pin=1"/></net>

<net id="232"><net_src comp="104" pin="4"/><net_sink comp="229" pin=0"/></net>

<net id="233"><net_src comp="229" pin="1"/><net_sink comp="62" pin=2"/></net>

<net id="234"><net_src comp="229" pin="1"/><net_sink comp="75" pin=2"/></net>

<net id="238"><net_src comp="56" pin="2"/><net_sink comp="235" pin=0"/></net>

<net id="239"><net_src comp="235" pin="1"/><net_sink comp="115" pin=1"/></net>

<net id="243"><net_src comp="150" pin="2"/><net_sink comp="240" pin=0"/></net>

<net id="244"><net_src comp="240" pin="1"/><net_sink comp="190" pin=1"/></net>

<net id="248"><net_src comp="174" pin="2"/><net_sink comp="245" pin=0"/></net>

<net id="249"><net_src comp="245" pin="1"/><net_sink comp="186" pin=1"/></net>

<net id="253"><net_src comp="180" pin="2"/><net_sink comp="250" pin=0"/></net>

<net id="254"><net_src comp="250" pin="1"/><net_sink comp="186" pin=0"/></net>

<net id="261"><net_src comp="223" pin="2"/><net_sink comp="258" pin=0"/></net>

<net id="262"><net_src comp="258" pin="1"/><net_sink comp="104" pin=2"/></net>

<net id="266"><net_src comp="62" pin="3"/><net_sink comp="263" pin=0"/></net>

<net id="267"><net_src comp="263" pin="1"/><net_sink comp="69" pin=0"/></net>

<net id="271"><net_src comp="75" pin="3"/><net_sink comp="268" pin=0"/></net>

<net id="272"><net_src comp="268" pin="1"/><net_sink comp="82" pin=0"/></net>

<net id="276"><net_src comp="69" pin="3"/><net_sink comp="273" pin=0"/></net>

<net id="277"><net_src comp="273" pin="1"/><net_sink comp="111" pin=0"/></net>

<net id="281"><net_src comp="82" pin="3"/><net_sink comp="278" pin=0"/></net>

<net id="282"><net_src comp="278" pin="1"/><net_sink comp="111" pin=1"/></net>

<net id="286"><net_src comp="111" pin="2"/><net_sink comp="283" pin=0"/></net>

<net id="287"><net_src comp="283" pin="1"/><net_sink comp="92" pin=2"/></net>

</net_list>

</model> 
---------------- Datapath Model END ------------------

* FSMD analyzer results:
  - Output states:
 - Input state : 
	Port: kernel5 : bound | {1 }
	Port: kernel5 : a | {3 4 }
	Port: kernel5 : b | {3 4 }
  - Chain level:
	State 1
		tmp_2 : 1
		trunc_ln7 : 1
		icmp_ln7 : 2
		icmp_ln7_3 : 2
		or_ln7_1 : 3
	State 2
		bitcast_ln7 : 1
		tmp : 2
		trunc_ln7_1 : 2
		icmp_ln7_1 : 3
		icmp_ln7_2 : 3
		tmp_3 : 1
	State 3
		tmp_4 : 1
		icmp_ln7_4 : 2
		i : 1
		sext_ln9 : 1
		a_addr : 2
		a_load : 3
		b_addr : 2
		b_load : 3
	State 4
	State 5
	State 6
	State 7
	State 8
		empty : 1
	State 9


============================================================
+ Verbose Summary: Datapath Resource usage 
============================================================

* Functional unit list:
|----------|-----------------------|---------|---------|---------|
| Operation|    Functional Unit    |  DSP48E |    FF   |   LUT   |
|----------|-----------------------|---------|---------|---------|
|   fadd   |       grp_fu_111      |    2    |   227   |   214   |
|----------|-----------------------|---------|---------|---------|
|   fcmp   |       grp_fu_115      |    0    |    66   |    66   |
|----------|-----------------------|---------|---------|---------|
|          |    icmp_ln7_fu_138    |    0    |    0    |    11   |
|          |   icmp_ln7_3_fu_144   |    0    |    0    |    18   |
|   icmp   |   icmp_ln7_1_fu_174   |    0    |    0    |    11   |
|          |   icmp_ln7_2_fu_180   |    0    |    0    |    18   |
|          |   icmp_ln7_4_fu_211   |    0    |    0    |    18   |
|----------|-----------------------|---------|---------|---------|
|    add   |        i_fu_223       |    0    |    0    |    39   |
|----------|-----------------------|---------|---------|---------|
|          |    and_ln7_1_fu_190   |    0    |    0    |    6    |
|    and   |    and_ln7_2_fu_195   |    0    |    0    |    6    |
|          |     and_ln7_fu_217    |    0    |    0    |    6    |
|----------|-----------------------|---------|---------|---------|
|    or    |    or_ln7_1_fu_150    |    0    |    0    |    6    |
|          |     or_ln7_fu_186     |    0    |    0    |    6    |
|----------|-----------------------|---------|---------|---------|
|   read   | bound_read_read_fu_56 |    0    |    0    |    0    |
|----------|-----------------------|---------|---------|---------|
|          |      tmp_2_fu_124     |    0    |    0    |    0    |
|partselect|       tmp_fu_160      |    0    |    0    |    0    |
|          |      tmp_4_fu_201     |    0    |    0    |    0    |
|----------|-----------------------|---------|---------|---------|
|   trunc  |    trunc_ln7_fu_134   |    0    |    0    |    0    |
|          |   trunc_ln7_1_fu_170  |    0    |    0    |    0    |
|----------|-----------------------|---------|---------|---------|
|   sext   |    sext_ln9_fu_229    |    0    |    0    |    0    |
|----------|-----------------------|---------|---------|---------|
|   Total  |                       |    2    |   293   |   425   |
|----------|-----------------------|---------|---------|---------|

Memories:
N/A

* Register list:
+------------------+--------+
|                  |   FF   |
+------------------+--------+
|  a_addr_reg_263  |   10   |
|  a_load_reg_273  |   32   |
|  b_addr_reg_268  |   10   |
|  b_load_reg_278  |   32   |
|bound_read_reg_235|   32   |
|    i_0_reg_100   |   32   |
|     i_reg_258    |   32   |
|icmp_ln7_1_reg_245|    1   |
|icmp_ln7_2_reg_250|    1   |
| or_ln7_1_reg_240 |    1   |
|   sum_01_reg_88  |   32   |
|    sum_reg_283   |   32   |
+------------------+--------+
|       Total      |   247  |
+------------------+--------+

* Multiplexer (MUX) list: 
|------------------|------|------|------|--------||---------||---------|
|       Comp       |  Pin | Size |  BW  | S x BW ||  Delay  ||   LUT   |
|------------------|------|------|------|--------||---------||---------|
| grp_access_fu_69 |  p0  |   2  |  10  |   20   ||    9    |
| grp_access_fu_82 |  p0  |   2  |  10  |   20   ||    9    |
|   sum_01_reg_88  |  p0  |   2  |  32  |   64   ||    9    |
|------------------|------|------|------|--------||---------||---------|
|       Total      |      |      |      |   104  ||  3.183  ||    27   |
|------------------|------|------|------|--------||---------||---------|



* Summary:
+-----------+--------+--------+--------+--------+
|           | DSP48E |  Delay |   FF   |   LUT  |
+-----------+--------+--------+--------+--------+
|  Function |    2   |    -   |   293  |   425  |
|   Memory  |    -   |    -   |    -   |    -   |
|Multiplexer|    -   |    3   |    -   |   27   |
|  Register |    -   |    -   |   247  |    -   |
+-----------+--------+--------+--------+--------+
|   Total   |    2   |    3   |   540  |   452  |
+-----------+--------+--------+--------+--------+
