

================================================================
== Vivado HLS Report for 'kernel3'
================================================================
* Date:           Fri May  7 23:18:59 2021

* Version:        2019.2 (Build 2704478 on Wed Nov 06 22:10:23 MST 2019)
* Project:        prj_kernel3
* Solution:       original
* Product family: kintex7
* Target device:  xc7k160t-fbg484-1


================================================================
== Performance Estimates
================================================================
+ Timing: 
    * Summary: 
    +--------+----------+----------+------------+
    |  Clock |  Target  | Estimated| Uncertainty|
    +--------+----------+----------+------------+
    |ap_clk  | 10.00 ns | 7.717 ns |   1.25 ns  |
    +--------+----------+----------+------------+

+ Latency: 
    * Summary: 
    +---------+---------+-----------+-----------+------+------+---------+
    |  Latency (cycles) |   Latency (absolute)  |   Interval  | Pipeline|
    |   min   |   max   |    min    |    max    |  min |  max |   Type  |
    +---------+---------+-----------+-----------+------+------+---------+
    |     8193|     8193| 81.930 us | 81.930 us |  8193|  8193|   none  |
    +---------+---------+-----------+-----------+------+------+---------+

    + Detail: 
        * Instance: 
        N/A

        * Loop: 
        +----------+---------+---------+----------+-----------+-----------+------+----------+
        |          |  Latency (cycles) | Iteration|  Initiation Interval  | Trip |          |
        | Loop Name|   min   |   max   |  Latency |  achieved |   target  | Count| Pipelined|
        +----------+---------+---------+----------+-----------+-----------+------+----------+
        |- loop    |     8192|     8192|         8|          -|          -|  1024|    no    |
        +----------+---------+---------+----------+-----------+-----------+------+----------+

============================================================
+ Verbose Summary: Synthesis Manager
============================================================
InlineROM: 1
ExposeGlobal: 0
============================================================
+ Verbose Summary: CDFG Model
============================================================
IsTopModel: 1
ResetActiveHigh: 1
IsCombinational: 0
IsDatapathOnly: 0
HasWiredReturn: 1
HasMFsm: 0
HasVarLatency: 1
IsPipeline: 0
IsRtlPipelined: 0
IsInstanceOverlapped: 0
IsDontTouch: 0
HasImplIP: 0
IsGatedGlobalClock: 0


============================================================
+ Verbose Summary: Schedule
============================================================
* Number of FSM states : 9
* Pipeline : 0
* Dataflow Pipeline: 0

* FSM state transitions: 
1 --> 2 
2 --> 3 
3 --> 4 
4 --> 5 
5 --> 6 
6 --> 7 
7 --> 8 
8 --> 9 
9 --> 2 

* FSM state operations: 

State 1 <SV = 0> <Delay = 1.06>
ST_1 : Operation 10 [1/1] (0.00ns)   --->   "call void (...)* @_ssdm_op_SpecBitsMap([1024 x float]* %hist) nounwind, !map !7"   --->   Operation 10 'specbitsmap' <Predicate = true> <Delay = 0.00>
ST_1 : Operation 11 [1/1] (0.00ns)   --->   "call void (...)* @_ssdm_op_SpecBitsMap([1024 x float]* %weight) nounwind, !map !13"   --->   Operation 11 'specbitsmap' <Predicate = true> <Delay = 0.00>
ST_1 : Operation 12 [1/1] (0.00ns)   --->   "call void (...)* @_ssdm_op_SpecBitsMap([1024 x i32]* %index) nounwind, !map !17"   --->   Operation 12 'specbitsmap' <Predicate = true> <Delay = 0.00>
ST_1 : Operation 13 [1/1] (0.00ns)   --->   "call void (...)* @_ssdm_op_SpecTopModule([8 x i8]* @kernel3_str) nounwind"   --->   Operation 13 'spectopmodule' <Predicate = true> <Delay = 0.00>
ST_1 : Operation 14 [1/1] (1.06ns)   --->   "br label %1" [kernel3.cpp:5]   --->   Operation 14 'br' <Predicate = true> <Delay = 1.06>

State 2 <SV = 1> <Delay = 2.66>
ST_2 : Operation 15 [1/1] (0.00ns)   --->   "%i_0 = phi i11 [ 0, %0 ], [ %i, %2 ]"   --->   Operation 15 'phi' 'i_0' <Predicate = true> <Delay = 0.00>
ST_2 : Operation 16 [1/1] (1.32ns)   --->   "%icmp_ln5 = icmp eq i11 %i_0, -1024" [kernel3.cpp:5]   --->   Operation 16 'icmp' 'icmp_ln5' <Predicate = true> <Delay = 1.32> <Core = "Cmp">   --->   Core 25 'Cmp' <Latency = 0> <II = 1> <Delay = 1.32> <FuncUnit> <Opcode : 'icmp'> <InPorts = 2> <OutPorts = 1>
ST_2 : Operation 17 [1/1] (0.00ns)   --->   "%empty = call i32 (...)* @_ssdm_op_SpecLoopTripCount(i64 1024, i64 1024, i64 1024) nounwind"   --->   Operation 17 'speclooptripcount' 'empty' <Predicate = true> <Delay = 0.00>
ST_2 : Operation 18 [1/1] (1.42ns)   --->   "%i = add i11 %i_0, 1" [kernel3.cpp:5]   --->   Operation 18 'add' 'i' <Predicate = true> <Delay = 1.42> <Core = "AddSub">   --->   Core 14 'AddSub' <Latency = 0> <II = 1> <Delay = 1.42> <FuncUnit> <Opcode : 'add' 'sub'> <InPorts = 2> <OutPorts = 1>
ST_2 : Operation 19 [1/1] (0.00ns)   --->   "br i1 %icmp_ln5, label %3, label %2" [kernel3.cpp:5]   --->   Operation 19 'br' <Predicate = true> <Delay = 0.00>
ST_2 : Operation 20 [1/1] (0.00ns)   --->   "%zext_ln6 = zext i11 %i_0 to i64" [kernel3.cpp:6]   --->   Operation 20 'zext' 'zext_ln6' <Predicate = (!icmp_ln5)> <Delay = 0.00>
ST_2 : Operation 21 [1/1] (0.00ns)   --->   "%index_addr = getelementptr [1024 x i32]* %index, i64 0, i64 %zext_ln6" [kernel3.cpp:6]   --->   Operation 21 'getelementptr' 'index_addr' <Predicate = (!icmp_ln5)> <Delay = 0.00>
ST_2 : Operation 22 [2/2] (2.66ns)   --->   "%index_load = load i32* %index_addr, align 4" [kernel3.cpp:6]   --->   Operation 22 'load' 'index_load' <Predicate = (!icmp_ln5)> <Delay = 2.66> <Core = "RAM">   --->   Core 37 'RAM' <Latency = 1> <II = 1> <Delay = 2.66> <Storage> <Opcode : 'load' 'store'> <Ports = 2> <Width = 32> <Depth = 1024> <RAM>
ST_2 : Operation 23 [1/1] (0.00ns)   --->   "%weight_addr = getelementptr [1024 x float]* %weight, i64 0, i64 %zext_ln6" [kernel3.cpp:6]   --->   Operation 23 'getelementptr' 'weight_addr' <Predicate = (!icmp_ln5)> <Delay = 0.00>
ST_2 : Operation 24 [2/2] (2.66ns)   --->   "%weight_load = load float* %weight_addr, align 4" [kernel3.cpp:6]   --->   Operation 24 'load' 'weight_load' <Predicate = (!icmp_ln5)> <Delay = 2.66> <Core = "RAM">   --->   Core 37 'RAM' <Latency = 1> <II = 1> <Delay = 2.66> <Storage> <Opcode : 'load' 'store'> <Ports = 2> <Width = 32> <Depth = 1024> <RAM>
ST_2 : Operation 25 [1/1] (0.00ns)   --->   "ret void" [kernel3.cpp:8]   --->   Operation 25 'ret' <Predicate = (icmp_ln5)> <Delay = 0.00>

State 3 <SV = 2> <Delay = 5.32>
ST_3 : Operation 26 [1/2] (2.66ns)   --->   "%index_load = load i32* %index_addr, align 4" [kernel3.cpp:6]   --->   Operation 26 'load' 'index_load' <Predicate = true> <Delay = 2.66> <Core = "RAM">   --->   Core 37 'RAM' <Latency = 1> <II = 1> <Delay = 2.66> <Storage> <Opcode : 'load' 'store'> <Ports = 2> <Width = 32> <Depth = 1024> <RAM>
ST_3 : Operation 27 [1/1] (0.00ns)   --->   "%sext_ln6 = sext i32 %index_load to i64" [kernel3.cpp:6]   --->   Operation 27 'sext' 'sext_ln6' <Predicate = true> <Delay = 0.00>
ST_3 : Operation 28 [1/1] (0.00ns)   --->   "%hist_addr = getelementptr [1024 x float]* %hist, i64 0, i64 %sext_ln6" [kernel3.cpp:6]   --->   Operation 28 'getelementptr' 'hist_addr' <Predicate = true> <Delay = 0.00>
ST_3 : Operation 29 [2/2] (2.66ns)   --->   "%hist_load = load float* %hist_addr, align 4" [kernel3.cpp:6]   --->   Operation 29 'load' 'hist_load' <Predicate = true> <Delay = 2.66> <Core = "RAM">   --->   Core 37 'RAM' <Latency = 1> <II = 1> <Delay = 2.66> <Storage> <Opcode : 'load' 'store'> <Ports = 2> <Width = 32> <Depth = 1024> <RAM>
ST_3 : Operation 30 [1/2] (2.66ns)   --->   "%weight_load = load float* %weight_addr, align 4" [kernel3.cpp:6]   --->   Operation 30 'load' 'weight_load' <Predicate = true> <Delay = 2.66> <Core = "RAM">   --->   Core 37 'RAM' <Latency = 1> <II = 1> <Delay = 2.66> <Storage> <Opcode : 'load' 'store'> <Ports = 2> <Width = 32> <Depth = 1024> <RAM>

State 4 <SV = 3> <Delay = 2.66>
ST_4 : Operation 31 [1/2] (2.66ns)   --->   "%hist_load = load float* %hist_addr, align 4" [kernel3.cpp:6]   --->   Operation 31 'load' 'hist_load' <Predicate = true> <Delay = 2.66> <Core = "RAM">   --->   Core 37 'RAM' <Latency = 1> <II = 1> <Delay = 2.66> <Storage> <Opcode : 'load' 'store'> <Ports = 2> <Width = 32> <Depth = 1024> <RAM>

State 5 <SV = 4> <Delay = 7.71>
ST_5 : Operation 32 [4/4] (7.71ns)   --->   "%tmp = fadd float %hist_load, %weight_load" [kernel3.cpp:6]   --->   Operation 32 'fadd' 'tmp' <Predicate = true> <Delay = 7.71> <Core = "FAddSub">   --->   Core 105 'FAddSub' <Latency = 3> <II = 1> <Delay = 7.71> <FuncUnit> <Opcode : 'fadd' 'fsub'> <InPorts = 2> <OutPorts = 1>

State 6 <SV = 5> <Delay = 7.71>
ST_6 : Operation 33 [3/4] (7.71ns)   --->   "%tmp = fadd float %hist_load, %weight_load" [kernel3.cpp:6]   --->   Operation 33 'fadd' 'tmp' <Predicate = true> <Delay = 7.71> <Core = "FAddSub">   --->   Core 105 'FAddSub' <Latency = 3> <II = 1> <Delay = 7.71> <FuncUnit> <Opcode : 'fadd' 'fsub'> <InPorts = 2> <OutPorts = 1>

State 7 <SV = 6> <Delay = 7.71>
ST_7 : Operation 34 [2/4] (7.71ns)   --->   "%tmp = fadd float %hist_load, %weight_load" [kernel3.cpp:6]   --->   Operation 34 'fadd' 'tmp' <Predicate = true> <Delay = 7.71> <Core = "FAddSub">   --->   Core 105 'FAddSub' <Latency = 3> <II = 1> <Delay = 7.71> <FuncUnit> <Opcode : 'fadd' 'fsub'> <InPorts = 2> <OutPorts = 1>

State 8 <SV = 7> <Delay = 7.71>
ST_8 : Operation 35 [1/4] (7.71ns)   --->   "%tmp = fadd float %hist_load, %weight_load" [kernel3.cpp:6]   --->   Operation 35 'fadd' 'tmp' <Predicate = true> <Delay = 7.71> <Core = "FAddSub">   --->   Core 105 'FAddSub' <Latency = 3> <II = 1> <Delay = 7.71> <FuncUnit> <Opcode : 'fadd' 'fsub'> <InPorts = 2> <OutPorts = 1>

State 9 <SV = 8> <Delay = 2.66>
ST_9 : Operation 36 [1/1] (0.00ns)   --->   "call void (...)* @_ssdm_op_SpecLoopName([5 x i8]* @p_str) nounwind" [kernel3.cpp:5]   --->   Operation 36 'specloopname' <Predicate = true> <Delay = 0.00>
ST_9 : Operation 37 [1/1] (2.66ns)   --->   "store float %tmp, float* %hist_addr, align 4" [kernel3.cpp:6]   --->   Operation 37 'store' <Predicate = true> <Delay = 2.66> <Core = "RAM">   --->   Core 37 'RAM' <Latency = 1> <II = 1> <Delay = 2.66> <Storage> <Opcode : 'load' 'store'> <Ports = 2> <Width = 32> <Depth = 1024> <RAM>
ST_9 : Operation 38 [1/1] (0.00ns)   --->   "br label %1" [kernel3.cpp:5]   --->   Operation 38 'br' <Predicate = true> <Delay = 0.00>


============================================================
+ Verbose Summary: Binding
============================================================
STG Binding: 
---------------- STG Properties BEGIN ----------------
- Is combinational: 0
- Is one-state seq: 0
- Is datapath-only: 0
- Is pipelined: 0
- Is top level: 1
Port [ Return ] is wired: 1; IO mode=ap_ctrl_hs:ce=0
Port [ hist]:  wired=1; compound=1; hidden=0; nouse=0; global=0; static=0; extern=0; dir=2; type=1; pingpong=0; private_global=0; MemPort=[23]; IO mode=ap_memory:ce=0
Port [ weight]:  wired=1; compound=1; hidden=0; nouse=0; global=0; static=0; extern=0; dir=0; type=1; pingpong=0; private_global=0; MemPort=[13]; IO mode=ap_memory:ce=0
Port [ index]:  wired=1; compound=1; hidden=0; nouse=0; global=0; static=0; extern=0; dir=0; type=1; pingpong=0; private_global=0; MemPort=[13]; IO mode=ap_memory:ce=0
---------------- STG Properties END ------------------

---------------- Datapath Model BEGIN ----------------

<LifeTime>
<method=bitvector/>
specbitsmap_ln0   (specbitsmap      ) [ 0000000000]
specbitsmap_ln0   (specbitsmap      ) [ 0000000000]
specbitsmap_ln0   (specbitsmap      ) [ 0000000000]
spectopmodule_ln0 (spectopmodule    ) [ 0000000000]
br_ln5            (br               ) [ 0111111111]
i_0               (phi              ) [ 0010000000]
icmp_ln5          (icmp             ) [ 0011111111]
empty             (speclooptripcount) [ 0000000000]
i                 (add              ) [ 0111111111]
br_ln5            (br               ) [ 0000000000]
zext_ln6          (zext             ) [ 0000000000]
index_addr        (getelementptr    ) [ 0001000000]
weight_addr       (getelementptr    ) [ 0001000000]
ret_ln8           (ret              ) [ 0000000000]
index_load        (load             ) [ 0000000000]
sext_ln6          (sext             ) [ 0000000000]
hist_addr         (getelementptr    ) [ 0000111111]
weight_load       (load             ) [ 0000111110]
hist_load         (load             ) [ 0000011110]
tmp               (fadd             ) [ 0000000001]
specloopname_ln5  (specloopname     ) [ 0000000000]
store_ln6         (store            ) [ 0000000000]
br_ln5            (br               ) [ 0111111111]
</LifeTime>

<model>

<comp_list>
<comp id="0" class="1000" name="hist">
<pin_list>
<pin id="1" dir="1" index="0" bw="1" slack="0"/>
</pin_list>
<bind>
<StgValue><ssdm name="hist"/><MemPortTyVec>2 3 </MemPortTyVec>
</StgValue>
</bind>
</comp>

<comp id="2" class="1000" name="weight">
<pin_list>
<pin id="3" dir="1" index="0" bw="1" slack="0"/>
</pin_list>
<bind>
<StgValue><ssdm name="weight"/><MemPortTyVec>1 3 </MemPortTyVec>
</StgValue>
</bind>
</comp>

<comp id="4" class="1000" name="index">
<pin_list>
<pin id="5" dir="1" index="0" bw="1" slack="0"/>
</pin_list>
<bind>
<StgValue><ssdm name="index"/><MemPortTyVec>1 3 </MemPortTyVec>
</StgValue>
</bind>
</comp>

<comp id="6" class="1001" name="const_6">
<pin_list>
<pin id="7" dir="1" index="0" bw="1" slack="2147483647"/>
</pin_list>
<bind>
<StgValue><ssdm name="_ssdm_op_SpecBitsMap"/></StgValue>
</bind>
</comp>

<comp id="8" class="1001" name="const_8">
<pin_list>
<pin id="9" dir="1" index="0" bw="1" slack="2147483647"/>
</pin_list>
<bind>
<StgValue><ssdm name="_ssdm_op_SpecTopModule"/></StgValue>
</bind>
</comp>

<comp id="10" class="1001" name="const_10">
<pin_list>
<pin id="11" dir="1" index="0" bw="1" slack="2147483647"/>
</pin_list>
<bind>
<StgValue><ssdm name="kernel3_str"/></StgValue>
</bind>
</comp>

<comp id="12" class="1001" name="const_12">
<pin_list>
<pin id="13" dir="1" index="0" bw="1" slack="1"/>
</pin_list>
<bind>
<StgValue><ssdm name=""/></StgValue>
</bind>
</comp>

<comp id="14" class="1001" name="const_14">
<pin_list>
<pin id="15" dir="1" index="0" bw="1" slack="0"/>
</pin_list>
<bind>
<StgValue><ssdm name=""/></StgValue>
</bind>
</comp>

<comp id="16" class="1001" name="const_16">
<pin_list>
<pin id="17" dir="1" index="0" bw="1" slack="2147483647"/>
</pin_list>
<bind>
<StgValue><ssdm name="_ssdm_op_SpecLoopTripCount"/></StgValue>
</bind>
</comp>

<comp id="18" class="1001" name="const_18">
<pin_list>
<pin id="19" dir="1" index="0" bw="1" slack="2147483647"/>
</pin_list>
<bind>
<StgValue><ssdm name=""/></StgValue>
</bind>
</comp>

<comp id="20" class="1001" name="const_20">
<pin_list>
<pin id="21" dir="1" index="0" bw="1" slack="0"/>
</pin_list>
<bind>
<StgValue><ssdm name=""/></StgValue>
</bind>
</comp>

<comp id="22" class="1001" name="const_22">
<pin_list>
<pin id="23" dir="1" index="0" bw="1" slack="0"/>
</pin_list>
<bind>
<StgValue><ssdm name=""/></StgValue>
</bind>
</comp>

<comp id="24" class="1001" name="const_24">
<pin_list>
<pin id="25" dir="1" index="0" bw="1" slack="2147483647"/>
</pin_list>
<bind>
<StgValue><ssdm name="_ssdm_op_SpecLoopName"/></StgValue>
</bind>
</comp>

<comp id="26" class="1001" name="const_26">
<pin_list>
<pin id="27" dir="1" index="0" bw="1" slack="2147483647"/>
</pin_list>
<bind>
<StgValue><ssdm name="p_str"/></StgValue>
</bind>
</comp>

<comp id="28" class="1004" name="index_addr_gep_fu_28">
<pin_list>
<pin id="29" dir="0" index="0" bw="32" slack="0"/>
<pin id="30" dir="0" index="1" bw="1" slack="0"/>
<pin id="31" dir="0" index="2" bw="11" slack="0"/>
<pin id="32" dir="1" index="3" bw="10" slack="0"/>
</pin_list>
<bind>
<opcode="getelementptr(29) " fcode="getelementptr"/>
<opset="index_addr/2 "/>
</bind>
</comp>

<comp id="35" class="1004" name="grp_access_fu_35">
<pin_list>
<pin id="36" dir="0" index="0" bw="10" slack="0"/>
<pin id="37" dir="0" index="1" bw="32" slack="2147483647"/>
<pin id="38" dir="0" index="2" bw="0" slack="2147483647"/>
<pin id="39" dir="1" index="3" bw="32" slack="0"/>
</pin_list>
<bind>
<opcode="load(27) " fcode="load"/>
<opset="index_load/2 "/>
</bind>
</comp>

<comp id="41" class="1004" name="weight_addr_gep_fu_41">
<pin_list>
<pin id="42" dir="0" index="0" bw="32" slack="0"/>
<pin id="43" dir="0" index="1" bw="1" slack="0"/>
<pin id="44" dir="0" index="2" bw="11" slack="0"/>
<pin id="45" dir="1" index="3" bw="10" slack="0"/>
</pin_list>
<bind>
<opcode="getelementptr(29) " fcode="getelementptr"/>
<opset="weight_addr/2 "/>
</bind>
</comp>

<comp id="48" class="1004" name="grp_access_fu_48">
<pin_list>
<pin id="49" dir="0" index="0" bw="10" slack="0"/>
<pin id="50" dir="0" index="1" bw="32" slack="2147483647"/>
<pin id="51" dir="0" index="2" bw="0" slack="2147483647"/>
<pin id="52" dir="1" index="3" bw="32" slack="2"/>
</pin_list>
<bind>
<opcode="load(27) " fcode="load"/>
<opset="weight_load/2 "/>
</bind>
</comp>

<comp id="54" class="1004" name="hist_addr_gep_fu_54">
<pin_list>
<pin id="55" dir="0" index="0" bw="32" slack="0"/>
<pin id="56" dir="0" index="1" bw="1" slack="0"/>
<pin id="57" dir="0" index="2" bw="32" slack="0"/>
<pin id="58" dir="1" index="3" bw="10" slack="0"/>
</pin_list>
<bind>
<opcode="getelementptr(29) " fcode="getelementptr"/>
<opset="hist_addr/3 "/>
</bind>
</comp>

<comp id="61" class="1004" name="grp_access_fu_61">
<pin_list>
<pin id="62" dir="0" index="0" bw="10" slack="0"/>
<pin id="63" dir="0" index="1" bw="32" slack="1"/>
<pin id="64" dir="0" index="2" bw="0" slack="2147483647"/>
<pin id="65" dir="1" index="3" bw="32" slack="1"/>
</pin_list>
<bind>
<opcode="load(27) store(28) " fcode="store"/>
<opset="hist_load/3 store_ln6/9 "/>
</bind>
</comp>

<comp id="67" class="1005" name="i_0_reg_67">
<pin_list>
<pin id="68" dir="0" index="0" bw="11" slack="1"/>
<pin id="69" dir="1" index="1" bw="11" slack="1"/>
</pin_list>
<bind>
<opset="i_0 (phireg) "/>
</bind>
</comp>

<comp id="71" class="1004" name="i_0_phi_fu_71">
<pin_list>
<pin id="72" dir="0" index="0" bw="1" slack="1"/>
<pin id="73" dir="0" index="1" bw="0" slack="2147483647"/>
<pin id="74" dir="0" index="2" bw="11" slack="0"/>
<pin id="75" dir="0" index="3" bw="0" slack="2147483647"/>
<pin id="76" dir="1" index="4" bw="11" slack="0"/>
</pin_list>
<bind>
<opcode="phi(47) " fcode="phi"/>
<opset="i_0/2 "/>
</bind>
</comp>

<comp id="78" class="1004" name="grp_fu_78">
<pin_list>
<pin id="79" dir="0" index="0" bw="32" slack="1"/>
<pin id="80" dir="0" index="1" bw="32" slack="2"/>
<pin id="81" dir="1" index="2" bw="32" slack="1"/>
</pin_list>
<bind>
<opcode="fadd(9) " fcode="fadd"/>
<opset="tmp/5 "/>
</bind>
</comp>

<comp id="82" class="1004" name="icmp_ln5_fu_82">
<pin_list>
<pin id="83" dir="0" index="0" bw="11" slack="0"/>
<pin id="84" dir="0" index="1" bw="11" slack="0"/>
<pin id="85" dir="1" index="2" bw="1" slack="2147483647"/>
</pin_list>
<bind>
<opcode="icmp(45) " fcode="icmp"/>
<opset="icmp_ln5/2 "/>
</bind>
</comp>

<comp id="88" class="1004" name="i_fu_88">
<pin_list>
<pin id="89" dir="0" index="0" bw="11" slack="0"/>
<pin id="90" dir="0" index="1" bw="1" slack="0"/>
<pin id="91" dir="1" index="2" bw="11" slack="0"/>
</pin_list>
<bind>
<opcode="add(8) " fcode="add"/>
<opset="i/2 "/>
</bind>
</comp>

<comp id="94" class="1004" name="zext_ln6_fu_94">
<pin_list>
<pin id="95" dir="0" index="0" bw="11" slack="0"/>
<pin id="96" dir="1" index="1" bw="64" slack="0"/>
</pin_list>
<bind>
<opcode="zext(34) " fcode="zext"/>
<opset="zext_ln6/2 "/>
</bind>
</comp>

<comp id="100" class="1004" name="sext_ln6_fu_100">
<pin_list>
<pin id="101" dir="0" index="0" bw="32" slack="0"/>
<pin id="102" dir="1" index="1" bw="64" slack="0"/>
</pin_list>
<bind>
<opcode="sext(35) " fcode="sext"/>
<opset="sext_ln6/3 "/>
</bind>
</comp>

<comp id="108" class="1005" name="i_reg_108">
<pin_list>
<pin id="109" dir="0" index="0" bw="11" slack="0"/>
<pin id="110" dir="1" index="1" bw="11" slack="0"/>
</pin_list>
<bind>
<opset="i "/>
</bind>
</comp>

<comp id="113" class="1005" name="index_addr_reg_113">
<pin_list>
<pin id="114" dir="0" index="0" bw="10" slack="1"/>
<pin id="115" dir="1" index="1" bw="10" slack="1"/>
</pin_list>
<bind>
<opset="index_addr "/>
</bind>
</comp>

<comp id="118" class="1005" name="weight_addr_reg_118">
<pin_list>
<pin id="119" dir="0" index="0" bw="10" slack="1"/>
<pin id="120" dir="1" index="1" bw="10" slack="1"/>
</pin_list>
<bind>
<opset="weight_addr "/>
</bind>
</comp>

<comp id="123" class="1005" name="hist_addr_reg_123">
<pin_list>
<pin id="124" dir="0" index="0" bw="10" slack="1"/>
<pin id="125" dir="1" index="1" bw="10" slack="1"/>
</pin_list>
<bind>
<opset="hist_addr "/>
</bind>
</comp>

<comp id="128" class="1005" name="weight_load_reg_128">
<pin_list>
<pin id="129" dir="0" index="0" bw="32" slack="2"/>
<pin id="130" dir="1" index="1" bw="32" slack="2"/>
</pin_list>
<bind>
<opset="weight_load "/>
</bind>
</comp>

<comp id="133" class="1005" name="hist_load_reg_133">
<pin_list>
<pin id="134" dir="0" index="0" bw="32" slack="1"/>
<pin id="135" dir="1" index="1" bw="32" slack="1"/>
</pin_list>
<bind>
<opset="hist_load "/>
</bind>
</comp>

<comp id="138" class="1005" name="tmp_reg_138">
<pin_list>
<pin id="139" dir="0" index="0" bw="32" slack="1"/>
<pin id="140" dir="1" index="1" bw="32" slack="1"/>
</pin_list>
<bind>
<opset="tmp "/>
</bind>
</comp>

</comp_list>

<net_list>
<net id="33"><net_src comp="4" pin="0"/><net_sink comp="28" pin=0"/></net>

<net id="34"><net_src comp="22" pin="0"/><net_sink comp="28" pin=1"/></net>

<net id="40"><net_src comp="28" pin="3"/><net_sink comp="35" pin=0"/></net>

<net id="46"><net_src comp="2" pin="0"/><net_sink comp="41" pin=0"/></net>

<net id="47"><net_src comp="22" pin="0"/><net_sink comp="41" pin=1"/></net>

<net id="53"><net_src comp="41" pin="3"/><net_sink comp="48" pin=0"/></net>

<net id="59"><net_src comp="0" pin="0"/><net_sink comp="54" pin=0"/></net>

<net id="60"><net_src comp="22" pin="0"/><net_sink comp="54" pin=1"/></net>

<net id="66"><net_src comp="54" pin="3"/><net_sink comp="61" pin=0"/></net>

<net id="70"><net_src comp="12" pin="0"/><net_sink comp="67" pin=0"/></net>

<net id="77"><net_src comp="67" pin="1"/><net_sink comp="71" pin=0"/></net>

<net id="86"><net_src comp="71" pin="4"/><net_sink comp="82" pin=0"/></net>

<net id="87"><net_src comp="14" pin="0"/><net_sink comp="82" pin=1"/></net>

<net id="92"><net_src comp="71" pin="4"/><net_sink comp="88" pin=0"/></net>

<net id="93"><net_src comp="20" pin="0"/><net_sink comp="88" pin=1"/></net>

<net id="97"><net_src comp="71" pin="4"/><net_sink comp="94" pin=0"/></net>

<net id="98"><net_src comp="94" pin="1"/><net_sink comp="28" pin=2"/></net>

<net id="99"><net_src comp="94" pin="1"/><net_sink comp="41" pin=2"/></net>

<net id="103"><net_src comp="35" pin="3"/><net_sink comp="100" pin=0"/></net>

<net id="104"><net_src comp="100" pin="1"/><net_sink comp="54" pin=2"/></net>

<net id="111"><net_src comp="88" pin="2"/><net_sink comp="108" pin=0"/></net>

<net id="112"><net_src comp="108" pin="1"/><net_sink comp="71" pin=2"/></net>

<net id="116"><net_src comp="28" pin="3"/><net_sink comp="113" pin=0"/></net>

<net id="117"><net_src comp="113" pin="1"/><net_sink comp="35" pin=0"/></net>

<net id="121"><net_src comp="41" pin="3"/><net_sink comp="118" pin=0"/></net>

<net id="122"><net_src comp="118" pin="1"/><net_sink comp="48" pin=0"/></net>

<net id="126"><net_src comp="54" pin="3"/><net_sink comp="123" pin=0"/></net>

<net id="127"><net_src comp="123" pin="1"/><net_sink comp="61" pin=0"/></net>

<net id="131"><net_src comp="48" pin="3"/><net_sink comp="128" pin=0"/></net>

<net id="132"><net_src comp="128" pin="1"/><net_sink comp="78" pin=1"/></net>

<net id="136"><net_src comp="61" pin="3"/><net_sink comp="133" pin=0"/></net>

<net id="137"><net_src comp="133" pin="1"/><net_sink comp="78" pin=0"/></net>

<net id="141"><net_src comp="78" pin="2"/><net_sink comp="138" pin=0"/></net>

<net id="142"><net_src comp="138" pin="1"/><net_sink comp="61" pin=1"/></net>

</net_list>

</model> 
---------------- Datapath Model END ------------------

* FSMD analyzer results:
  - Output states:
	Port: hist | {9 }
 - Input state : 
	Port: kernel3 : hist | {3 4 }
	Port: kernel3 : weight | {2 3 }
	Port: kernel3 : index | {2 3 }
  - Chain level:
	State 1
	State 2
		icmp_ln5 : 1
		i : 1
		br_ln5 : 2
		zext_ln6 : 1
		index_addr : 2
		index_load : 3
		weight_addr : 2
		weight_load : 3
	State 3
		sext_ln6 : 1
		hist_addr : 2
		hist_load : 3
	State 4
	State 5
	State 6
	State 7
	State 8
	State 9


============================================================
+ Verbose Summary: Datapath Resource usage 
============================================================

* Functional unit list:
|----------|-----------------|---------|---------|---------|
| Operation| Functional Unit |  DSP48E |    FF   |   LUT   |
|----------|-----------------|---------|---------|---------|
|   fadd   |    grp_fu_78    |    2    |   227   |   214   |
|----------|-----------------|---------|---------|---------|
|    add   |     i_fu_88     |    0    |    0    |    18   |
|----------|-----------------|---------|---------|---------|
|   icmp   |  icmp_ln5_fu_82 |    0    |    0    |    13   |
|----------|-----------------|---------|---------|---------|
|   zext   |  zext_ln6_fu_94 |    0    |    0    |    0    |
|----------|-----------------|---------|---------|---------|
|   sext   | sext_ln6_fu_100 |    0    |    0    |    0    |
|----------|-----------------|---------|---------|---------|
|   Total  |                 |    2    |   227   |   245   |
|----------|-----------------|---------|---------|---------|

Memories:
N/A

* Register list:
+-------------------+--------+
|                   |   FF   |
+-------------------+--------+
| hist_addr_reg_123 |   10   |
| hist_load_reg_133 |   32   |
|     i_0_reg_67    |   11   |
|     i_reg_108     |   11   |
| index_addr_reg_113|   10   |
|    tmp_reg_138    |   32   |
|weight_addr_reg_118|   10   |
|weight_load_reg_128|   32   |
+-------------------+--------+
|       Total       |   148  |
+-------------------+--------+

* Multiplexer (MUX) list: 
|------------------|------|------|------|--------||---------||---------|
|       Comp       |  Pin | Size |  BW  | S x BW ||  Delay  ||   LUT   |
|------------------|------|------|------|--------||---------||---------|
| grp_access_fu_35 |  p0  |   2  |  10  |   20   ||    9    |
| grp_access_fu_48 |  p0  |   2  |  10  |   20   ||    9    |
| grp_access_fu_61 |  p0  |   2  |  10  |   20   ||    9    |
|------------------|------|------|------|--------||---------||---------|
|       Total      |      |      |      |   60   ||  3.183  ||    27   |
|------------------|------|------|------|--------||---------||---------|



* Summary:
+-----------+--------+--------+--------+--------+
|           | DSP48E |  Delay |   FF   |   LUT  |
+-----------+--------+--------+--------+--------+
|  Function |    2   |    -   |   227  |   245  |
|   Memory  |    -   |    -   |    -   |    -   |
|Multiplexer|    -   |    3   |    -   |   27   |
|  Register |    -   |    -   |   148  |    -   |
+-----------+--------+--------+--------+--------+
|   Total   |    2   |    3   |   375  |   272  |
+-----------+--------+--------+--------+--------+
