

================================================================
== Vivado HLS Report for 'kernel4'
================================================================
* Date:           Sat May  8 02:26:11 2021

* Version:        2019.2 (Build 2704478 on Wed Nov 06 22:10:23 MST 2019)
* Project:        prj_kernel4
* Solution:       dependence
* Product family: kintex7
* Target device:  xc7k160t-fbg484-1


================================================================
== Performance Estimates
================================================================
+ Timing: 
    * Summary: 
    +--------+----------+----------+------------+
    |  Clock |  Target  | Estimated| Uncertainty|
    +--------+----------+----------+------------+
    |ap_clk  | 10.00 ns | 8.365 ns |   1.25 ns  |
    +--------+----------+----------+------------+

+ Latency: 
    * Summary: 
    +---------+---------+----------+----------+-----+-----+---------+
    |  Latency (cycles) |  Latency (absolute) |  Interval | Pipeline|
    |   min   |   max   |    min   |    max   | min | max |   Type  |
    +---------+---------+----------+----------+-----+-----+---------+
    |        ?|        ?|         ?|         ?|    ?|    ?|   none  |
    +---------+---------+----------+----------+-----+-----+---------+

    + Detail: 
        * Instance: 
        N/A

        * Loop: 
        +----------+---------+---------+----------+-----------+-----------+------+----------+
        |          |  Latency (cycles) | Iteration|  Initiation Interval  | Trip |          |
        | Loop Name|   min   |   max   |  Latency |  achieved |   target  | Count| Pipelined|
        +----------+---------+---------+----------+-----------+-----------+------+----------+
        |- loop    |        ?|        ?|         3|          1|          1|     ?|    yes   |
        +----------+---------+---------+----------+-----------+-----------+------+----------+

============================================================
+ Verbose Summary: Synthesis Manager
============================================================
InlineROM: 1
ExposeGlobal: 0
============================================================
+ Verbose Summary: CDFG Model
============================================================
IsTopModel: 1
ResetActiveHigh: 1
IsCombinational: 0
IsDatapathOnly: 0
HasWiredReturn: 1
HasMFsm: 0
HasVarLatency: 1
IsPipeline: 0
IsRtlPipelined: 0
IsInstanceOverlapped: 0
IsDontTouch: 0
HasImplIP: 0
IsGatedGlobalClock: 0

+ Individual pipeline summary: 
  * Pipeline-0: initiation interval (II) = 1, depth = 3


============================================================
+ Verbose Summary: Schedule
============================================================
* Number of FSM states : 6
* Pipeline : 1
  Pipeline-0 : II = 1, D = 3, States = { 2 3 4 }
* Dataflow Pipeline: 0

* FSM state transitions: 
1 --> 2 
2 --> 5 3 
3 --> 4 
4 --> 2 
5 --> 6 
6 --> 

* FSM state operations: 

State 1 <SV = 0> <Delay = 1.06>
ST_1 : Operation 7 [1/1] (0.00ns)   --->   "call void (...)* @_ssdm_op_SpecBitsMap([1024 x i32]* %array_r) nounwind, !map !7"   --->   Operation 7 'specbitsmap' <Predicate = true> <Delay = 0.00>
ST_1 : Operation 8 [1/1] (0.00ns)   --->   "call void (...)* @_ssdm_op_SpecBitsMap([1024 x i32]* %index) nounwind, !map !13"   --->   Operation 8 'specbitsmap' <Predicate = true> <Delay = 0.00>
ST_1 : Operation 9 [1/1] (0.00ns)   --->   "call void (...)* @_ssdm_op_SpecBitsMap(i32 %offset) nounwind, !map !17"   --->   Operation 9 'specbitsmap' <Predicate = true> <Delay = 0.00>
ST_1 : Operation 10 [1/1] (0.00ns)   --->   "call void (...)* @_ssdm_op_SpecTopModule([8 x i8]* @kernel4_str) nounwind"   --->   Operation 10 'spectopmodule' <Predicate = true> <Delay = 0.00>
ST_1 : Operation 11 [1/1] (0.00ns)   --->   "%offset_read = call i32 @_ssdm_op_Read.ap_auto.i32(i32 %offset) nounwind" [kernel4.cpp:3]   --->   Operation 11 'read' 'offset_read' <Predicate = true> <Delay = 0.00>
ST_1 : Operation 12 [1/1] (1.06ns)   --->   "br label %1" [kernel4.cpp:6]   --->   Operation 12 'br' <Predicate = true> <Delay = 1.06>

State 2 <SV = 1> <Delay = 4.44>
ST_2 : Operation 13 [1/1] (0.00ns)   --->   "%sum_0 = phi i32 [ 0, %0 ], [ %sum, %loop ]"   --->   Operation 13 'phi' 'sum_0' <Predicate = true> <Delay = 0.00>
ST_2 : Operation 14 [1/1] (0.00ns)   --->   "%i_0_in = phi i32 [ %offset_read, %0 ], [ %i, %loop ]"   --->   Operation 14 'phi' 'i_0_in' <Predicate = true> <Delay = 0.00>
ST_2 : Operation 15 [1/1] (1.78ns)   --->   "%i = add nsw i32 %i_0_in, 1" [kernel4.cpp:6]   --->   Operation 15 'add' 'i' <Predicate = true> <Delay = 1.78> <Core = "AddSub">   --->   Core 14 'AddSub' <Latency = 0> <II = 1> <Delay = 1.78> <FuncUnit> <Opcode : 'add' 'sub'> <InPorts = 2> <OutPorts = 1>
ST_2 : Operation 16 [1/1] (1.54ns)   --->   "%icmp_ln6 = icmp slt i32 %i, 1023" [kernel4.cpp:6]   --->   Operation 16 'icmp' 'icmp_ln6' <Predicate = true> <Delay = 1.54> <Core = "Cmp">   --->   Core 25 'Cmp' <Latency = 0> <II = 1> <Delay = 1.54> <FuncUnit> <Opcode : 'icmp'> <InPorts = 2> <OutPorts = 1>
ST_2 : Operation 17 [1/1] (0.00ns)   --->   "br i1 %icmp_ln6, label %loop, label %2" [kernel4.cpp:6]   --->   Operation 17 'br' <Predicate = true> <Delay = 0.00>
ST_2 : Operation 18 [1/1] (0.00ns)   --->   "%sext_ln8 = sext i32 %i to i64" [kernel4.cpp:8]   --->   Operation 18 'sext' 'sext_ln8' <Predicate = (icmp_ln6)> <Delay = 0.00>
ST_2 : Operation 19 [1/1] (0.00ns)   --->   "%index_addr = getelementptr [1024 x i32]* %index, i64 0, i64 %sext_ln8" [kernel4.cpp:8]   --->   Operation 19 'getelementptr' 'index_addr' <Predicate = (icmp_ln6)> <Delay = 0.00>
ST_2 : Operation 20 [2/2] (2.66ns)   --->   "%index_load = load i32* %index_addr, align 4" [kernel4.cpp:8]   --->   Operation 20 'load' 'index_load' <Predicate = (icmp_ln6)> <Delay = 2.66> <Core = "RAM">   --->   Core 37 'RAM' <Latency = 1> <II = 1> <Delay = 2.66> <Storage> <Opcode : 'load' 'store'> <Ports = 2> <Width = 32> <Depth = 1024> <RAM>
ST_2 : Operation 21 [1/1] (1.78ns)   --->   "%add_ln8 = add nsw i32 %i_0_in, 2" [kernel4.cpp:8]   --->   Operation 21 'add' 'add_ln8' <Predicate = (icmp_ln6)> <Delay = 1.78> <Core = "AddSub">   --->   Core 14 'AddSub' <Latency = 0> <II = 1> <Delay = 1.78> <FuncUnit> <Opcode : 'add' 'sub'> <InPorts = 2> <OutPorts = 1>
ST_2 : Operation 22 [1/1] (0.00ns)   --->   "%sext_ln8_1 = sext i32 %add_ln8 to i64" [kernel4.cpp:8]   --->   Operation 22 'sext' 'sext_ln8_1' <Predicate = (icmp_ln6)> <Delay = 0.00>
ST_2 : Operation 23 [1/1] (0.00ns)   --->   "%array_addr = getelementptr [1024 x i32]* %array_r, i64 0, i64 %sext_ln8_1" [kernel4.cpp:8]   --->   Operation 23 'getelementptr' 'array_addr' <Predicate = (icmp_ln6)> <Delay = 0.00>
ST_2 : Operation 24 [2/2] (2.66ns)   --->   "%array_load = load i32* %array_addr, align 4" [kernel4.cpp:8]   --->   Operation 24 'load' 'array_load' <Predicate = (icmp_ln6)> <Delay = 2.66> <Core = "RAM">   --->   Core 37 'RAM' <Latency = 1> <II = 1> <Delay = 2.66> <Storage> <Opcode : 'load' 'store'> <Ports = 2> <Width = 32> <Depth = 1024> <RAM>
ST_2 : Operation 25 [1/1] (0.00ns)   --->   "%array_addr_1 = getelementptr [1024 x i32]* %array_r, i64 0, i64 %sext_ln8" [kernel4.cpp:8]   --->   Operation 25 'getelementptr' 'array_addr_1' <Predicate = (icmp_ln6)> <Delay = 0.00>
ST_2 : Operation 26 [2/2] (2.66ns)   --->   "%array_load_1 = load i32* %array_addr_1, align 4" [kernel4.cpp:8]   --->   Operation 26 'load' 'array_load_1' <Predicate = (icmp_ln6)> <Delay = 2.66> <Core = "RAM">   --->   Core 37 'RAM' <Latency = 1> <II = 1> <Delay = 2.66> <Storage> <Opcode : 'load' 'store'> <Ports = 2> <Width = 32> <Depth = 1024> <RAM>

State 3 <SV = 2> <Delay = 4.44>
ST_3 : Operation 27 [1/2] (2.66ns)   --->   "%index_load = load i32* %index_addr, align 4" [kernel4.cpp:8]   --->   Operation 27 'load' 'index_load' <Predicate = (icmp_ln6)> <Delay = 2.66> <Core = "RAM">   --->   Core 37 'RAM' <Latency = 1> <II = 1> <Delay = 2.66> <Storage> <Opcode : 'load' 'store'> <Ports = 2> <Width = 32> <Depth = 1024> <RAM>
ST_3 : Operation 28 [1/2] (2.66ns)   --->   "%array_load = load i32* %array_addr, align 4" [kernel4.cpp:8]   --->   Operation 28 'load' 'array_load' <Predicate = (icmp_ln6)> <Delay = 2.66> <Core = "RAM">   --->   Core 37 'RAM' <Latency = 1> <II = 1> <Delay = 2.66> <Storage> <Opcode : 'load' 'store'> <Ports = 2> <Width = 32> <Depth = 1024> <RAM>
ST_3 : Operation 29 [1/2] (2.66ns)   --->   "%array_load_1 = load i32* %array_addr_1, align 4" [kernel4.cpp:8]   --->   Operation 29 'load' 'array_load_1' <Predicate = (icmp_ln6)> <Delay = 2.66> <Core = "RAM">   --->   Core 37 'RAM' <Latency = 1> <II = 1> <Delay = 2.66> <Storage> <Opcode : 'load' 'store'> <Ports = 2> <Width = 32> <Depth = 1024> <RAM>
ST_3 : Operation 30 [1/1] (1.78ns)   --->   "%sub_ln8 = sub nsw i32 %array_load, %array_load_1" [kernel4.cpp:8]   --->   Operation 30 'sub' 'sub_ln8' <Predicate = (icmp_ln6)> <Delay = 1.78> <Core = "AddSub">   --->   Core 14 'AddSub' <Latency = 0> <II = 1> <Delay = 1.78> <FuncUnit> <Opcode : 'add' 'sub'> <InPorts = 2> <OutPorts = 1>

State 4 <SV = 3> <Delay = 8.36>
ST_4 : Operation 31 [1/1] (0.00ns)   --->   "call void (...)* @_ssdm_op_SpecLoopName([5 x i8]* @p_str) nounwind" [kernel4.cpp:7]   --->   Operation 31 'specloopname' <Predicate = (icmp_ln6)> <Delay = 0.00>
ST_4 : Operation 32 [1/1] (0.00ns)   --->   "%tmp = call i32 (...)* @_ssdm_op_SpecRegionBegin([5 x i8]* @p_str) nounwind" [kernel4.cpp:7]   --->   Operation 32 'specregionbegin' 'tmp' <Predicate = (icmp_ln6)> <Delay = 0.00>
ST_4 : Operation 33 [1/1] (0.00ns)   --->   "call void (...)* @_ssdm_op_SpecPipeline(i32 -1, i32 1, i32 1, i32 0, [1 x i8]* @p_str1) nounwind" [kernel4.cpp:8]   --->   Operation 33 'specpipeline' <Predicate = (icmp_ln6)> <Delay = 0.00>
ST_4 : Operation 34 [1/1] (6.58ns)   --->   "%mul_ln8 = mul nsw i32 %index_load, %sub_ln8" [kernel4.cpp:8]   --->   Operation 34 'mul' 'mul_ln8' <Predicate = (icmp_ln6)> <Delay = 6.58> <Core = "Mul">   --->   Core 16 'Mul' <Latency = 0> <II = 1> <Delay = 6.58> <FuncUnit> <Opcode : 'mul'> <InPorts = 2> <OutPorts = 1>
ST_4 : Operation 35 [1/1] (1.78ns)   --->   "%sum = add nsw i32 %mul_ln8, %sum_0" [kernel4.cpp:8]   --->   Operation 35 'add' 'sum' <Predicate = (icmp_ln6)> <Delay = 1.78> <Core = "AddSub">   --->   Core 14 'AddSub' <Latency = 0> <II = 1> <Delay = 1.78> <FuncUnit> <Opcode : 'add' 'sub'> <InPorts = 2> <OutPorts = 1>
ST_4 : Operation 36 [1/1] (0.00ns)   --->   "%empty = call i32 (...)* @_ssdm_op_SpecRegionEnd([5 x i8]* @p_str, i32 %tmp) nounwind" [kernel4.cpp:9]   --->   Operation 36 'specregionend' 'empty' <Predicate = (icmp_ln6)> <Delay = 0.00>
ST_4 : Operation 37 [1/1] (0.00ns)   --->   "br label %1" [kernel4.cpp:6]   --->   Operation 37 'br' <Predicate = (icmp_ln6)> <Delay = 0.00>

State 5 <SV = 2> <Delay = 2.66>
ST_5 : Operation 38 [1/1] (0.00ns)   --->   "%sext_ln10 = sext i32 %offset_read to i64" [kernel4.cpp:10]   --->   Operation 38 'sext' 'sext_ln10' <Predicate = true> <Delay = 0.00>
ST_5 : Operation 39 [1/1] (0.00ns)   --->   "%array_addr_2 = getelementptr [1024 x i32]* %array_r, i64 0, i64 %sext_ln10" [kernel4.cpp:10]   --->   Operation 39 'getelementptr' 'array_addr_2' <Predicate = true> <Delay = 0.00>
ST_5 : Operation 40 [2/2] (2.66ns)   --->   "%array_load_2 = load i32* %array_addr_2, align 4" [kernel4.cpp:10]   --->   Operation 40 'load' 'array_load_2' <Predicate = true> <Delay = 2.66> <Core = "RAM">   --->   Core 37 'RAM' <Latency = 1> <II = 1> <Delay = 2.66> <Storage> <Opcode : 'load' 'store'> <Ports = 2> <Width = 32> <Depth = 1024> <RAM>

State 6 <SV = 3> <Delay = 7.11>
ST_6 : Operation 41 [1/2] (2.66ns)   --->   "%array_load_2 = load i32* %array_addr_2, align 4" [kernel4.cpp:10]   --->   Operation 41 'load' 'array_load_2' <Predicate = true> <Delay = 2.66> <Core = "RAM">   --->   Core 37 'RAM' <Latency = 1> <II = 1> <Delay = 2.66> <Storage> <Opcode : 'load' 'store'> <Ports = 2> <Width = 32> <Depth = 1024> <RAM>
ST_6 : Operation 42 [1/1] (1.78ns)   --->   "%add_ln10 = add nsw i32 %array_load_2, %sum_0" [kernel4.cpp:10]   --->   Operation 42 'add' 'add_ln10' <Predicate = true> <Delay = 1.78> <Core = "AddSub">   --->   Core 14 'AddSub' <Latency = 0> <II = 1> <Delay = 1.78> <FuncUnit> <Opcode : 'add' 'sub'> <InPorts = 2> <OutPorts = 1>
ST_6 : Operation 43 [1/1] (2.66ns)   --->   "store i32 %add_ln10, i32* %array_addr_2, align 4" [kernel4.cpp:10]   --->   Operation 43 'store' <Predicate = true> <Delay = 2.66> <Core = "RAM">   --->   Core 37 'RAM' <Latency = 1> <II = 1> <Delay = 2.66> <Storage> <Opcode : 'load' 'store'> <Ports = 2> <Width = 32> <Depth = 1024> <RAM>
ST_6 : Operation 44 [1/1] (0.00ns)   --->   "ret void" [kernel4.cpp:11]   --->   Operation 44 'ret' <Predicate = true> <Delay = 0.00>


============================================================
+ Verbose Summary: Timing violations
============================================================
Target clock period: 10ns, clock uncertainty: 1.25ns.

 <State 1>: 1.06ns
The critical path consists of the following:
	multiplexor before 'phi' operation ('sum') with incoming values : ('sum', kernel4.cpp:8) [11]  (1.06 ns)

 <State 2>: 4.45ns
The critical path consists of the following:
	'phi' operation ('i') with incoming values : ('offset', kernel4.cpp:3) ('i', kernel4.cpp:6) [12]  (0 ns)
	'add' operation ('i', kernel4.cpp:6) [13]  (1.78 ns)
	'getelementptr' operation ('index_addr', kernel4.cpp:8) [21]  (0 ns)
	'load' operation ('index_load', kernel4.cpp:8) on array 'index' [22]  (2.66 ns)

 <State 3>: 4.45ns
The critical path consists of the following:
	'load' operation ('array_load', kernel4.cpp:8) on array 'array_r' [26]  (2.66 ns)
	'sub' operation ('sub_ln8', kernel4.cpp:8) [29]  (1.78 ns)

 <State 4>: 8.37ns
The critical path consists of the following:
	'mul' operation ('mul_ln8', kernel4.cpp:8) [30]  (6.58 ns)
	'add' operation ('sum', kernel4.cpp:8) [31]  (1.78 ns)

 <State 5>: 2.66ns
The critical path consists of the following:
	'getelementptr' operation ('array_addr_2', kernel4.cpp:10) [36]  (0 ns)
	'load' operation ('array_load_2', kernel4.cpp:10) on array 'array_r' [37]  (2.66 ns)

 <State 6>: 7.11ns
The critical path consists of the following:
	'load' operation ('array_load_2', kernel4.cpp:10) on array 'array_r' [37]  (2.66 ns)
	'add' operation ('add_ln10', kernel4.cpp:10) [38]  (1.78 ns)
	'store' operation ('store_ln10', kernel4.cpp:10) of variable 'add_ln10', kernel4.cpp:10 on array 'array_r' [39]  (2.66 ns)


============================================================
+ Verbose Summary: Binding
============================================================
N/A
* FSMD analyzer results:
  - Output states:
 - Input state : 
  - Chain level:
	State 1
	State 2
	State 3
	State 4
	State 5
	State 6


============================================================
+ Verbose Summary: Datapath Resource usage 
============================================================
N/A
