

================================================================
== Vivado HLS Report for 'kernel8'
================================================================
* Date:           Fri May 14 23:03:37 2021

* Version:        2019.2 (Build 2704478 on Wed Nov 06 22:10:23 MST 2019)
* Project:        prj_kernel8
* Solution:       optimized
* Product family: kintex7
* Target device:  xc7k160t-fbg484-1


================================================================
== Performance Estimates
================================================================
+ Timing: 
    * Summary: 
    +--------+----------+----------+------------+
    |  Clock |  Target  | Estimated| Uncertainty|
    +--------+----------+----------+------------+
    |ap_clk  | 10.00 ns | 8.471 ns |   1.25 ns  |
    +--------+----------+----------+------------+

+ Latency: 
    * Summary: 
    +---------+---------+----------+----------+-----+-----+---------+
    |  Latency (cycles) |  Latency (absolute) |  Interval | Pipeline|
    |   min   |   max   |    min   |    max   | min | max |   Type  |
    +---------+---------+----------+----------+-----+-----+---------+
    |        ?|        ?|         ?|         ?|    ?|    ?|   none  |
    +---------+---------+----------+----------+-----+-----+---------+

    + Detail: 
        * Instance: 
        N/A

        * Loop: 
        +----------+---------+---------+----------+-----------+-----------+------+----------+
        |          |  Latency (cycles) | Iteration|  Initiation Interval  | Trip |          |
        | Loop Name|   min   |   max   |  Latency |  achieved |   target  | Count| Pipelined|
        +----------+---------+---------+----------+-----------+-----------+------+----------+
        |- loop    |        ?|        ?|         4|          1|          1|     ?|    yes   |
        +----------+---------+---------+----------+-----------+-----------+------+----------+

============================================================
+ Verbose Summary: Synthesis Manager
============================================================
InlineROM: 1
ExposeGlobal: 0
============================================================
+ Verbose Summary: CDFG Model
============================================================
IsTopModel: 1
ResetActiveHigh: 1
IsCombinational: 0
IsDatapathOnly: 0
HasWiredReturn: 1
HasMFsm: 0
HasVarLatency: 1
IsPipeline: 0
IsRtlPipelined: 0
IsInstanceOverlapped: 0
IsDontTouch: 0
HasImplIP: 0
IsGatedGlobalClock: 0

+ Individual pipeline summary: 
  * Pipeline-0: initiation interval (II) = 1, depth = 4


============================================================
+ Verbose Summary: Schedule
============================================================
* Number of FSM states : 8
* Pipeline : 1
  Pipeline-0 : II = 1, D = 4, States = { 4 5 6 7 }
* Dataflow Pipeline: 0

* FSM state transitions: 
1 --> 2 
2 --> 3 
3 --> 4 
4 --> 5 
5 --> 6 
6 --> 8 7 
7 --> 4 
8 --> 

* FSM state operations: 

State 1 <SV = 0> <Delay = 2.66>
ST_1 : Operation 9 [1/1] (0.00ns)   --->   "%array_addr = getelementptr [1024 x i32]* %array_r, i64 0, i64 2" [kernel8.cpp:5]   --->   Operation 9 'getelementptr' 'array_addr' <Predicate = true> <Delay = 0.00>
ST_1 : Operation 10 [2/2] (2.66ns)   --->   "%tmp_0 = load i32* %array_addr, align 4" [kernel8.cpp:5]   --->   Operation 10 'load' 'tmp_0' <Predicate = true> <Delay = 2.66> <Core = "RAM">   --->   Core 37 'RAM' <Latency = 1> <II = 1> <Delay = 2.66> <Storage> <Opcode : 'load' 'store'> <Ports = 2> <Width = 32> <Depth = 1024> <RAM>
ST_1 : Operation 11 [1/1] (0.00ns)   --->   "%array_addr_1 = getelementptr [1024 x i32]* %array_r, i64 0, i64 3" [kernel8.cpp:5]   --->   Operation 11 'getelementptr' 'array_addr_1' <Predicate = true> <Delay = 0.00>
ST_1 : Operation 12 [2/2] (2.66ns)   --->   "%tmp_1 = load i32* %array_addr_1, align 4" [kernel8.cpp:5]   --->   Operation 12 'load' 'tmp_1' <Predicate = true> <Delay = 2.66> <Core = "RAM">   --->   Core 37 'RAM' <Latency = 1> <II = 1> <Delay = 2.66> <Storage> <Opcode : 'load' 'store'> <Ports = 2> <Width = 32> <Depth = 1024> <RAM>

State 2 <SV = 1> <Delay = 2.66>
ST_2 : Operation 13 [1/2] (2.66ns)   --->   "%tmp_0 = load i32* %array_addr, align 4" [kernel8.cpp:5]   --->   Operation 13 'load' 'tmp_0' <Predicate = true> <Delay = 2.66> <Core = "RAM">   --->   Core 37 'RAM' <Latency = 1> <II = 1> <Delay = 2.66> <Storage> <Opcode : 'load' 'store'> <Ports = 2> <Width = 32> <Depth = 1024> <RAM>
ST_2 : Operation 14 [1/2] (2.66ns)   --->   "%tmp_1 = load i32* %array_addr_1, align 4" [kernel8.cpp:5]   --->   Operation 14 'load' 'tmp_1' <Predicate = true> <Delay = 2.66> <Core = "RAM">   --->   Core 37 'RAM' <Latency = 1> <II = 1> <Delay = 2.66> <Storage> <Opcode : 'load' 'store'> <Ports = 2> <Width = 32> <Depth = 1024> <RAM>
ST_2 : Operation 15 [1/1] (0.00ns)   --->   "%array_addr_2 = getelementptr [1024 x i32]* %array_r, i64 0, i64 4" [kernel8.cpp:5]   --->   Operation 15 'getelementptr' 'array_addr_2' <Predicate = true> <Delay = 0.00>
ST_2 : Operation 16 [2/2] (2.66ns)   --->   "%tmp_2 = load i32* %array_addr_2, align 4" [kernel8.cpp:5]   --->   Operation 16 'load' 'tmp_2' <Predicate = true> <Delay = 2.66> <Core = "RAM">   --->   Core 37 'RAM' <Latency = 1> <II = 1> <Delay = 2.66> <Storage> <Opcode : 'load' 'store'> <Ports = 2> <Width = 32> <Depth = 1024> <RAM>
ST_2 : Operation 17 [1/1] (0.00ns)   --->   "%array_addr_3 = getelementptr [1024 x i32]* %array_r, i64 0, i64 5" [kernel8.cpp:5]   --->   Operation 17 'getelementptr' 'array_addr_3' <Predicate = true> <Delay = 0.00>
ST_2 : Operation 18 [2/2] (2.66ns)   --->   "%tmp_3 = load i32* %array_addr_3, align 4" [kernel8.cpp:5]   --->   Operation 18 'load' 'tmp_3' <Predicate = true> <Delay = 2.66> <Core = "RAM">   --->   Core 37 'RAM' <Latency = 1> <II = 1> <Delay = 2.66> <Storage> <Opcode : 'load' 'store'> <Ports = 2> <Width = 32> <Depth = 1024> <RAM>

State 3 <SV = 2> <Delay = 2.66>
ST_3 : Operation 19 [1/1] (0.00ns)   --->   "call void (...)* @_ssdm_op_SpecBitsMap([1024 x i32]* %array_r) nounwind, !map !7"   --->   Operation 19 'specbitsmap' <Predicate = true> <Delay = 0.00>
ST_3 : Operation 20 [1/1] (0.00ns)   --->   "call void (...)* @_ssdm_op_SpecBitsMap(i32 %multiplier) nounwind, !map !13"   --->   Operation 20 'specbitsmap' <Predicate = true> <Delay = 0.00>
ST_3 : Operation 21 [1/1] (0.00ns)   --->   "call void (...)* @_ssdm_op_SpecBitsMap(i32 %offset) nounwind, !map !19"   --->   Operation 21 'specbitsmap' <Predicate = true> <Delay = 0.00>
ST_3 : Operation 22 [1/1] (0.00ns)   --->   "call void (...)* @_ssdm_op_SpecTopModule([8 x i8]* @kernel8_str) nounwind"   --->   Operation 22 'spectopmodule' <Predicate = true> <Delay = 0.00>
ST_3 : Operation 23 [1/1] (0.00ns)   --->   "%offset_read = call i32 @_ssdm_op_Read.ap_auto.i32(i32 %offset) nounwind" [kernel8.cpp:3]   --->   Operation 23 'read' 'offset_read' <Predicate = true> <Delay = 0.00>
ST_3 : Operation 24 [1/1] (0.00ns)   --->   "%multiplier_read = call i32 @_ssdm_op_Read.ap_auto.i32(i32 %multiplier) nounwind" [kernel8.cpp:3]   --->   Operation 24 'read' 'multiplier_read' <Predicate = true> <Delay = 0.00>
ST_3 : Operation 25 [1/2] (2.66ns)   --->   "%tmp_2 = load i32* %array_addr_2, align 4" [kernel8.cpp:5]   --->   Operation 25 'load' 'tmp_2' <Predicate = true> <Delay = 2.66> <Core = "RAM">   --->   Core 37 'RAM' <Latency = 1> <II = 1> <Delay = 2.66> <Storage> <Opcode : 'load' 'store'> <Ports = 2> <Width = 32> <Depth = 1024> <RAM>
ST_3 : Operation 26 [1/2] (2.66ns)   --->   "%tmp_3 = load i32* %array_addr_3, align 4" [kernel8.cpp:5]   --->   Operation 26 'load' 'tmp_3' <Predicate = true> <Delay = 2.66> <Core = "RAM">   --->   Core 37 'RAM' <Latency = 1> <II = 1> <Delay = 2.66> <Storage> <Opcode : 'load' 'store'> <Ports = 2> <Width = 32> <Depth = 1024> <RAM>
ST_3 : Operation 27 [1/1] (1.54ns)   --->   "%icmp_ln6 = icmp sgt i32 %offset_read, 2" [kernel8.cpp:6]   --->   Operation 27 'icmp' 'icmp_ln6' <Predicate = true> <Delay = 1.54> <Core = "Cmp">   --->   Core 25 'Cmp' <Latency = 0> <II = 1> <Delay = 1.54> <FuncUnit> <Opcode : 'icmp'> <InPorts = 2> <OutPorts = 1>
ST_3 : Operation 28 [1/1] (1.54ns)   --->   "%icmp_ln6_1 = icmp slt i32 %offset_read, 5" [kernel8.cpp:6]   --->   Operation 28 'icmp' 'icmp_ln6_1' <Predicate = true> <Delay = 1.54> <Core = "Cmp">   --->   Core 25 'Cmp' <Latency = 0> <II = 1> <Delay = 1.54> <FuncUnit> <Opcode : 'icmp'> <InPorts = 2> <OutPorts = 1>
ST_3 : Operation 29 [1/1] (0.61ns)   --->   "%and_ln6 = and i1 %icmp_ln6, %icmp_ln6_1" [kernel8.cpp:6]   --->   Operation 29 'and' 'and_ln6' <Predicate = true> <Delay = 0.61> <Core = "LogicGate">   --->   Core 27 'LogicGate' <Latency = 0> <II = 1> <Delay = 0.61> <FuncUnit> <Opcode : 'and' 'or' 'xor'> <InPorts = 2> <OutPorts = 1>
ST_3 : Operation 30 [1/1] (1.78ns)   --->   "%sub_ln9 = sub nsw i32 1023, %offset_read" [kernel8.cpp:9]   --->   Operation 30 'sub' 'sub_ln9' <Predicate = true> <Delay = 1.78> <Core = "AddSub">   --->   Core 14 'AddSub' <Latency = 0> <II = 1> <Delay = 1.78> <FuncUnit> <Opcode : 'add' 'sub'> <InPorts = 2> <OutPorts = 1>
ST_3 : Operation 31 [1/1] (0.00ns)   --->   "%trunc_ln12 = trunc i32 %offset_read to i2" [kernel8.cpp:12]   --->   Operation 31 'trunc' 'trunc_ln12' <Predicate = true> <Delay = 0.00>
ST_3 : Operation 32 [1/1] (0.61ns)   --->   "%xor_ln12 = xor i2 %trunc_ln12, -2" [kernel8.cpp:12]   --->   Operation 32 'xor' 'xor_ln12' <Predicate = true> <Delay = 0.61> <Core = "LogicGate">   --->   Core 27 'LogicGate' <Latency = 0> <II = 1> <Delay = 0.61> <FuncUnit> <Opcode : 'and' 'or' 'xor'> <InPorts = 2> <OutPorts = 1>
ST_3 : Operation 33 [1/1] (1.06ns)   --->   "br label %1" [kernel8.cpp:9]   --->   Operation 33 'br' <Predicate = true> <Delay = 1.06>

State 4 <SV = 3> <Delay = 6.21>
ST_4 : Operation 34 [1/1] (0.00ns)   --->   "%i_0 = phi i31 [ 6, %0 ], [ %i, %loop ]"   --->   Operation 34 'phi' 'i_0' <Predicate = true> <Delay = 0.00>
ST_4 : Operation 35 [1/1] (0.00ns)   --->   "%zext_ln9 = zext i31 %i_0 to i32" [kernel8.cpp:9]   --->   Operation 35 'zext' 'zext_ln9' <Predicate = true> <Delay = 0.00>
ST_4 : Operation 36 [1/1] (1.54ns)   --->   "%icmp_ln9 = icmp slt i32 %zext_ln9, %sub_ln9" [kernel8.cpp:9]   --->   Operation 36 'icmp' 'icmp_ln9' <Predicate = true> <Delay = 1.54> <Core = "Cmp">   --->   Core 25 'Cmp' <Latency = 0> <II = 1> <Delay = 1.54> <FuncUnit> <Opcode : 'icmp'> <InPorts = 2> <OutPorts = 1>
ST_4 : Operation 37 [1/1] (1.76ns)   --->   "%add_ln14 = add i31 %i_0, -6" [kernel8.cpp:14]   --->   Operation 37 'add' 'add_ln14' <Predicate = (icmp_ln9 & !and_ln6)> <Delay = 1.76> <Core = "AddSub">   --->   Core 14 'AddSub' <Latency = 0> <II = 1> <Delay = 1.78> <FuncUnit> <Opcode : 'add' 'sub'> <InPorts = 2> <OutPorts = 1>
ST_4 : Operation 38 [1/1] (0.00ns)   --->   "%zext_ln14 = zext i31 %add_ln14 to i32" [kernel8.cpp:14]   --->   Operation 38 'zext' 'zext_ln14' <Predicate = (icmp_ln9 & !and_ln6)> <Delay = 0.00>
ST_4 : Operation 39 [1/1] (1.78ns)   --->   "%add_ln14_1 = add i32 %zext_ln14, %offset_read" [kernel8.cpp:14]   --->   Operation 39 'add' 'add_ln14_1' <Predicate = (icmp_ln9 & !and_ln6)> <Delay = 1.78> <Core = "AddSub">   --->   Core 14 'AddSub' <Latency = 0> <II = 1> <Delay = 1.78> <FuncUnit> <Opcode : 'add' 'sub'> <InPorts = 2> <OutPorts = 1>
ST_4 : Operation 40 [1/1] (0.00ns)   --->   "%sext_ln14 = sext i32 %add_ln14_1 to i64" [kernel8.cpp:14]   --->   Operation 40 'sext' 'sext_ln14' <Predicate = (icmp_ln9 & !and_ln6)> <Delay = 0.00>
ST_4 : Operation 41 [1/1] (0.00ns)   --->   "%array_addr_4 = getelementptr [1024 x i32]* %array_r, i64 0, i64 %sext_ln14" [kernel8.cpp:14]   --->   Operation 41 'getelementptr' 'array_addr_4' <Predicate = (icmp_ln9 & !and_ln6)> <Delay = 0.00>
ST_4 : Operation 42 [2/2] (2.66ns)   --->   "%rd_val_1 = load i32* %array_addr_4, align 4" [kernel8.cpp:14]   --->   Operation 42 'load' 'rd_val_1' <Predicate = (icmp_ln9 & !and_ln6)> <Delay = 2.66> <Core = "RAM">   --->   Core 37 'RAM' <Latency = 1> <II = 1> <Delay = 2.66> <Storage> <Opcode : 'load' 'store'> <Ports = 2> <Width = 32> <Depth = 1024> <RAM>
ST_4 : Operation 43 [1/1] (1.76ns)   --->   "%i = add i31 %i_0, 1" [kernel8.cpp:9]   --->   Operation 43 'add' 'i' <Predicate = (icmp_ln9)> <Delay = 1.76> <Core = "AddSub">   --->   Core 14 'AddSub' <Latency = 0> <II = 1> <Delay = 1.78> <FuncUnit> <Opcode : 'add' 'sub'> <InPorts = 2> <OutPorts = 1>

State 5 <SV = 4> <Delay = 2.66>
ST_5 : Operation 44 [1/2] (2.66ns)   --->   "%rd_val_1 = load i32* %array_addr_4, align 4" [kernel8.cpp:14]   --->   Operation 44 'load' 'rd_val_1' <Predicate = (icmp_ln9 & !and_ln6)> <Delay = 2.66> <Core = "RAM">   --->   Core 37 'RAM' <Latency = 1> <II = 1> <Delay = 2.66> <Storage> <Opcode : 'load' 'store'> <Ports = 2> <Width = 32> <Depth = 1024> <RAM>

State 6 <SV = 5> <Delay = 8.47>
ST_6 : Operation 45 [1/1] (0.00ns)   --->   "%tmp_2_1 = phi i32 [ %tmp_3, %0 ], [ %tmp_3_1, %loop ]"   --->   Operation 45 'phi' 'tmp_2_1' <Predicate = (and_ln6)> <Delay = 0.00>
ST_6 : Operation 46 [1/1] (0.00ns)   --->   "%tmp_1_1 = phi i32 [ %tmp_2, %0 ], [ %tmp_2_1, %loop ]"   --->   Operation 46 'phi' 'tmp_1_1' <Predicate = (and_ln6)> <Delay = 0.00>
ST_6 : Operation 47 [1/1] (0.00ns)   --->   "%tmp_0_1 = phi i32 [ %tmp_1, %0 ], [ %tmp_1_1, %loop ]"   --->   Operation 47 'phi' 'tmp_0_1' <Predicate = (and_ln6)> <Delay = 0.00>
ST_6 : Operation 48 [1/1] (0.00ns)   --->   "%tmp_0_0 = phi i32 [ %tmp_0, %0 ], [ %tmp_0_1, %loop ]"   --->   Operation 48 'phi' 'tmp_0_0' <Predicate = (and_ln6)> <Delay = 0.00>
ST_6 : Operation 49 [1/1] (0.00ns)   --->   "br i1 %icmp_ln9, label %loop, label %2" [kernel8.cpp:9]   --->   Operation 49 'br' <Predicate = true> <Delay = 0.00>
ST_6 : Operation 50 [1/1] (1.26ns)   --->   "%rd_val = call i32 @_ssdm_op_Mux.ap_auto.4i32.i2(i32 %tmp_0_0, i32 %tmp_0_1, i32 %tmp_1_1, i32 %tmp_2_1, i2 %xor_ln12) nounwind" [kernel8.cpp:12]   --->   Operation 50 'mux' 'rd_val' <Predicate = (icmp_ln9 & and_ln6)> <Delay = 1.26> <Core = "MuxnS">   --->   Core 31 'MuxnS' <Latency = 0> <II = 1> <Delay = 1.26> <FuncUnit> <Opcode : 'mux'> <InPorts = 2> <OutPorts = 1>
ST_6 : Operation 51 [1/1] (0.63ns)   --->   "%rd_val_2 = select i1 %and_ln6, i32 %rd_val, i32 %rd_val_1" [kernel8.cpp:6]   --->   Operation 51 'select' 'rd_val_2' <Predicate = (icmp_ln9)> <Delay = 0.63> <Core = "Sel">   --->   Core 26 'Sel' <Latency = 0> <II = 1> <Delay = 0.63> <FuncUnit> <Opcode : 'select'> <InPorts = 3> <OutPorts = 1>
ST_6 : Operation 52 [1/1] (6.58ns)   --->   "%tmp_3_1 = mul nsw i32 %rd_val_2, %multiplier_read" [kernel8.cpp:19]   --->   Operation 52 'mul' 'tmp_3_1' <Predicate = (icmp_ln9)> <Delay = 6.58> <Core = "Mul">   --->   Core 16 'Mul' <Latency = 0> <II = 1> <Delay = 6.58> <FuncUnit> <Opcode : 'mul'> <InPorts = 2> <OutPorts = 1>

State 7 <SV = 6> <Delay = 2.66>
ST_7 : Operation 53 [1/1] (0.00ns)   --->   "call void (...)* @_ssdm_op_SpecLoopName([5 x i8]* @p_str) nounwind" [kernel8.cpp:10]   --->   Operation 53 'specloopname' <Predicate = (icmp_ln9)> <Delay = 0.00>
ST_7 : Operation 54 [1/1] (0.00ns)   --->   "%tmp = call i32 (...)* @_ssdm_op_SpecRegionBegin([5 x i8]* @p_str) nounwind" [kernel8.cpp:10]   --->   Operation 54 'specregionbegin' 'tmp' <Predicate = (icmp_ln9)> <Delay = 0.00>
ST_7 : Operation 55 [1/1] (0.00ns)   --->   "call void (...)* @_ssdm_op_SpecPipeline(i32 -1, i32 1, i32 1, i32 0, [1 x i8]* @p_str1) nounwind" [kernel8.cpp:11]   --->   Operation 55 'specpipeline' <Predicate = (icmp_ln9)> <Delay = 0.00>
ST_7 : Operation 56 [1/1] (0.00ns)   --->   "%zext_ln21 = zext i31 %i_0 to i64" [kernel8.cpp:21]   --->   Operation 56 'zext' 'zext_ln21' <Predicate = (icmp_ln9)> <Delay = 0.00>
ST_7 : Operation 57 [1/1] (0.00ns)   --->   "%array_addr_5 = getelementptr [1024 x i32]* %array_r, i64 0, i64 %zext_ln21" [kernel8.cpp:21]   --->   Operation 57 'getelementptr' 'array_addr_5' <Predicate = (icmp_ln9)> <Delay = 0.00>
ST_7 : Operation 58 [1/1] (2.66ns)   --->   "store i32 %tmp_3_1, i32* %array_addr_5, align 4" [kernel8.cpp:21]   --->   Operation 58 'store' <Predicate = (icmp_ln9)> <Delay = 2.66> <Core = "RAM">   --->   Core 37 'RAM' <Latency = 1> <II = 1> <Delay = 2.66> <Storage> <Opcode : 'load' 'store'> <Ports = 2> <Width = 32> <Depth = 1024> <RAM>
ST_7 : Operation 59 [1/1] (0.00ns)   --->   "%empty = call i32 (...)* @_ssdm_op_SpecRegionEnd([5 x i8]* @p_str, i32 %tmp) nounwind" [kernel8.cpp:22]   --->   Operation 59 'specregionend' 'empty' <Predicate = (icmp_ln9)> <Delay = 0.00>
ST_7 : Operation 60 [1/1] (0.00ns)   --->   "br label %1" [kernel8.cpp:9]   --->   Operation 60 'br' <Predicate = (icmp_ln9)> <Delay = 0.00>

State 8 <SV = 6> <Delay = 0.00>
ST_8 : Operation 61 [1/1] (0.00ns)   --->   "ret void" [kernel8.cpp:23]   --->   Operation 61 'ret' <Predicate = true> <Delay = 0.00>


============================================================
+ Verbose Summary: Timing violations
============================================================
Target clock period: 10ns, clock uncertainty: 1.25ns.

 <State 1>: 2.66ns
The critical path consists of the following:
	'getelementptr' operation ('array_addr', kernel8.cpp:5) [10]  (0 ns)
	'load' operation ('tmp[0]', kernel8.cpp:5) on array 'array_r' [11]  (2.66 ns)

 <State 2>: 2.66ns
The critical path consists of the following:
	'load' operation ('tmp[0]', kernel8.cpp:5) on array 'array_r' [11]  (2.66 ns)

 <State 3>: 2.66ns
The critical path consists of the following:
	'load' operation ('tmp[2]', kernel8.cpp:5) on array 'array_r' [15]  (2.66 ns)

 <State 4>: 6.22ns
The critical path consists of the following:
	'phi' operation ('i') with incoming values : ('i', kernel8.cpp:9) [30]  (0 ns)
	'add' operation ('add_ln14', kernel8.cpp:14) [39]  (1.77 ns)
	'add' operation ('add_ln14_1', kernel8.cpp:14) [41]  (1.78 ns)
	'getelementptr' operation ('array_addr_4', kernel8.cpp:14) [43]  (0 ns)
	'load' operation ('rd_val', kernel8.cpp:14) on array 'array_r' [44]  (2.66 ns)

 <State 5>: 2.66ns
The critical path consists of the following:
	'load' operation ('rd_val', kernel8.cpp:14) on array 'array_r' [44]  (2.66 ns)

 <State 6>: 8.47ns
The critical path consists of the following:
	'phi' operation ('tmp[3]') with incoming values : ('tmp[3]', kernel8.cpp:5) ('tmp[3]', kernel8.cpp:19) [26]  (0 ns)
	'mux' operation ('rd_val', kernel8.cpp:12) [38]  (1.26 ns)
	'select' operation ('rd_val', kernel8.cpp:6) [45]  (0.631 ns)
	'mul' operation ('tmp[3]', kernel8.cpp:19) [46]  (6.58 ns)

 <State 7>: 2.66ns
The critical path consists of the following:
	'getelementptr' operation ('array_addr_5', kernel8.cpp:21) [48]  (0 ns)
	'store' operation ('store_ln21', kernel8.cpp:21) of variable 'tmp[3]', kernel8.cpp:19 on array 'array_r' [49]  (2.66 ns)

 <State 8>: 0ns
The critical path consists of the following:


============================================================
+ Verbose Summary: Binding
============================================================
N/A
* FSMD analyzer results:
  - Output states:
 - Input state : 
  - Chain level:
	State 1
	State 2
	State 3
	State 4
	State 5
	State 6
	State 7
	State 8


============================================================
+ Verbose Summary: Datapath Resource usage 
============================================================
N/A
