

================================================================
== Vivado HLS Report for 'kernel2'
================================================================
* Date:           Sat May  8 02:03:22 2021

* Version:        2019.2 (Build 2704478 on Wed Nov 06 22:10:23 MST 2019)
* Project:        prj_kernel2
* Solution:       dependence
* Product family: kintex7
* Target device:  xc7k160t-fbg484-1


================================================================
== Performance Estimates
================================================================
+ Timing: 
    * Summary: 
    +--------+----------+----------+------------+
    |  Clock |  Target  | Estimated| Uncertainty|
    +--------+----------+----------+------------+
    |ap_clk  | 10.00 ns | 8.365 ns |   1.25 ns  |
    +--------+----------+----------+------------+

+ Latency: 
    * Summary: 
    +---------+---------+-----------+-----------+------+------+---------+
    |  Latency (cycles) |   Latency (absolute)  |   Interval  | Pipeline|
    |   min   |   max   |    min    |    max    |  min |  max |   Type  |
    +---------+---------+-----------+-----------+------+------+---------+
    |     2045|     2045| 20.450 us | 20.450 us |  2045|  2045|   none  |
    +---------+---------+-----------+-----------+------+------+---------+

    + Detail: 
        * Instance: 
        N/A

        * Loop: 
        +----------+---------+---------+----------+-----------+-----------+------+----------+
        |          |  Latency (cycles) | Iteration|  Initiation Interval  | Trip |          |
        | Loop Name|   min   |   max   |  Latency |  achieved |   target  | Count| Pipelined|
        +----------+---------+---------+----------+-----------+-----------+------+----------+
        |- loop    |     2043|     2043|         4|          2|          1|  1021|    yes   |
        +----------+---------+---------+----------+-----------+-----------+------+----------+



================================================================
== Utilization Estimates
================================================================
* Summary: 
+-----------------+---------+-------+--------+--------+-----+
|       Name      | BRAM_18K| DSP48E|   FF   |   LUT  | URAM|
+-----------------+---------+-------+--------+--------+-----+
|DSP              |        -|      -|       -|       -|    -|
|Expression       |        -|      3|       0|     181|    -|
|FIFO             |        -|      -|       -|       -|    -|
|Instance         |        -|      -|       -|       -|    -|
|Memory           |        -|      -|       -|       -|    -|
|Multiplexer      |        -|      -|       -|      84|    -|
|Register         |        -|      -|     137|       -|    -|
+-----------------+---------+-------+--------+--------+-----+
|Total            |        0|      3|     137|     265|    0|
+-----------------+---------+-------+--------+--------+-----+
|Available        |      650|    600|  202800|  101400|    0|
+-----------------+---------+-------+--------+--------+-----+
|Utilization (%)  |        0|   ~0  |   ~0   |   ~0   |    0|
+-----------------+---------+-------+--------+--------+-----+

+ Detail: 
    * Instance: 
    N/A

    * DSP48E: 
    N/A

    * Memory: 
    N/A

    * FIFO: 
    N/A

    * Expression: 
    +-----------------------------------+----------+-------+---+----+------------+------------+
    |           Variable Name           | Operation| DSP48E| FF| LUT| Bitwidth P0| Bitwidth P1|
    +-----------------------------------+----------+-------+---+----+------------+------------+
    |mul_ln7_fu_142_p2                  |     *    |      3|  0|  21|          32|          32|
    |add_ln7_1_fu_103_p2                |     +    |      0|  0|  18|          11|           3|
    |add_ln7_2_fu_114_p2                |     +    |      0|  0|  18|          11|           3|
    |add_ln7_3_fu_146_p2                |     +    |      0|  0|  39|          32|          32|
    |add_ln7_fu_125_p2                  |     +    |      0|  0|  18|          11|           2|
    |i_fu_136_p2                        |     +    |      0|  0|  18|          11|           1|
    |ap_enable_state2_pp0_iter0_stage0  |    and   |      0|  0|   6|           1|           1|
    |ap_enable_state3_pp0_iter0_stage1  |    and   |      0|  0|   6|           1|           1|
    |ap_enable_state4_pp0_iter1_stage0  |    and   |      0|  0|   6|           1|           1|
    |ap_enable_state5_pp0_iter1_stage1  |    and   |      0|  0|   6|           1|           1|
    |icmp_ln6_fu_97_p2                  |   icmp   |      0|  0|  13|          11|          12|
    |ap_block_pp0                       |    or    |      0|  0|   6|           1|           1|
    |ap_enable_pp0                      |    xor   |      0|  0|   6|           1|           2|
    +-----------------------------------+----------+-------+---+----+------------+------------+
    |Total                              |          |      3|  0| 181|         125|          92|
    +-----------------------------------+----------+-------+---+----+------------+------------+

    * Multiplexer: 
    +-----------------------------+----+-----------+-----+-----------+
    |             Name            | LUT| Input Size| Bits| Total Bits|
    +-----------------------------+----+-----------+-----+-----------+
    |ap_NS_fsm                    |  27|          5|    1|          5|
    |ap_enable_reg_pp0_iter1      |   9|          2|    1|          2|
    |ap_phi_mux_i_0_phi_fu_89_p4  |   9|          2|   11|         22|
    |array_r_address0             |  15|          3|   10|         30|
    |array_r_address1             |  15|          3|   10|         30|
    |i_0_reg_85                   |   9|          2|   11|         22|
    +-----------------------------+----+-----------+-----+-----------+
    |Total                        |  84|         17|   44|        111|
    +-----------------------------+----+-----------+-----+-----------+

    * Register: 
    +--------------------------------+----+----+-----+-----------+
    |              Name              | FF | LUT| Bits| Const Bits|
    +--------------------------------+----+----+-----+-----------+
    |add_ln7_3_reg_191               |  32|   0|   32|          0|
    |ap_CS_fsm                       |   4|   0|    4|          0|
    |ap_enable_reg_pp0_iter0         |   1|   0|    1|          0|
    |ap_enable_reg_pp0_iter1         |   1|   0|    1|          0|
    |array_load_1_reg_176            |  32|   0|   32|          0|
    |array_load_2_reg_181            |  32|   0|   32|          0|
    |i_0_reg_85                      |  11|   0|   11|          0|
    |i_0_reg_85_pp0_iter1_reg        |  11|   0|   11|          0|
    |i_reg_186                       |  11|   0|   11|          0|
    |icmp_ln6_reg_157                |   1|   0|    1|          0|
    |icmp_ln6_reg_157_pp0_iter1_reg  |   1|   0|    1|          0|
    +--------------------------------+----+----+-----+-----------+
    |Total                           | 137|   0|  137|          0|
    +--------------------------------+----+----+-----+-----------+



================================================================
== Interface
================================================================
* Summary: 
+------------------+-----+-----+------------+--------------+--------------+
|     RTL Ports    | Dir | Bits|  Protocol  | Source Object|    C Type    |
+------------------+-----+-----+------------+--------------+--------------+
|ap_clk            |  in |    1| ap_ctrl_hs |    kernel2   | return value |
|ap_rst            |  in |    1| ap_ctrl_hs |    kernel2   | return value |
|ap_start          |  in |    1| ap_ctrl_hs |    kernel2   | return value |
|ap_done           | out |    1| ap_ctrl_hs |    kernel2   | return value |
|ap_idle           | out |    1| ap_ctrl_hs |    kernel2   | return value |
|ap_ready          | out |    1| ap_ctrl_hs |    kernel2   | return value |
|array_r_address0  | out |   10|  ap_memory |    array_r   |     array    |
|array_r_ce0       | out |    1|  ap_memory |    array_r   |     array    |
|array_r_q0        |  in |   32|  ap_memory |    array_r   |     array    |
|array_r_address1  | out |   10|  ap_memory |    array_r   |     array    |
|array_r_ce1       | out |    1|  ap_memory |    array_r   |     array    |
|array_r_we1       | out |    1|  ap_memory |    array_r   |     array    |
|array_r_d1        | out |   32|  ap_memory |    array_r   |     array    |
|array_r_q1        |  in |   32|  ap_memory |    array_r   |     array    |
+------------------+-----+-----+------------+--------------+--------------+

